03 30, 2022 10:48:58 上午 cn.how2j.diytomcat.Bootstrap logJVM
INFO : Server version:		How2J DiyTomcat/1.0.1
03 30, 2022 10:48:58 上午 cn.how2j.diytomcat.Bootstrap logJVM
INFO : Server built:		2020-04-08 10:20:22
03 30, 2022 10:48:58 上午 cn.how2j.diytomcat.Bootstrap logJVM
INFO : Server number:		1.0.1
03 30, 2022 10:48:58 上午 cn.how2j.diytomcat.Bootstrap logJVM
INFO : OS Name	:		Mac OS X
03 30, 2022 10:48:58 上午 cn.how2j.diytomcat.Bootstrap logJVM
INFO : OS Version:		11.6.1
03 30, 2022 10:48:58 上午 cn.how2j.diytomcat.Bootstrap logJVM
INFO : Architecture:		aarch64
03 30, 2022 10:48:58 上午 cn.how2j.diytomcat.Bootstrap logJVM
INFO : Java Home:		/Library/Java/JavaVirtualMachines/zulu-8.jdk/Contents/Home/jre
03 30, 2022 10:48:58 上午 cn.how2j.diytomcat.Bootstrap logJVM
INFO : JVM Version:		1.8.0_312-b07
03 30, 2022 10:48:58 上午 cn.how2j.diytomcat.Bootstrap logJVM
INFO : JVM Vendor:		Oracle Corporation
03 30, 2022 11:28:35 上午 cn.how2j.diytomcat.Bootstrap logJVM
INFO : Server version:		How2J DiyTomcat/1.0.1
03 30, 2022 11:28:35 上午 cn.how2j.diytomcat.Bootstrap logJVM
INFO : Server built:		2020-04-08 10:20:22
03 30, 2022 11:28:35 上午 cn.how2j.diytomcat.Bootstrap logJVM
INFO : Server number:		1.0.1
03 30, 2022 11:28:35 上午 cn.how2j.diytomcat.Bootstrap logJVM
INFO : OS Name	:		Mac OS X
03 30, 2022 11:28:35 上午 cn.how2j.diytomcat.Bootstrap logJVM
INFO : OS Version:		11.6.1
03 30, 2022 11:28:35 上午 cn.how2j.diytomcat.Bootstrap logJVM
INFO : Architecture:		aarch64
03 30, 2022 11:28:35 上午 cn.how2j.diytomcat.Bootstrap logJVM
INFO : Java Home:		/Library/Java/JavaVirtualMachines/zulu-8.jdk/Contents/Home/jre
03 30, 2022 11:28:35 上午 cn.how2j.diytomcat.Bootstrap logJVM
INFO : JVM Version:		1.8.0_312-b07
03 30, 2022 11:28:35 上午 cn.how2j.diytomcat.Bootstrap logJVM
INFO : JVM Vendor:		Oracle Corporation
03 30, 2022 15:26:52 下午 cn.how2j.diytomcat.Bootstrap logJVM
INFO : Server version:		How2J DiyTomcat/1.0.1
03 30, 2022 15:26:52 下午 cn.how2j.diytomcat.Bootstrap logJVM
INFO : Server built:		2020-04-08 10:20:22
03 30, 2022 15:26:52 下午 cn.how2j.diytomcat.Bootstrap logJVM
INFO : Server number:		1.0.1
03 30, 2022 15:26:52 下午 cn.how2j.diytomcat.Bootstrap logJVM
INFO : OS Name	:		Mac OS X
03 30, 2022 15:26:52 下午 cn.how2j.diytomcat.Bootstrap logJVM
INFO : OS Version:		11.6.1
03 30, 2022 15:26:52 下午 cn.how2j.diytomcat.Bootstrap logJVM
INFO : Architecture:		aarch64
03 30, 2022 15:26:52 下午 cn.how2j.diytomcat.Bootstrap logJVM
INFO : Java Home:		/Library/Java/JavaVirtualMachines/zulu-8.jdk/Contents/Home/jre
03 30, 2022 15:26:52 下午 cn.how2j.diytomcat.Bootstrap logJVM
INFO : JVM Version:		1.8.0_312-b07
03 30, 2022 15:26:52 下午 cn.how2j.diytomcat.Bootstrap logJVM
INFO : JVM Vendor:		Oracle Corporation
03 30, 2022 15:26:52 下午 cn.how2j.diytomcat.catalina.Context <init>
INFO : Deploying web application directory /Users/ruthless/Downloads/大三下/diytomcat/webapps/a
03 30, 2022 15:26:52 下午 cn.how2j.diytomcat.catalina.Context <init>
INFO : Deployment of web application directory /Users/ruthless/Downloads/大三下/diytomcat/webapps/a has finished in 0 ms
03 30, 2022 15:26:52 下午 cn.how2j.diytomcat.catalina.Context <init>
INFO : Deploying web application directory /Users/ruthless/Downloads/大三下/diytomcat/webapps/ROOT
03 30, 2022 15:26:52 下午 cn.how2j.diytomcat.catalina.Context <init>
INFO : Deployment of web application directory /Users/ruthless/Downloads/大三下/diytomcat/webapps/ROOT has finished in 0 ms
