05 08, 2022 15:10:39 下午 cn.how2j.diytomcat.Bootstrap logJVM
INFO : Server version:		How2J DiyTomcat/1.0.1
05 08, 2022 15:10:39 下午 cn.how2j.diytomcat.Bootstrap logJVM
INFO : Server built:		2020-04-08 10:20:22
05 08, 2022 15:10:39 下午 cn.how2j.diytomcat.Bootstrap logJVM
INFO : Server number:		1.0.1
05 08, 2022 15:10:39 下午 cn.how2j.diytomcat.Bootstrap logJVM
INFO : OS Name	:		Mac OS X
05 08, 2022 15:10:39 下午 cn.how2j.diytomcat.Bootstrap logJVM
INFO : OS Version:		11.6.1
05 08, 2022 15:10:39 下午 cn.how2j.diytomcat.Bootstrap logJVM
INFO : Architecture:		aarch64
05 08, 2022 15:10:39 下午 cn.how2j.diytomcat.Bootstrap logJVM
INFO : Java Home:		/Library/Java/JavaVirtualMachines/zulu-8.jdk/Contents/Home/jre
05 08, 2022 15:10:39 下午 cn.how2j.diytomcat.Bootstrap logJVM
INFO : JVM Version:		1.8.0_312-b07
05 08, 2022 15:10:39 下午 cn.how2j.diytomcat.Bootstrap logJVM
INFO : JVM Vendor:		Oracle Corporation
05 08, 2022 15:10:39 下午 cn.how2j.diytomcat.catalina.Context <init>
INFO : Deploying web application directory /Users/ruthless/Downloads/大三下/diytomcat/webapps/a
05 08, 2022 15:10:39 下午 cn.how2j.diytomcat.catalina.Context <init>
INFO : Deployment of web application directory /Users/ruthless/Downloads/大三下/diytomcat/webapps/a has finished in 0 ms
05 08, 2022 15:10:39 下午 cn.how2j.diytomcat.catalina.Context <init>
INFO : Deploying web application directory /Users/ruthless/Downloads/大三下/diytomcat/webapps/ROOT
05 08, 2022 15:10:39 下午 cn.how2j.diytomcat.catalina.Context <init>
INFO : Deployment of web application directory /Users/ruthless/Downloads/大三下/diytomcat/webapps/ROOT has finished in 1 ms
05 08, 2022 15:10:39 下午 cn.how2j.diytomcat.catalina.Context <init>
INFO : Deploying web application directory /Users/ruthless/Downloads/大三下/diytomcat/b
05 08, 2022 15:10:39 下午 cn.how2j.diytomcat.catalina.Context <init>
INFO : Deployment of web application directory /Users/ruthless/Downloads/大三下/diytomcat/b has finished in 1 ms
05 08, 2022 15:12:08 下午 cn.how2j.diytomcat.Bootstrap logJVM
INFO : Server version:		How2J DiyTomcat/1.0.1
05 08, 2022 15:12:08 下午 cn.how2j.diytomcat.Bootstrap logJVM
INFO : Server built:		2020-04-08 10:20:22
05 08, 2022 15:12:08 下午 cn.how2j.diytomcat.Bootstrap logJVM
INFO : Server number:		1.0.1
05 08, 2022 15:12:08 下午 cn.how2j.diytomcat.Bootstrap logJVM
INFO : OS Name	:		Mac OS X
05 08, 2022 15:12:08 下午 cn.how2j.diytomcat.Bootstrap logJVM
INFO : OS Version:		11.6.1
05 08, 2022 15:12:08 下午 cn.how2j.diytomcat.Bootstrap logJVM
INFO : Architecture:		aarch64
05 08, 2022 15:12:08 下午 cn.how2j.diytomcat.Bootstrap logJVM
INFO : Java Home:		/Library/Java/JavaVirtualMachines/zulu-8.jdk/Contents/Home/jre
05 08, 2022 15:12:08 下午 cn.how2j.diytomcat.Bootstrap logJVM
INFO : JVM Version:		1.8.0_312-b07
05 08, 2022 15:12:08 下午 cn.how2j.diytomcat.Bootstrap logJVM
INFO : JVM Vendor:		Oracle Corporation
05 08, 2022 15:12:08 下午 cn.how2j.diytomcat.catalina.Context <init>
INFO : Deploying web application directory /Users/ruthless/Downloads/大三下/diytomcat/webapps/a
05 08, 2022 15:12:08 下午 cn.how2j.diytomcat.catalina.Context <init>
INFO : Deployment of web application directory /Users/ruthless/Downloads/大三下/diytomcat/webapps/a has finished in 1 ms
05 08, 2022 15:12:08 下午 cn.how2j.diytomcat.catalina.Context <init>
INFO : Deploying web application directory /Users/ruthless/Downloads/大三下/diytomcat/webapps/ROOT
05 08, 2022 15:12:08 下午 cn.how2j.diytomcat.catalina.Context <init>
INFO : Deployment of web application directory /Users/ruthless/Downloads/大三下/diytomcat/webapps/ROOT has finished in 0 ms
05 08, 2022 15:12:08 下午 cn.how2j.diytomcat.catalina.Context <init>
INFO : Deploying web application directory /Users/ruthless/Downloads/大三下/diytomcat/b
05 08, 2022 15:12:08 下午 cn.how2j.diytomcat.catalina.Context <init>
INFO : Deployment of web application directory /Users/ruthless/Downloads/大三下/diytomcat/b has finished in 1 ms
05 08, 2022 15:12:49 下午 cn.how2j.diytomcat.Bootstrap logJVM
INFO : Server version:		How2J DiyTomcat/1.0.1
05 08, 2022 15:12:49 下午 cn.how2j.diytomcat.Bootstrap logJVM
INFO : Server built:		2020-04-08 10:20:22
05 08, 2022 15:12:49 下午 cn.how2j.diytomcat.Bootstrap logJVM
INFO : Server number:		1.0.1
05 08, 2022 15:12:49 下午 cn.how2j.diytomcat.Bootstrap logJVM
INFO : OS Name	:		Mac OS X
05 08, 2022 15:12:49 下午 cn.how2j.diytomcat.Bootstrap logJVM
INFO : OS Version:		11.6.1
05 08, 2022 15:12:49 下午 cn.how2j.diytomcat.Bootstrap logJVM
INFO : Architecture:		aarch64
05 08, 2022 15:12:49 下午 cn.how2j.diytomcat.Bootstrap logJVM
INFO : Java Home:		/Library/Java/JavaVirtualMachines/zulu-8.jdk/Contents/Home/jre
05 08, 2022 15:12:49 下午 cn.how2j.diytomcat.Bootstrap logJVM
INFO : JVM Version:		1.8.0_312-b07
05 08, 2022 15:12:49 下午 cn.how2j.diytomcat.Bootstrap logJVM
INFO : JVM Vendor:		Oracle Corporation
05 08, 2022 15:12:49 下午 cn.how2j.diytomcat.catalina.Context <init>
INFO : Deploying web application directory /Users/ruthless/Downloads/大三下/diytomcat/webapps/a
05 08, 2022 15:12:49 下午 cn.how2j.diytomcat.catalina.Context <init>
INFO : Deployment of web application directory /Users/ruthless/Downloads/大三下/diytomcat/webapps/a has finished in 0 ms
05 08, 2022 15:12:49 下午 cn.how2j.diytomcat.catalina.Context <init>
INFO : Deploying web application directory /Users/ruthless/Downloads/大三下/diytomcat/webapps/ROOT
05 08, 2022 15:12:49 下午 cn.how2j.diytomcat.catalina.Context <init>
INFO : Deployment of web application directory /Users/ruthless/Downloads/大三下/diytomcat/webapps/ROOT has finished in 0 ms
05 08, 2022 15:12:50 下午 cn.how2j.diytomcat.catalina.Context <init>
INFO : Deploying web application directory /Users/ruthless/Downloads/大三下/diytomcat/b
05 08, 2022 15:12:50 下午 cn.how2j.diytomcat.catalina.Context <init>
INFO : Deployment of web application directory /Users/ruthless/Downloads/大三下/diytomcat/b has finished in 0 ms
05 08, 2022 15:14:18 下午 cn.how2j.diytomcat.Bootstrap logJVM
INFO : Server version:		How2J DiyTomcat/1.0.1
05 08, 2022 15:14:18 下午 cn.how2j.diytomcat.Bootstrap logJVM
INFO : Server built:		2020-04-08 10:20:22
05 08, 2022 15:14:18 下午 cn.how2j.diytomcat.Bootstrap logJVM
INFO : Server number:		1.0.1
05 08, 2022 15:14:18 下午 cn.how2j.diytomcat.Bootstrap logJVM
INFO : OS Name	:		Mac OS X
05 08, 2022 15:14:18 下午 cn.how2j.diytomcat.Bootstrap logJVM
INFO : OS Version:		11.6.1
05 08, 2022 15:14:18 下午 cn.how2j.diytomcat.Bootstrap logJVM
INFO : Architecture:		aarch64
05 08, 2022 15:14:18 下午 cn.how2j.diytomcat.Bootstrap logJVM
INFO : Java Home:		/Library/Java/JavaVirtualMachines/zulu-8.jdk/Contents/Home/jre
05 08, 2022 15:14:18 下午 cn.how2j.diytomcat.Bootstrap logJVM
INFO : JVM Version:		1.8.0_312-b07
05 08, 2022 15:14:18 下午 cn.how2j.diytomcat.Bootstrap logJVM
INFO : JVM Vendor:		Oracle Corporation
05 08, 2022 15:14:18 下午 cn.how2j.diytomcat.catalina.Context <init>
INFO : Deploying web application directory /Users/ruthless/Downloads/大三下/diytomcat/webapps/a
05 08, 2022 15:14:18 下午 cn.how2j.diytomcat.catalina.Context <init>
INFO : Deployment of web application directory /Users/ruthless/Downloads/大三下/diytomcat/webapps/a has finished in 0 ms
05 08, 2022 15:14:18 下午 cn.how2j.diytomcat.catalina.Context <init>
INFO : Deploying web application directory /Users/ruthless/Downloads/大三下/diytomcat/webapps/ROOT
05 08, 2022 15:14:18 下午 cn.how2j.diytomcat.catalina.Context <init>
INFO : Deployment of web application directory /Users/ruthless/Downloads/大三下/diytomcat/webapps/ROOT has finished in 0 ms
05 08, 2022 15:14:18 下午 cn.how2j.diytomcat.catalina.Context <init>
INFO : Deploying web application directory /Users/ruthless/Downloads/大三下/diytomcat/b
05 08, 2022 15:14:18 下午 cn.how2j.diytomcat.catalina.Context <init>
INFO : Deployment of web application directory /Users/ruthless/Downloads/大三下/diytomcat/b has finished in 0 ms
05 08, 2022 15:14:33 下午 cn.how2j.diytomcat.Bootstrap logJVM
INFO : Server version:		How2J DiyTomcat/1.0.1
05 08, 2022 15:14:33 下午 cn.how2j.diytomcat.Bootstrap logJVM
INFO : Server built:		2020-04-08 10:20:22
05 08, 2022 15:14:33 下午 cn.how2j.diytomcat.Bootstrap logJVM
INFO : Server number:		1.0.1
05 08, 2022 15:14:33 下午 cn.how2j.diytomcat.Bootstrap logJVM
INFO : OS Name	:		Mac OS X
05 08, 2022 15:14:33 下午 cn.how2j.diytomcat.Bootstrap logJVM
INFO : OS Version:		11.6.1
05 08, 2022 15:14:33 下午 cn.how2j.diytomcat.Bootstrap logJVM
INFO : Architecture:		aarch64
05 08, 2022 15:14:33 下午 cn.how2j.diytomcat.Bootstrap logJVM
INFO : Java Home:		/Library/Java/JavaVirtualMachines/zulu-8.jdk/Contents/Home/jre
05 08, 2022 15:14:33 下午 cn.how2j.diytomcat.Bootstrap logJVM
INFO : JVM Version:		1.8.0_312-b07
05 08, 2022 15:14:33 下午 cn.how2j.diytomcat.Bootstrap logJVM
INFO : JVM Vendor:		Oracle Corporation
05 08, 2022 15:14:33 下午 cn.how2j.diytomcat.catalina.Context <init>
INFO : Deploying web application directory /Users/ruthless/Downloads/大三下/diytomcat/webapps/a
05 08, 2022 15:14:33 下午 cn.how2j.diytomcat.catalina.Context <init>
INFO : Deployment of web application directory /Users/ruthless/Downloads/大三下/diytomcat/webapps/a has finished in 0 ms
05 08, 2022 15:14:33 下午 cn.how2j.diytomcat.catalina.Context <init>
INFO : Deploying web application directory /Users/ruthless/Downloads/大三下/diytomcat/webapps/ROOT
05 08, 2022 15:14:33 下午 cn.how2j.diytomcat.catalina.Context <init>
INFO : Deployment of web application directory /Users/ruthless/Downloads/大三下/diytomcat/webapps/ROOT has finished in 1 ms
05 08, 2022 15:14:33 下午 cn.how2j.diytomcat.catalina.Context <init>
INFO : Deploying web application directory /Users/ruthless/Downloads/大三下/diytomcat/b
05 08, 2022 15:14:33 下午 cn.how2j.diytomcat.catalina.Context <init>
INFO : Deployment of web application directory /Users/ruthless/Downloads/大三下/diytomcat/b has finished in 0 ms
05 08, 2022 15:14:47 下午 cn.how2j.diytomcat.Bootstrap logJVM
INFO : Server version:		How2J DiyTomcat/1.0.1
05 08, 2022 15:14:47 下午 cn.how2j.diytomcat.Bootstrap logJVM
INFO : Server built:		2020-04-08 10:20:22
05 08, 2022 15:14:47 下午 cn.how2j.diytomcat.Bootstrap logJVM
INFO : Server number:		1.0.1
05 08, 2022 15:14:47 下午 cn.how2j.diytomcat.Bootstrap logJVM
INFO : OS Name	:		Mac OS X
05 08, 2022 15:14:47 下午 cn.how2j.diytomcat.Bootstrap logJVM
INFO : OS Version:		11.6.1
05 08, 2022 15:14:47 下午 cn.how2j.diytomcat.Bootstrap logJVM
INFO : Architecture:		aarch64
05 08, 2022 15:14:47 下午 cn.how2j.diytomcat.Bootstrap logJVM
INFO : Java Home:		/Library/Java/JavaVirtualMachines/zulu-8.jdk/Contents/Home/jre
05 08, 2022 15:14:47 下午 cn.how2j.diytomcat.Bootstrap logJVM
INFO : JVM Version:		1.8.0_312-b07
05 08, 2022 15:14:47 下午 cn.how2j.diytomcat.Bootstrap logJVM
INFO : JVM Vendor:		Oracle Corporation
05 08, 2022 15:14:47 下午 cn.how2j.diytomcat.catalina.Context <init>
INFO : Deploying web application directory /Users/ruthless/Downloads/大三下/diytomcat/webapps/a
05 08, 2022 15:14:47 下午 cn.how2j.diytomcat.catalina.Context <init>
INFO : Deployment of web application directory /Users/ruthless/Downloads/大三下/diytomcat/webapps/a has finished in 0 ms
05 08, 2022 15:14:47 下午 cn.how2j.diytomcat.catalina.Context <init>
INFO : Deploying web application directory /Users/ruthless/Downloads/大三下/diytomcat/webapps/ROOT
05 08, 2022 15:14:47 下午 cn.how2j.diytomcat.catalina.Context <init>
INFO : Deployment of web application directory /Users/ruthless/Downloads/大三下/diytomcat/webapps/ROOT has finished in 0 ms
05 08, 2022 15:14:47 下午 cn.how2j.diytomcat.catalina.Context <init>
INFO : Deploying web application directory /Users/ruthless/Downloads/大三下/diytomcat/b
05 08, 2022 15:14:47 下午 cn.how2j.diytomcat.catalina.Context <init>
INFO : Deployment of web application directory /Users/ruthless/Downloads/大三下/diytomcat/b has finished in 0 ms
05 08, 2022 15:15:00 下午 cn.how2j.diytomcat.Bootstrap logJVM
INFO : Server version:		How2J DiyTomcat/1.0.1
05 08, 2022 15:15:00 下午 cn.how2j.diytomcat.Bootstrap logJVM
INFO : Server built:		2020-04-08 10:20:22
05 08, 2022 15:15:00 下午 cn.how2j.diytomcat.Bootstrap logJVM
INFO : Server number:		1.0.1
05 08, 2022 15:15:00 下午 cn.how2j.diytomcat.Bootstrap logJVM
INFO : OS Name	:		Mac OS X
05 08, 2022 15:15:00 下午 cn.how2j.diytomcat.Bootstrap logJVM
INFO : OS Version:		11.6.1
05 08, 2022 15:15:00 下午 cn.how2j.diytomcat.Bootstrap logJVM
INFO : Architecture:		aarch64
05 08, 2022 15:15:00 下午 cn.how2j.diytomcat.Bootstrap logJVM
INFO : Java Home:		/Library/Java/JavaVirtualMachines/zulu-8.jdk/Contents/Home/jre
05 08, 2022 15:15:00 下午 cn.how2j.diytomcat.Bootstrap logJVM
INFO : JVM Version:		1.8.0_312-b07
05 08, 2022 15:15:00 下午 cn.how2j.diytomcat.Bootstrap logJVM
INFO : JVM Vendor:		Oracle Corporation
05 08, 2022 15:15:00 下午 cn.how2j.diytomcat.catalina.Context <init>
INFO : Deploying web application directory /Users/ruthless/Downloads/大三下/diytomcat/webapps/a
05 08, 2022 15:15:00 下午 cn.how2j.diytomcat.catalina.Context <init>
INFO : Deployment of web application directory /Users/ruthless/Downloads/大三下/diytomcat/webapps/a has finished in 1 ms
05 08, 2022 15:15:00 下午 cn.how2j.diytomcat.catalina.Context <init>
INFO : Deploying web application directory /Users/ruthless/Downloads/大三下/diytomcat/webapps/ROOT
05 08, 2022 15:15:00 下午 cn.how2j.diytomcat.catalina.Context <init>
INFO : Deployment of web application directory /Users/ruthless/Downloads/大三下/diytomcat/webapps/ROOT has finished in 0 ms
05 08, 2022 15:15:00 下午 cn.how2j.diytomcat.catalina.Context <init>
INFO : Deploying web application directory /Users/ruthless/Downloads/大三下/diytomcat/b
05 08, 2022 15:15:00 下午 cn.how2j.diytomcat.catalina.Context <init>
INFO : Deployment of web application directory /Users/ruthless/Downloads/大三下/diytomcat/b has finished in 0 ms
05 08, 2022 20:56:16 下午 cn.how2j.diytomcat.Bootstrap logJVM
INFO : Server version:		How2J DiyTomcat/1.0.1
05 08, 2022 20:56:16 下午 cn.how2j.diytomcat.Bootstrap logJVM
INFO : Server built:		2020-04-08 10:20:22
05 08, 2022 20:56:16 下午 cn.how2j.diytomcat.Bootstrap logJVM
INFO : Server number:		1.0.1
05 08, 2022 20:56:16 下午 cn.how2j.diytomcat.Bootstrap logJVM
INFO : OS Name	:		Mac OS X
05 08, 2022 20:56:16 下午 cn.how2j.diytomcat.Bootstrap logJVM
INFO : OS Version:		11.6.1
05 08, 2022 20:56:16 下午 cn.how2j.diytomcat.Bootstrap logJVM
INFO : Architecture:		aarch64
05 08, 2022 20:56:16 下午 cn.how2j.diytomcat.Bootstrap logJVM
INFO : Java Home:		/Library/Java/JavaVirtualMachines/zulu-8.jdk/Contents/Home/jre
05 08, 2022 20:56:16 下午 cn.how2j.diytomcat.Bootstrap logJVM
INFO : JVM Version:		1.8.0_312-b07
05 08, 2022 20:56:16 下午 cn.how2j.diytomcat.Bootstrap logJVM
INFO : JVM Vendor:		Oracle Corporation
05 08, 2022 20:56:16 下午 cn.how2j.diytomcat.catalina.Context <init>
INFO : Deploying web application directory /Users/ruthless/Downloads/大三下/diytomcat/webapps/a
05 08, 2022 20:56:16 下午 cn.how2j.diytomcat.catalina.Context <init>
INFO : Deployment of web application directory /Users/ruthless/Downloads/大三下/diytomcat/webapps/a has finished in 1 ms
05 08, 2022 20:56:16 下午 cn.how2j.diytomcat.catalina.Context <init>
INFO : Deploying web application directory /Users/ruthless/Downloads/大三下/diytomcat/webapps/ROOT
05 08, 2022 20:56:16 下午 cn.how2j.diytomcat.catalina.Context <init>
INFO : Deployment of web application directory /Users/ruthless/Downloads/大三下/diytomcat/webapps/ROOT has finished in 0 ms
05 08, 2022 20:56:16 下午 cn.how2j.diytomcat.catalina.Context <init>
INFO : Deploying web application directory /Users/ruthless/Downloads/大三下/diytomcat/b
05 08, 2022 20:56:16 下午 cn.how2j.diytomcat.catalina.Context <init>
INFO : Deployment of web application directory /Users/ruthless/Downloads/大三下/diytomcat/b has finished in 0 ms
05 08, 2022 21:16:29 下午 cn.how2j.diytomcat.Bootstrap logJVM
INFO : Server version:		How2J DiyTomcat/1.0.1
05 08, 2022 21:16:29 下午 cn.how2j.diytomcat.Bootstrap logJVM
INFO : Server built:		2020-04-08 10:20:22
05 08, 2022 21:16:29 下午 cn.how2j.diytomcat.Bootstrap logJVM
INFO : Server number:		1.0.1
05 08, 2022 21:16:29 下午 cn.how2j.diytomcat.Bootstrap logJVM
INFO : OS Name	:		Mac OS X
05 08, 2022 21:16:29 下午 cn.how2j.diytomcat.Bootstrap logJVM
INFO : OS Version:		11.6.1
05 08, 2022 21:16:29 下午 cn.how2j.diytomcat.Bootstrap logJVM
INFO : Architecture:		aarch64
05 08, 2022 21:16:29 下午 cn.how2j.diytomcat.Bootstrap logJVM
INFO : Java Home:		/Library/Java/JavaVirtualMachines/zulu-8.jdk/Contents/Home/jre
05 08, 2022 21:16:29 下午 cn.how2j.diytomcat.Bootstrap logJVM
INFO : JVM Version:		1.8.0_312-b07
05 08, 2022 21:16:29 下午 cn.how2j.diytomcat.Bootstrap logJVM
INFO : JVM Vendor:		Oracle Corporation
05 08, 2022 21:16:29 下午 cn.how2j.diytomcat.catalina.Context <init>
INFO : Deploying web application directory /Users/ruthless/Downloads/大三下/diytomcat/webapps/a
05 08, 2022 21:16:29 下午 cn.how2j.diytomcat.catalina.Context <init>
INFO : Deployment of web application directory /Users/ruthless/Downloads/大三下/diytomcat/webapps/a has finished in 0 ms
05 08, 2022 21:16:29 下午 cn.how2j.diytomcat.catalina.Context <init>
INFO : Deploying web application directory /Users/ruthless/Downloads/大三下/diytomcat/webapps/ROOT
05 08, 2022 21:16:29 下午 cn.how2j.diytomcat.catalina.Context <init>
INFO : Deployment of web application directory /Users/ruthless/Downloads/大三下/diytomcat/webapps/ROOT has finished in 0 ms
05 08, 2022 21:16:30 下午 cn.how2j.diytomcat.catalina.Context <init>
INFO : Deploying web application directory /Users/ruthless/Downloads/大三下/diytomcat/b
05 08, 2022 21:16:30 下午 cn.how2j.diytomcat.catalina.Context <init>
INFO : Deployment of web application directory /Users/ruthless/Downloads/大三下/diytomcat/b has finished in 0 ms
05 08, 2022 21:16:43 下午 cn.how2j.diytomcat.Bootstrap logJVM
INFO : Server version:		How2J DiyTomcat/1.0.1
05 08, 2022 21:16:43 下午 cn.how2j.diytomcat.Bootstrap logJVM
INFO : Server built:		2020-04-08 10:20:22
05 08, 2022 21:16:43 下午 cn.how2j.diytomcat.Bootstrap logJVM
INFO : Server number:		1.0.1
05 08, 2022 21:16:43 下午 cn.how2j.diytomcat.Bootstrap logJVM
INFO : OS Name	:		Mac OS X
05 08, 2022 21:16:43 下午 cn.how2j.diytomcat.Bootstrap logJVM
INFO : OS Version:		11.6.1
05 08, 2022 21:16:43 下午 cn.how2j.diytomcat.Bootstrap logJVM
INFO : Architecture:		aarch64
05 08, 2022 21:16:43 下午 cn.how2j.diytomcat.Bootstrap logJVM
INFO : Java Home:		/Library/Java/JavaVirtualMachines/zulu-8.jdk/Contents/Home/jre
05 08, 2022 21:16:43 下午 cn.how2j.diytomcat.Bootstrap logJVM
INFO : JVM Version:		1.8.0_312-b07
05 08, 2022 21:16:43 下午 cn.how2j.diytomcat.Bootstrap logJVM
INFO : JVM Vendor:		Oracle Corporation
05 08, 2022 21:16:43 下午 cn.how2j.diytomcat.catalina.Context <init>
INFO : Deploying web application directory /Users/ruthless/Downloads/大三下/diytomcat/webapps/a
05 08, 2022 21:16:43 下午 cn.how2j.diytomcat.catalina.Context <init>
INFO : Deployment of web application directory /Users/ruthless/Downloads/大三下/diytomcat/webapps/a has finished in 1 ms
05 08, 2022 21:16:43 下午 cn.how2j.diytomcat.catalina.Context <init>
INFO : Deploying web application directory /Users/ruthless/Downloads/大三下/diytomcat/webapps/ROOT
05 08, 2022 21:16:43 下午 cn.how2j.diytomcat.catalina.Context <init>
INFO : Deployment of web application directory /Users/ruthless/Downloads/大三下/diytomcat/webapps/ROOT has finished in 0 ms
05 08, 2022 21:16:43 下午 cn.how2j.diytomcat.catalina.Context <init>
INFO : Deploying web application directory /Users/ruthless/Downloads/大三下/diytomcat/b
05 08, 2022 21:16:43 下午 cn.how2j.diytomcat.catalina.Context <init>
INFO : Deployment of web application directory /Users/ruthless/Downloads/大三下/diytomcat/b has finished in 0 ms
05 08, 2022 21:17:24 下午 cn.how2j.diytomcat.Bootstrap logJVM
INFO : Server version:		How2J DiyTomcat/1.0.1
05 08, 2022 21:17:25 下午 cn.how2j.diytomcat.Bootstrap logJVM
INFO : Server built:		2020-04-08 10:20:22
05 08, 2022 21:17:25 下午 cn.how2j.diytomcat.Bootstrap logJVM
INFO : Server number:		1.0.1
05 08, 2022 21:17:25 下午 cn.how2j.diytomcat.Bootstrap logJVM
INFO : OS Name	:		Mac OS X
05 08, 2022 21:17:25 下午 cn.how2j.diytomcat.Bootstrap logJVM
INFO : OS Version:		11.6.1
05 08, 2022 21:17:25 下午 cn.how2j.diytomcat.Bootstrap logJVM
INFO : Architecture:		aarch64
05 08, 2022 21:17:25 下午 cn.how2j.diytomcat.Bootstrap logJVM
INFO : Java Home:		/Library/Java/JavaVirtualMachines/zulu-8.jdk/Contents/Home/jre
05 08, 2022 21:17:25 下午 cn.how2j.diytomcat.Bootstrap logJVM
INFO : JVM Version:		1.8.0_312-b07
05 08, 2022 21:17:25 下午 cn.how2j.diytomcat.Bootstrap logJVM
INFO : JVM Vendor:		Oracle Corporation
05 08, 2022 21:17:25 下午 cn.how2j.diytomcat.catalina.Context <init>
INFO : Deploying web application directory /Users/ruthless/Downloads/大三下/diytomcat/webapps/a
05 08, 2022 21:17:25 下午 cn.how2j.diytomcat.catalina.Context <init>
INFO : Deployment of web application directory /Users/ruthless/Downloads/大三下/diytomcat/webapps/a has finished in 0 ms
05 08, 2022 21:17:25 下午 cn.how2j.diytomcat.catalina.Context <init>
INFO : Deploying web application directory /Users/ruthless/Downloads/大三下/diytomcat/webapps/ROOT
05 08, 2022 21:17:25 下午 cn.how2j.diytomcat.catalina.Context <init>
INFO : Deployment of web application directory /Users/ruthless/Downloads/大三下/diytomcat/webapps/ROOT has finished in 0 ms
05 08, 2022 21:17:25 下午 cn.how2j.diytomcat.catalina.Context <init>
INFO : Deploying web application directory /Users/ruthless/Downloads/大三下/diytomcat/b
05 08, 2022 21:17:25 下午 cn.how2j.diytomcat.catalina.Context <init>
INFO : Deployment of web application directory /Users/ruthless/Downloads/大三下/diytomcat/b has finished in 0 ms
05 08, 2022 21:31:51 下午 cn.how2j.diytomcat.Bootstrap logJVM
INFO : Server version:		How2J DiyTomcat/1.0.1
05 08, 2022 21:31:51 下午 cn.how2j.diytomcat.Bootstrap logJVM
INFO : Server built:		2020-04-08 10:20:22
05 08, 2022 21:31:51 下午 cn.how2j.diytomcat.Bootstrap logJVM
INFO : Server number:		1.0.1
05 08, 2022 21:31:51 下午 cn.how2j.diytomcat.Bootstrap logJVM
INFO : OS Name	:		Mac OS X
05 08, 2022 21:31:51 下午 cn.how2j.diytomcat.Bootstrap logJVM
INFO : OS Version:		11.6.1
05 08, 2022 21:31:51 下午 cn.how2j.diytomcat.Bootstrap logJVM
INFO : Architecture:		aarch64
05 08, 2022 21:31:51 下午 cn.how2j.diytomcat.Bootstrap logJVM
INFO : Java Home:		/Library/Java/JavaVirtualMachines/zulu-8.jdk/Contents/Home/jre
05 08, 2022 21:31:51 下午 cn.how2j.diytomcat.Bootstrap logJVM
INFO : JVM Version:		1.8.0_312-b07
05 08, 2022 21:31:51 下午 cn.how2j.diytomcat.Bootstrap logJVM
INFO : JVM Vendor:		Oracle Corporation
05 08, 2022 21:31:51 下午 cn.how2j.diytomcat.catalina.Context <init>
INFO : Deploying web application directory /Users/ruthless/Downloads/大三下/diytomcat/webapps/a
05 08, 2022 21:31:51 下午 cn.how2j.diytomcat.catalina.Context <init>
INFO : Deployment of web application directory /Users/ruthless/Downloads/大三下/diytomcat/webapps/a has finished in 0 ms
05 08, 2022 21:31:51 下午 cn.how2j.diytomcat.catalina.Context <init>
INFO : Deploying web application directory /Users/ruthless/Downloads/大三下/diytomcat/webapps/ROOT
05 08, 2022 21:31:51 下午 cn.how2j.diytomcat.catalina.Context <init>
INFO : Deployment of web application directory /Users/ruthless/Downloads/大三下/diytomcat/webapps/ROOT has finished in 1 ms
05 08, 2022 21:31:51 下午 cn.how2j.diytomcat.catalina.Context <init>
INFO : Deploying web application directory /Users/ruthless/Downloads/大三下/diytomcat/b
05 08, 2022 21:31:51 下午 cn.how2j.diytomcat.catalina.Context <init>
INFO : Deployment of web application directory /Users/ruthless/Downloads/大三下/diytomcat/b has finished in 0 ms
