05 13, 2022 10:46:51 上午 cn.how2j.diytomcat.catalina.Context <init>
INFO : Deploying web application directory /Users/ruthless/Downloads/大三下/diytomcat/webapps/j2ee
05 13, 2022 10:46:52 上午 cn.how2j.diytomcat.catalina.Context <init>
INFO : Deployment of web application directory /Users/ruthless/Downloads/大三下/diytomcat/webapps/j2ee has finished in 87 ms
05 13, 2022 10:46:52 上午 cn.how2j.diytomcat.catalina.Context <init>
INFO : Deploying web application directory /Users/ruthless/Downloads/大三下/diytomcat/webapps/a
05 13, 2022 10:46:52 上午 cn.how2j.diytomcat.catalina.Context <init>
INFO : Deployment of web application directory /Users/ruthless/Downloads/大三下/diytomcat/webapps/a has finished in 1 ms
05 13, 2022 10:46:52 上午 cn.how2j.diytomcat.catalina.Context <init>
INFO : Deploying web application directory /Users/ruthless/Downloads/大三下/diytomcat/webapps/ROOT
05 13, 2022 10:46:52 上午 cn.how2j.diytomcat.catalina.Context <init>
INFO : Deployment of web application directory /Users/ruthless/Downloads/大三下/diytomcat/webapps/ROOT has finished in 0 ms
05 13, 2022 10:46:52 上午 cn.how2j.diytomcat.catalina.Context <init>
INFO : Deploying web application directory /Users/ruthless/Downloads/大三下/diytomcat/b
05 13, 2022 10:46:52 上午 cn.how2j.diytomcat.catalina.Context <init>
INFO : Deployment of web application directory /Users/ruthless/Downloads/大三下/diytomcat/b has finished in 1 ms
05 13, 2022 10:46:52 上午 cn.how2j.diytomcat.catalina.Context <init>
INFO : Deploying web application directory /Users/ruthless/Downloads/大三下/javaweb/web
05 13, 2022 10:48:57 上午 cn.how2j.diytomcat.catalina.Context <init>
INFO : Deploying web application directory /Users/ruthless/Downloads/大三下/diytomcat/webapps/j2ee
05 13, 2022 10:48:57 上午 cn.how2j.diytomcat.catalina.Context <init>
INFO : Deployment of web application directory /Users/ruthless/Downloads/大三下/diytomcat/webapps/j2ee has finished in 69 ms
05 13, 2022 10:48:57 上午 cn.how2j.diytomcat.catalina.Context <init>
INFO : Deploying web application directory /Users/ruthless/Downloads/大三下/diytomcat/webapps/a
05 13, 2022 10:48:57 上午 cn.how2j.diytomcat.catalina.Context <init>
INFO : Deployment of web application directory /Users/ruthless/Downloads/大三下/diytomcat/webapps/a has finished in 1 ms
05 13, 2022 10:48:57 上午 cn.how2j.diytomcat.catalina.Context <init>
INFO : Deploying web application directory /Users/ruthless/Downloads/大三下/diytomcat/webapps/ROOT
05 13, 2022 10:48:57 上午 cn.how2j.diytomcat.catalina.Context <init>
INFO : Deployment of web application directory /Users/ruthless/Downloads/大三下/diytomcat/webapps/ROOT has finished in 1 ms
05 13, 2022 10:48:57 上午 cn.how2j.diytomcat.catalina.Context <init>
INFO : Deploying web application directory /Users/ruthless/Downloads/大三下/diytomcat/b
05 13, 2022 10:48:57 上午 cn.how2j.diytomcat.catalina.Context <init>
INFO : Deployment of web application directory /Users/ruthless/Downloads/大三下/diytomcat/b has finished in 1 ms
05 13, 2022 10:48:57 上午 cn.how2j.diytomcat.catalina.Context <init>
INFO : Deploying web application directory /Users/ruthless/Downloads/大三下/javaweb/web
05 13, 2022 10:48:57 上午 cn.how2j.diytomcat.catalina.Context <init>
INFO : Deployment of web application directory /Users/ruthless/Downloads/大三下/javaweb/web has finished in 13 ms
05 13, 2022 10:48:57 上午 cn.how2j.diytomcat.catalina.Server logJVM
INFO : Server version:		How2J DiyTomcat/1.0.1
05 13, 2022 10:48:57 上午 cn.how2j.diytomcat.catalina.Server logJVM
INFO : Server built:		2020-04-08 10:20:22
05 13, 2022 10:48:57 上午 cn.how2j.diytomcat.catalina.Server logJVM
INFO : Server number:		1.0.1
05 13, 2022 10:48:57 上午 cn.how2j.diytomcat.catalina.Server logJVM
INFO : OS Name	:		Mac OS X
05 13, 2022 10:48:57 上午 cn.how2j.diytomcat.catalina.Server logJVM
INFO : OS Version:		11.6.1
05 13, 2022 10:48:57 上午 cn.how2j.diytomcat.catalina.Server logJVM
INFO : Architecture:		aarch64
05 13, 2022 10:48:57 上午 cn.how2j.diytomcat.catalina.Server logJVM
INFO : Java Home:		/Library/Java/JavaVirtualMachines/zulu-8.jdk/Contents/Home/jre
05 13, 2022 10:48:57 上午 cn.how2j.diytomcat.catalina.Server logJVM
INFO : JVM Version:		1.8.0_312-b07
05 13, 2022 10:48:57 上午 cn.how2j.diytomcat.catalina.Server logJVM
INFO : JVM Vendor:		Oracle Corporation
05 13, 2022 10:48:57 上午 cn.how2j.diytomcat.catalina.Connector init
INFO : Initializing ProtocolHandler [http-bio-18080]
05 13, 2022 10:48:57 上午 cn.how2j.diytomcat.catalina.Connector init
INFO : Initializing ProtocolHandler [http-bio-18081]
05 13, 2022 10:48:57 上午 cn.how2j.diytomcat.catalina.Connector init
INFO : Initializing ProtocolHandler [http-bio-18082]
05 13, 2022 10:48:57 上午 cn.how2j.diytomcat.catalina.Service init
INFO : Initialization processed in 1 ms
05 13, 2022 10:48:57 上午 cn.how2j.diytomcat.catalina.Connector start
INFO : Starting ProtocolHandler [http-bio-18080]
05 13, 2022 10:48:57 上午 cn.how2j.diytomcat.catalina.Connector start
INFO : Starting ProtocolHandler [http-bio-18081]
05 13, 2022 10:48:57 上午 cn.how2j.diytomcat.catalina.Connector start
INFO : Starting ProtocolHandler [http-bio-18082]
05 13, 2022 10:48:57 上午 cn.how2j.diytomcat.catalina.Server start
INFO : Server startup in 5 ms
05 13, 2022 10:49:05 上午 cn.how2j.diytomcat.catalina.HttpProcessor error
ERROR: this is a deliberately created exception
java.lang.RuntimeException: this is a deliberately created exception
	at cn.how2j.diytomcat.servlets.DefaultServlet.service(DefaultServlet.java:44)
	at cn.how2j.diytomcat.catalina.HttpProcessor.execute(HttpProcessor.java:70)
	at cn.how2j.diytomcat.catalina.Connector$1.run(Connector.java:76)
	at java.util.concurrent.ThreadPoolExecutor.runWorker(ThreadPoolExecutor.java:1149)
	at java.util.concurrent.ThreadPoolExecutor$Worker.run(ThreadPoolExecutor.java:624)
	at java.lang.Thread.run(Thread.java:748)
05 13, 2022 10:56:08 上午 cn.how2j.diytomcat.catalina.Context <init>
INFO : Deploying web application directory /Users/ruthless/Downloads/大三下/diytomcat/webapps/j2ee
05 13, 2022 10:56:08 上午 cn.how2j.diytomcat.catalina.Context <init>
INFO : Deployment of web application directory /Users/ruthless/Downloads/大三下/diytomcat/webapps/j2ee has finished in 64 ms
05 13, 2022 10:56:08 上午 cn.how2j.diytomcat.catalina.Context <init>
INFO : Deploying web application directory /Users/ruthless/Downloads/大三下/diytomcat/webapps/a
05 13, 2022 10:56:08 上午 cn.how2j.diytomcat.catalina.Context <init>
INFO : Deployment of web application directory /Users/ruthless/Downloads/大三下/diytomcat/webapps/a has finished in 0 ms
05 13, 2022 10:56:08 上午 cn.how2j.diytomcat.catalina.Context <init>
INFO : Deploying web application directory /Users/ruthless/Downloads/大三下/diytomcat/webapps/ROOT
05 13, 2022 10:56:08 上午 cn.how2j.diytomcat.catalina.Context <init>
INFO : Deployment of web application directory /Users/ruthless/Downloads/大三下/diytomcat/webapps/ROOT has finished in 1 ms
05 13, 2022 10:56:08 上午 cn.how2j.diytomcat.catalina.Context <init>
INFO : Deploying web application directory /Users/ruthless/Downloads/大三下/diytomcat/b
05 13, 2022 10:56:08 上午 cn.how2j.diytomcat.catalina.Context <init>
INFO : Deployment of web application directory /Users/ruthless/Downloads/大三下/diytomcat/b has finished in 2 ms
05 13, 2022 10:56:08 上午 cn.how2j.diytomcat.catalina.Context <init>
INFO : Deploying web application directory /Users/ruthless/Downloads/大三下/javaweb/web
05 13, 2022 10:56:08 上午 cn.how2j.diytomcat.catalina.Context <init>
INFO : Deployment of web application directory /Users/ruthless/Downloads/大三下/javaweb/web has finished in 12 ms
05 13, 2022 10:56:08 上午 cn.how2j.diytomcat.catalina.Server logJVM
INFO : Server version:		How2J DiyTomcat/1.0.1
05 13, 2022 10:56:08 上午 cn.how2j.diytomcat.catalina.Server logJVM
INFO : Server built:		2020-04-08 10:20:22
05 13, 2022 10:56:08 上午 cn.how2j.diytomcat.catalina.Server logJVM
INFO : Server number:		1.0.1
05 13, 2022 10:56:08 上午 cn.how2j.diytomcat.catalina.Server logJVM
INFO : OS Name	:		Mac OS X
05 13, 2022 10:56:08 上午 cn.how2j.diytomcat.catalina.Server logJVM
INFO : OS Version:		11.6.1
05 13, 2022 10:56:08 上午 cn.how2j.diytomcat.catalina.Server logJVM
INFO : Architecture:		aarch64
05 13, 2022 10:56:08 上午 cn.how2j.diytomcat.catalina.Server logJVM
INFO : Java Home:		/Library/Java/JavaVirtualMachines/zulu-8.jdk/Contents/Home/jre
05 13, 2022 10:56:08 上午 cn.how2j.diytomcat.catalina.Server logJVM
INFO : JVM Version:		1.8.0_312-b07
05 13, 2022 10:56:08 上午 cn.how2j.diytomcat.catalina.Server logJVM
INFO : JVM Vendor:		Oracle Corporation
05 13, 2022 10:56:08 上午 cn.how2j.diytomcat.catalina.Connector init
INFO : Initializing ProtocolHandler [http-bio-18080]
05 13, 2022 10:56:08 上午 cn.how2j.diytomcat.catalina.Connector init
INFO : Initializing ProtocolHandler [http-bio-18081]
05 13, 2022 10:56:08 上午 cn.how2j.diytomcat.catalina.Connector init
INFO : Initializing ProtocolHandler [http-bio-18082]
05 13, 2022 10:56:08 上午 cn.how2j.diytomcat.catalina.Service init
INFO : Initialization processed in 0 ms
05 13, 2022 10:56:08 上午 cn.how2j.diytomcat.catalina.Connector start
INFO : Starting ProtocolHandler [http-bio-18080]
05 13, 2022 10:56:08 上午 cn.how2j.diytomcat.catalina.Connector start
INFO : Starting ProtocolHandler [http-bio-18081]
05 13, 2022 10:56:08 上午 cn.how2j.diytomcat.catalina.Connector start
INFO : Starting ProtocolHandler [http-bio-18082]
05 13, 2022 10:56:08 上午 cn.how2j.diytomcat.catalina.Server start
INFO : Server startup in 2 ms
05 13, 2022 10:56:12 上午 cn.how2j.diytomcat.catalina.HttpProcessor error
ERROR: this is a deliberately created exception
java.lang.RuntimeException: this is a deliberately created exception
	at cn.how2j.diytomcat.servlets.DefaultServlet.service(DefaultServlet.java:44)
	at cn.how2j.diytomcat.catalina.HttpProcessor.execute(HttpProcessor.java:70)
	at cn.how2j.diytomcat.catalina.Connector$1.run(Connector.java:76)
	at java.util.concurrent.ThreadPoolExecutor.runWorker(ThreadPoolExecutor.java:1149)
	at java.util.concurrent.ThreadPoolExecutor$Worker.run(ThreadPoolExecutor.java:624)
	at java.lang.Thread.run(Thread.java:748)
05 13, 2022 11:23:45 上午 cn.how2j.diytomcat.catalina.Context <init>
INFO : Deploying web application directory /Users/ruthless/Downloads/大三下/diytomcat/webapps/j2ee
05 13, 2022 11:23:45 上午 cn.how2j.diytomcat.catalina.Context <init>
INFO : Deployment of web application directory /Users/ruthless/Downloads/大三下/diytomcat/webapps/j2ee has finished in 62 ms
05 13, 2022 11:23:45 上午 cn.how2j.diytomcat.catalina.Context <init>
INFO : Deploying web application directory /Users/ruthless/Downloads/大三下/diytomcat/webapps/a
05 13, 2022 11:23:45 上午 cn.how2j.diytomcat.catalina.Context <init>
INFO : Deployment of web application directory /Users/ruthless/Downloads/大三下/diytomcat/webapps/a has finished in 0 ms
05 13, 2022 11:23:45 上午 cn.how2j.diytomcat.catalina.Context <init>
INFO : Deploying web application directory /Users/ruthless/Downloads/大三下/diytomcat/webapps/ROOT
05 13, 2022 11:23:45 上午 cn.how2j.diytomcat.catalina.Context <init>
INFO : Deployment of web application directory /Users/ruthless/Downloads/大三下/diytomcat/webapps/ROOT has finished in 1 ms
05 13, 2022 11:23:45 上午 cn.how2j.diytomcat.catalina.Context <init>
INFO : Deploying web application directory /Users/ruthless/Downloads/大三下/diytomcat/b
05 13, 2022 11:23:45 上午 cn.how2j.diytomcat.catalina.Context <init>
INFO : Deployment of web application directory /Users/ruthless/Downloads/大三下/diytomcat/b has finished in 0 ms
05 13, 2022 11:23:45 上午 cn.how2j.diytomcat.catalina.Context <init>
INFO : Deploying web application directory /Users/ruthless/Downloads/大三下/javaweb/web
05 13, 2022 11:23:45 上午 cn.how2j.diytomcat.catalina.Context <init>
INFO : Deployment of web application directory /Users/ruthless/Downloads/大三下/javaweb/web has finished in 14 ms
05 13, 2022 11:23:45 上午 cn.how2j.diytomcat.catalina.Server logJVM
INFO : Server version:		How2J DiyTomcat/1.0.1
05 13, 2022 11:23:45 上午 cn.how2j.diytomcat.catalina.Server logJVM
INFO : Server built:		2020-04-08 10:20:22
05 13, 2022 11:23:45 上午 cn.how2j.diytomcat.catalina.Server logJVM
INFO : Server number:		1.0.1
05 13, 2022 11:23:45 上午 cn.how2j.diytomcat.catalina.Server logJVM
INFO : OS Name	:		Mac OS X
05 13, 2022 11:23:45 上午 cn.how2j.diytomcat.catalina.Server logJVM
INFO : OS Version:		11.6.1
05 13, 2022 11:23:45 上午 cn.how2j.diytomcat.catalina.Server logJVM
INFO : Architecture:		aarch64
05 13, 2022 11:23:45 上午 cn.how2j.diytomcat.catalina.Server logJVM
INFO : Java Home:		/Library/Java/JavaVirtualMachines/zulu-8.jdk/Contents/Home/jre
05 13, 2022 11:23:45 上午 cn.how2j.diytomcat.catalina.Server logJVM
INFO : JVM Version:		1.8.0_312-b07
05 13, 2022 11:23:45 上午 cn.how2j.diytomcat.catalina.Server logJVM
INFO : JVM Vendor:		Oracle Corporation
05 13, 2022 11:23:45 上午 cn.how2j.diytomcat.catalina.Connector init
INFO : Initializing ProtocolHandler [http-bio-18080]
05 13, 2022 11:23:45 上午 cn.how2j.diytomcat.catalina.Connector init
INFO : Initializing ProtocolHandler [http-bio-18081]
05 13, 2022 11:23:45 上午 cn.how2j.diytomcat.catalina.Connector init
INFO : Initializing ProtocolHandler [http-bio-18082]
05 13, 2022 11:23:45 上午 cn.how2j.diytomcat.catalina.Service init
INFO : Initialization processed in 1 ms
05 13, 2022 11:23:45 上午 cn.how2j.diytomcat.catalina.Connector start
INFO : Starting ProtocolHandler [http-bio-18080]
05 13, 2022 11:23:45 上午 cn.how2j.diytomcat.catalina.Connector start
INFO : Starting ProtocolHandler [http-bio-18081]
05 13, 2022 11:23:45 上午 cn.how2j.diytomcat.catalina.Connector start
INFO : Starting ProtocolHandler [http-bio-18082]
05 13, 2022 11:23:45 上午 cn.how2j.diytomcat.catalina.Server start
INFO : Server startup in 6 ms
05 13, 2022 11:23:51 上午 cn.how2j.diytomcat.catalina.HttpProcessor error
ERROR: this is a deliberately created exception
java.lang.RuntimeException: this is a deliberately created exception
	at cn.how2j.diytomcat.servlets.DefaultServlet.service(DefaultServlet.java:44)
	at javax.servlet.http.HttpServlet.service(HttpServlet.java:731)
	at cn.how2j.diytomcat.catalina.ApplicationFilterChain.doFilter(ApplicationFilterChain.java:33)
	at cn.how2j.diytomcat.catalina.HttpProcessor.execute(HttpProcessor.java:78)
	at cn.how2j.diytomcat.catalina.Connector$1.run(Connector.java:76)
	at java.util.concurrent.ThreadPoolExecutor.runWorker(ThreadPoolExecutor.java:1149)
	at java.util.concurrent.ThreadPoolExecutor$Worker.run(ThreadPoolExecutor.java:624)
	at java.lang.Thread.run(Thread.java:748)
05 13, 2022 11:24:46 上午 cn.how2j.diytomcat.catalina.Context <init>
INFO : Deploying web application directory /Users/ruthless/Downloads/大三下/diytomcat/webapps/j2ee
05 13, 2022 11:24:46 上午 cn.how2j.diytomcat.catalina.Context <init>
INFO : Deployment of web application directory /Users/ruthless/Downloads/大三下/diytomcat/webapps/j2ee has finished in 75 ms
05 13, 2022 11:24:46 上午 cn.how2j.diytomcat.catalina.Context <init>
INFO : Deploying web application directory /Users/ruthless/Downloads/大三下/diytomcat/webapps/a
05 13, 2022 11:24:46 上午 cn.how2j.diytomcat.catalina.Context <init>
INFO : Deployment of web application directory /Users/ruthless/Downloads/大三下/diytomcat/webapps/a has finished in 1 ms
05 13, 2022 11:24:46 上午 cn.how2j.diytomcat.catalina.Context <init>
INFO : Deploying web application directory /Users/ruthless/Downloads/大三下/diytomcat/webapps/ROOT
05 13, 2022 11:24:46 上午 cn.how2j.diytomcat.catalina.Context <init>
INFO : Deployment of web application directory /Users/ruthless/Downloads/大三下/diytomcat/webapps/ROOT has finished in 1 ms
05 13, 2022 11:24:46 上午 cn.how2j.diytomcat.catalina.Context <init>
INFO : Deploying web application directory /Users/ruthless/Downloads/大三下/diytomcat/b
05 13, 2022 11:24:46 上午 cn.how2j.diytomcat.catalina.Context <init>
INFO : Deployment of web application directory /Users/ruthless/Downloads/大三下/diytomcat/b has finished in 1 ms
05 13, 2022 11:24:46 上午 cn.how2j.diytomcat.catalina.Context <init>
INFO : Deploying web application directory /Users/ruthless/Downloads/大三下/javaweb/web
05 13, 2022 11:24:46 上午 cn.how2j.diytomcat.catalina.Context <init>
INFO : Deployment of web application directory /Users/ruthless/Downloads/大三下/javaweb/web has finished in 16 ms
05 13, 2022 11:24:46 上午 cn.how2j.diytomcat.catalina.Server logJVM
INFO : Server version:		How2J DiyTomcat/1.0.1
05 13, 2022 11:24:46 上午 cn.how2j.diytomcat.catalina.Server logJVM
INFO : Server built:		2020-04-08 10:20:22
05 13, 2022 11:24:46 上午 cn.how2j.diytomcat.catalina.Server logJVM
INFO : Server number:		1.0.1
05 13, 2022 11:24:46 上午 cn.how2j.diytomcat.catalina.Server logJVM
INFO : OS Name	:		Mac OS X
05 13, 2022 11:24:46 上午 cn.how2j.diytomcat.catalina.Server logJVM
INFO : OS Version:		11.6.1
05 13, 2022 11:24:46 上午 cn.how2j.diytomcat.catalina.Server logJVM
INFO : Architecture:		aarch64
05 13, 2022 11:24:46 上午 cn.how2j.diytomcat.catalina.Server logJVM
INFO : Java Home:		/Library/Java/JavaVirtualMachines/zulu-8.jdk/Contents/Home/jre
05 13, 2022 11:24:46 上午 cn.how2j.diytomcat.catalina.Server logJVM
INFO : JVM Version:		1.8.0_312-b07
05 13, 2022 11:24:46 上午 cn.how2j.diytomcat.catalina.Server logJVM
INFO : JVM Vendor:		Oracle Corporation
05 13, 2022 11:24:46 上午 cn.how2j.diytomcat.catalina.Connector init
INFO : Initializing ProtocolHandler [http-bio-18080]
05 13, 2022 11:24:46 上午 cn.how2j.diytomcat.catalina.Connector init
INFO : Initializing ProtocolHandler [http-bio-18081]
05 13, 2022 11:24:46 上午 cn.how2j.diytomcat.catalina.Connector init
INFO : Initializing ProtocolHandler [http-bio-18082]
05 13, 2022 11:24:46 上午 cn.how2j.diytomcat.catalina.Service init
INFO : Initialization processed in 0 ms
05 13, 2022 11:24:46 上午 cn.how2j.diytomcat.catalina.Connector start
INFO : Starting ProtocolHandler [http-bio-18080]
05 13, 2022 11:24:46 上午 cn.how2j.diytomcat.catalina.Connector start
INFO : Starting ProtocolHandler [http-bio-18081]
05 13, 2022 11:24:46 上午 cn.how2j.diytomcat.catalina.Connector start
INFO : Starting ProtocolHandler [http-bio-18082]
05 13, 2022 11:24:46 上午 cn.how2j.diytomcat.catalina.Server start
INFO : Server startup in 4 ms
05 13, 2022 11:26:46 上午 cn.how2j.diytomcat.watcher.ContextFileChangeWatcher$1 dealWith
INFO : cn.how2j.diytomcat.watcher.ContextFileChangeWatcher@653d294f 检测到了Web应用下的重要文件变化 PfmFilter.class 
05 13, 2022 11:26:46 上午 cn.how2j.diytomcat.catalina.Host reload
INFO : Reloading Context with name [/javaweb] has started
05 13, 2022 11:26:46 上午 cn.how2j.diytomcat.catalina.Context <init>
INFO : Deploying web application directory /Users/ruthless/Downloads/大三下/javaweb/web
05 13, 2022 11:26:46 上午 cn.how2j.diytomcat.catalina.Context <init>
INFO : Deployment of web application directory /Users/ruthless/Downloads/大三下/javaweb/web has finished in 25 ms
05 13, 2022 11:26:46 上午 cn.how2j.diytomcat.catalina.Host reload
INFO : Reloading Context with name [/javaweb] has completed
05 13, 2022 11:27:06 上午 cn.how2j.diytomcat.watcher.ContextFileChangeWatcher$1 dealWith
INFO : cn.how2j.diytomcat.watcher.ContextFileChangeWatcher@ab2c92e 检测到了Web应用下的重要文件变化 PfmFilter.class 
05 13, 2022 11:27:06 上午 cn.how2j.diytomcat.catalina.Host reload
INFO : Reloading Context with name [/javaweb] has started
05 13, 2022 11:27:06 上午 cn.how2j.diytomcat.catalina.Context <init>
INFO : Deploying web application directory /Users/ruthless/Downloads/大三下/javaweb/web
05 13, 2022 11:27:06 上午 cn.how2j.diytomcat.catalina.Context <init>
INFO : Deployment of web application directory /Users/ruthless/Downloads/大三下/javaweb/web has finished in 19 ms
05 13, 2022 11:27:06 上午 cn.how2j.diytomcat.catalina.Host reload
INFO : Reloading Context with name [/javaweb] has completed
05 13, 2022 11:28:36 上午 cn.how2j.diytomcat.watcher.ContextFileChangeWatcher$1 dealWith
INFO : cn.how2j.diytomcat.watcher.ContextFileChangeWatcher@4b2e3ca3 检测到了Web应用下的重要文件变化 PfmFilter.class 
05 13, 2022 11:28:36 上午 cn.how2j.diytomcat.catalina.Host reload
INFO : Reloading Context with name [/javaweb] has started
05 13, 2022 11:28:36 上午 cn.how2j.diytomcat.catalina.Context <init>
INFO : Deploying web application directory /Users/ruthless/Downloads/大三下/javaweb/web
05 13, 2022 11:28:36 上午 cn.how2j.diytomcat.catalina.Context <init>
INFO : Deployment of web application directory /Users/ruthless/Downloads/大三下/javaweb/web has finished in 10 ms
05 13, 2022 11:28:36 上午 cn.how2j.diytomcat.catalina.Host reload
INFO : Reloading Context with name [/javaweb] has completed
05 13, 2022 11:30:16 上午 cn.how2j.diytomcat.watcher.ContextFileChangeWatcher$1 dealWith
INFO : cn.how2j.diytomcat.watcher.ContextFileChangeWatcher@221252fb 检测到了Web应用下的重要文件变化 PfmFilter.class 
05 13, 2022 11:30:16 上午 cn.how2j.diytomcat.catalina.Host reload
INFO : Reloading Context with name [/javaweb] has started
05 13, 2022 11:30:16 上午 cn.how2j.diytomcat.catalina.Context <init>
INFO : Deploying web application directory /Users/ruthless/Downloads/大三下/javaweb/web
05 13, 2022 11:30:16 上午 cn.how2j.diytomcat.catalina.Context <init>
INFO : Deployment of web application directory /Users/ruthless/Downloads/大三下/javaweb/web has finished in 9 ms
05 13, 2022 11:30:16 上午 cn.how2j.diytomcat.catalina.Host reload
INFO : Reloading Context with name [/javaweb] has completed
05 13, 2022 11:45:50 上午 cn.how2j.diytomcat.catalina.Context <init>
INFO : Deploying web application directory /Users/ruthless/Downloads/大三下/diytomcat/webapps/j2ee
05 13, 2022 11:45:50 上午 cn.how2j.diytomcat.catalina.Context <init>
INFO : Deployment of web application directory /Users/ruthless/Downloads/大三下/diytomcat/webapps/j2ee has finished in 129 ms
05 13, 2022 11:45:50 上午 cn.how2j.diytomcat.catalina.Context <init>
INFO : Deploying web application directory /Users/ruthless/Downloads/大三下/diytomcat/webapps/a
05 13, 2022 11:45:50 上午 cn.how2j.diytomcat.catalina.Context <init>
INFO : Deployment of web application directory /Users/ruthless/Downloads/大三下/diytomcat/webapps/a has finished in 1 ms
05 13, 2022 11:45:50 上午 cn.how2j.diytomcat.catalina.Context <init>
INFO : Deploying web application directory /Users/ruthless/Downloads/大三下/diytomcat/webapps/ROOT
05 13, 2022 11:45:50 上午 cn.how2j.diytomcat.catalina.Context <init>
INFO : Deployment of web application directory /Users/ruthless/Downloads/大三下/diytomcat/webapps/ROOT has finished in 1 ms
05 13, 2022 11:45:50 上午 cn.how2j.diytomcat.catalina.Context <init>
INFO : Deploying web application directory /Users/ruthless/Downloads/大三下/diytomcat/b
05 13, 2022 11:45:50 上午 cn.how2j.diytomcat.catalina.Context <init>
INFO : Deployment of web application directory /Users/ruthless/Downloads/大三下/diytomcat/b has finished in 0 ms
05 13, 2022 11:45:50 上午 cn.how2j.diytomcat.catalina.Context <init>
INFO : Deploying web application directory /Users/ruthless/Downloads/大三下/javaweb/web
05 13, 2022 11:45:50 上午 cn.how2j.diytomcat.catalina.Context <init>
INFO : Deployment of web application directory /Users/ruthless/Downloads/大三下/javaweb/web has finished in 23 ms
05 13, 2022 11:45:50 上午 cn.how2j.diytomcat.catalina.Server logJVM
INFO : Server version:		How2J DiyTomcat/1.0.1
05 13, 2022 11:45:50 上午 cn.how2j.diytomcat.catalina.Server logJVM
INFO : Server built:		2020-04-08 10:20:22
05 13, 2022 11:45:50 上午 cn.how2j.diytomcat.catalina.Server logJVM
INFO : Server number:		1.0.1
05 13, 2022 11:45:50 上午 cn.how2j.diytomcat.catalina.Server logJVM
INFO : OS Name	:		Mac OS X
05 13, 2022 11:45:50 上午 cn.how2j.diytomcat.catalina.Server logJVM
INFO : OS Version:		11.6.1
05 13, 2022 11:45:50 上午 cn.how2j.diytomcat.catalina.Server logJVM
INFO : Architecture:		aarch64
05 13, 2022 11:45:50 上午 cn.how2j.diytomcat.catalina.Server logJVM
INFO : Java Home:		/Library/Java/JavaVirtualMachines/zulu-8.jdk/Contents/Home/jre
05 13, 2022 11:45:50 上午 cn.how2j.diytomcat.catalina.Server logJVM
INFO : JVM Version:		1.8.0_312-b07
05 13, 2022 11:45:50 上午 cn.how2j.diytomcat.catalina.Server logJVM
INFO : JVM Vendor:		Oracle Corporation
05 13, 2022 11:45:50 上午 cn.how2j.diytomcat.catalina.Connector init
INFO : Initializing ProtocolHandler [http-bio-18080]
05 13, 2022 11:45:50 上午 cn.how2j.diytomcat.catalina.Connector init
INFO : Initializing ProtocolHandler [http-bio-18081]
05 13, 2022 11:45:50 上午 cn.how2j.diytomcat.catalina.Connector init
INFO : Initializing ProtocolHandler [http-bio-18082]
05 13, 2022 11:45:50 上午 cn.how2j.diytomcat.catalina.Service init
INFO : Initialization processed in 0 ms
05 13, 2022 11:45:50 上午 cn.how2j.diytomcat.catalina.Connector start
INFO : Starting ProtocolHandler [http-bio-18080]
05 13, 2022 11:45:50 上午 cn.how2j.diytomcat.catalina.Connector start
INFO : Starting ProtocolHandler [http-bio-18081]
05 13, 2022 11:45:50 上午 cn.how2j.diytomcat.catalina.Connector start
INFO : Starting ProtocolHandler [http-bio-18082]
05 13, 2022 11:45:50 上午 cn.how2j.diytomcat.catalina.Server start
INFO : Server startup in 4 ms
05 13, 2022 11:45:54 上午 cn.how2j.diytomcat.catalina.HttpProcessor error
ERROR: this is a deliberately created exception
java.lang.RuntimeException: this is a deliberately created exception
	at cn.how2j.diytomcat.servlets.DefaultServlet.service(DefaultServlet.java:44)
	at javax.servlet.http.HttpServlet.service(HttpServlet.java:731)
	at cn.how2j.diytomcat.catalina.ApplicationFilterChain.doFilter(ApplicationFilterChain.java:33)
	at cn.how2j.diytomcat.catalina.HttpProcessor.execute(HttpProcessor.java:78)
	at cn.how2j.diytomcat.catalina.Connector$1.run(Connector.java:76)
	at java.util.concurrent.ThreadPoolExecutor.runWorker(ThreadPoolExecutor.java:1149)
	at java.util.concurrent.ThreadPoolExecutor$Worker.run(ThreadPoolExecutor.java:624)
	at java.lang.Thread.run(Thread.java:748)
05 13, 2022 11:46:15 上午 cn.how2j.diytomcat.catalina.HttpProcessor error
ERROR: this is a deliberately created exception
java.lang.RuntimeException: this is a deliberately created exception
	at cn.how2j.diytomcat.servlets.DefaultServlet.service(DefaultServlet.java:44)
	at javax.servlet.http.HttpServlet.service(HttpServlet.java:731)
	at cn.how2j.diytomcat.catalina.ApplicationFilterChain.doFilter(ApplicationFilterChain.java:33)
	at cn.how2j.diytomcat.catalina.HttpProcessor.execute(HttpProcessor.java:78)
	at cn.how2j.diytomcat.catalina.Connector$1.run(Connector.java:76)
	at java.util.concurrent.ThreadPoolExecutor.runWorker(ThreadPoolExecutor.java:1149)
	at java.util.concurrent.ThreadPoolExecutor$Worker.run(ThreadPoolExecutor.java:624)
	at java.lang.Thread.run(Thread.java:748)
05 13, 2022 13:52:46 下午 cn.how2j.diytomcat.watcher.ContextFileChangeWatcher$1 dealWith
INFO : cn.how2j.diytomcat.watcher.ContextFileChangeWatcher@42d24e25 检测到了Web应用下的重要文件变化 PfmFilter.class 
05 13, 2022 13:52:46 下午 cn.how2j.diytomcat.catalina.Host reload
INFO : Reloading Context with name [/javaweb] has started
05 13, 2022 13:52:46 下午 cn.how2j.diytomcat.catalina.Context <init>
INFO : Deploying web application directory /Users/ruthless/Downloads/大三下/javaweb/web
05 13, 2022 13:52:46 下午 cn.how2j.diytomcat.catalina.Context <init>
INFO : Deployment of web application directory /Users/ruthless/Downloads/大三下/javaweb/web has finished in 15 ms
05 13, 2022 13:52:46 下午 cn.how2j.diytomcat.catalina.Host reload
INFO : Reloading Context with name [/javaweb] has completed
05 13, 2022 13:54:22 下午 cn.how2j.diytomcat.catalina.HttpProcessor error
ERROR: this is a deliberately created exception
java.lang.RuntimeException: this is a deliberately created exception
	at cn.how2j.diytomcat.servlets.DefaultServlet.service(DefaultServlet.java:44)
	at javax.servlet.http.HttpServlet.service(HttpServlet.java:731)
	at cn.how2j.diytomcat.catalina.ApplicationFilterChain.doFilter(ApplicationFilterChain.java:33)
	at cn.how2j.diytomcat.catalina.HttpProcessor.execute(HttpProcessor.java:78)
	at cn.how2j.diytomcat.catalina.Connector$1.run(Connector.java:76)
	at java.util.concurrent.ThreadPoolExecutor.runWorker(ThreadPoolExecutor.java:1149)
	at java.util.concurrent.ThreadPoolExecutor$Worker.run(ThreadPoolExecutor.java:624)
	at java.lang.Thread.run(Thread.java:748)
05 13, 2022 13:54:51 下午 cn.how2j.diytomcat.catalina.HttpProcessor error
ERROR: this is a deliberately created exception
java.lang.RuntimeException: this is a deliberately created exception
	at cn.how2j.diytomcat.servlets.DefaultServlet.service(DefaultServlet.java:44)
	at javax.servlet.http.HttpServlet.service(HttpServlet.java:731)
	at cn.how2j.diytomcat.catalina.ApplicationFilterChain.doFilter(ApplicationFilterChain.java:33)
	at cn.how2j.diytomcat.catalina.HttpProcessor.execute(HttpProcessor.java:78)
	at cn.how2j.diytomcat.catalina.Connector$1.run(Connector.java:76)
	at java.util.concurrent.ThreadPoolExecutor.runWorker(ThreadPoolExecutor.java:1149)
	at java.util.concurrent.ThreadPoolExecutor$Worker.run(ThreadPoolExecutor.java:624)
	at java.lang.Thread.run(Thread.java:748)
05 13, 2022 13:55:37 下午 cn.how2j.diytomcat.catalina.Context <init>
INFO : Deploying web application directory /Users/ruthless/Downloads/大三下/diytomcat/webapps/j2ee
05 13, 2022 13:55:37 下午 cn.how2j.diytomcat.catalina.Context <init>
INFO : Deployment of web application directory /Users/ruthless/Downloads/大三下/diytomcat/webapps/j2ee has finished in 95 ms
05 13, 2022 13:55:37 下午 cn.how2j.diytomcat.catalina.Context <init>
INFO : Deploying web application directory /Users/ruthless/Downloads/大三下/diytomcat/webapps/a
05 13, 2022 13:55:37 下午 cn.how2j.diytomcat.catalina.Context <init>
INFO : Deployment of web application directory /Users/ruthless/Downloads/大三下/diytomcat/webapps/a has finished in 1 ms
05 13, 2022 13:55:37 下午 cn.how2j.diytomcat.catalina.Context <init>
INFO : Deploying web application directory /Users/ruthless/Downloads/大三下/diytomcat/webapps/ROOT
05 13, 2022 13:55:37 下午 cn.how2j.diytomcat.catalina.Context <init>
INFO : Deployment of web application directory /Users/ruthless/Downloads/大三下/diytomcat/webapps/ROOT has finished in 0 ms
05 13, 2022 13:55:37 下午 cn.how2j.diytomcat.catalina.Context <init>
INFO : Deploying web application directory /Users/ruthless/Downloads/大三下/diytomcat/b
05 13, 2022 13:55:37 下午 cn.how2j.diytomcat.catalina.Context <init>
INFO : Deployment of web application directory /Users/ruthless/Downloads/大三下/diytomcat/b has finished in 0 ms
05 13, 2022 13:55:37 下午 cn.how2j.diytomcat.catalina.Context <init>
INFO : Deploying web application directory /Users/ruthless/Downloads/大三下/javaweb/web
05 13, 2022 13:55:37 下午 cn.how2j.diytomcat.catalina.Context <init>
INFO : Deployment of web application directory /Users/ruthless/Downloads/大三下/javaweb/web has finished in 18 ms
05 13, 2022 13:55:37 下午 cn.how2j.diytomcat.catalina.Context <init>
INFO : Deploying web application directory /Users/ruthless/Downloads/大三下/diytomcat/webapps/javaweb0
05 13, 2022 13:55:37 下午 cn.how2j.diytomcat.catalina.Context <init>
INFO : Deployment of web application directory /Users/ruthless/Downloads/大三下/diytomcat/webapps/javaweb0 has finished in 10 ms
05 13, 2022 13:55:37 下午 cn.how2j.diytomcat.catalina.Server logJVM
INFO : Server version:		How2J DiyTomcat/1.0.1
05 13, 2022 13:55:37 下午 cn.how2j.diytomcat.catalina.Server logJVM
INFO : Server built:		2020-04-08 10:20:22
05 13, 2022 13:55:37 下午 cn.how2j.diytomcat.catalina.Server logJVM
INFO : Server number:		1.0.1
05 13, 2022 13:55:37 下午 cn.how2j.diytomcat.catalina.Server logJVM
INFO : OS Name	:		Mac OS X
05 13, 2022 13:55:37 下午 cn.how2j.diytomcat.catalina.Server logJVM
INFO : OS Version:		11.6.1
05 13, 2022 13:55:37 下午 cn.how2j.diytomcat.catalina.Server logJVM
INFO : Architecture:		aarch64
05 13, 2022 13:55:37 下午 cn.how2j.diytomcat.catalina.Server logJVM
INFO : Java Home:		/Library/Java/JavaVirtualMachines/zulu-8.jdk/Contents/Home/jre
05 13, 2022 13:55:37 下午 cn.how2j.diytomcat.catalina.Server logJVM
INFO : JVM Version:		1.8.0_312-b07
05 13, 2022 13:55:37 下午 cn.how2j.diytomcat.catalina.Server logJVM
INFO : JVM Vendor:		Oracle Corporation
05 13, 2022 13:55:37 下午 cn.how2j.diytomcat.catalina.Connector init
INFO : Initializing ProtocolHandler [http-bio-18080]
05 13, 2022 13:55:37 下午 cn.how2j.diytomcat.catalina.Connector init
INFO : Initializing ProtocolHandler [http-bio-18081]
05 13, 2022 13:55:37 下午 cn.how2j.diytomcat.catalina.Connector init
INFO : Initializing ProtocolHandler [http-bio-18082]
05 13, 2022 13:55:37 下午 cn.how2j.diytomcat.catalina.Service init
INFO : Initialization processed in 0 ms
05 13, 2022 13:55:37 下午 cn.how2j.diytomcat.catalina.Connector start
INFO : Starting ProtocolHandler [http-bio-18080]
05 13, 2022 13:55:37 下午 cn.how2j.diytomcat.catalina.Connector start
INFO : Starting ProtocolHandler [http-bio-18081]
05 13, 2022 13:55:37 下午 cn.how2j.diytomcat.catalina.Connector start
INFO : Starting ProtocolHandler [http-bio-18082]
05 13, 2022 13:55:37 下午 cn.how2j.diytomcat.catalina.Server start
INFO : Server startup in 3 ms
05 13, 2022 13:55:41 下午 cn.how2j.diytomcat.catalina.HttpProcessor error
ERROR: this is a deliberately created exception
java.lang.RuntimeException: this is a deliberately created exception
	at cn.how2j.diytomcat.servlets.DefaultServlet.service(DefaultServlet.java:44)
	at javax.servlet.http.HttpServlet.service(HttpServlet.java:731)
	at cn.how2j.diytomcat.catalina.ApplicationFilterChain.doFilter(ApplicationFilterChain.java:33)
	at cn.how2j.diytomcat.catalina.HttpProcessor.execute(HttpProcessor.java:78)
	at cn.how2j.diytomcat.catalina.Connector$1.run(Connector.java:76)
	at java.util.concurrent.ThreadPoolExecutor.runWorker(ThreadPoolExecutor.java:1149)
	at java.util.concurrent.ThreadPoolExecutor$Worker.run(ThreadPoolExecutor.java:624)
	at java.lang.Thread.run(Thread.java:748)
05 13, 2022 14:35:36 下午 cn.how2j.diytomcat.catalina.Context <init>
INFO : Deploying web application directory /Users/ruthless/Downloads/大三下/diytomcat/webapps/j2ee
05 13, 2022 14:35:36 下午 cn.how2j.diytomcat.catalina.Context <init>
INFO : Deployment of web application directory /Users/ruthless/Downloads/大三下/diytomcat/webapps/j2ee has finished in 79 ms
05 13, 2022 14:35:36 下午 cn.how2j.diytomcat.catalina.Context <init>
INFO : Deploying web application directory /Users/ruthless/Downloads/大三下/diytomcat/webapps/a
05 13, 2022 14:35:36 下午 cn.how2j.diytomcat.catalina.Context <init>
INFO : Deployment of web application directory /Users/ruthless/Downloads/大三下/diytomcat/webapps/a has finished in 0 ms
05 13, 2022 14:35:36 下午 cn.how2j.diytomcat.catalina.Context <init>
INFO : Deploying web application directory /Users/ruthless/Downloads/大三下/diytomcat/webapps/ROOT
05 13, 2022 14:35:36 下午 cn.how2j.diytomcat.catalina.Context <init>
INFO : Deployment of web application directory /Users/ruthless/Downloads/大三下/diytomcat/webapps/ROOT has finished in 0 ms
05 13, 2022 14:35:36 下午 cn.how2j.diytomcat.catalina.Context <init>
INFO : Deploying web application directory /Users/ruthless/Downloads/大三下/diytomcat/webapps/javaweb0
05 13, 2022 14:35:36 下午 cn.how2j.diytomcat.catalina.Context <init>
INFO : Deployment of web application directory /Users/ruthless/Downloads/大三下/diytomcat/webapps/javaweb0 has finished in 14 ms
05 13, 2022 14:35:36 下午 cn.how2j.diytomcat.catalina.Context <init>
INFO : Deploying web application directory /Users/ruthless/Downloads/大三下/diytomcat/b
05 13, 2022 14:35:36 下午 cn.how2j.diytomcat.catalina.Context <init>
INFO : Deployment of web application directory /Users/ruthless/Downloads/大三下/diytomcat/b has finished in 1 ms
05 13, 2022 14:35:36 下午 cn.how2j.diytomcat.catalina.Context <init>
INFO : Deploying web application directory /Users/ruthless/Downloads/大三下/javaweb/web
05 13, 2022 14:35:36 下午 cn.how2j.diytomcat.catalina.Context <init>
INFO : Deployment of web application directory /Users/ruthless/Downloads/大三下/javaweb/web has finished in 6 ms
05 13, 2022 14:35:36 下午 cn.how2j.diytomcat.catalina.Server logJVM
INFO : Server version:		How2J DiyTomcat/1.0.1
05 13, 2022 14:35:36 下午 cn.how2j.diytomcat.catalina.Server logJVM
INFO : Server built:		2020-04-08 10:20:22
05 13, 2022 14:35:36 下午 cn.how2j.diytomcat.catalina.Server logJVM
INFO : Server number:		1.0.1
05 13, 2022 14:35:36 下午 cn.how2j.diytomcat.catalina.Server logJVM
INFO : OS Name	:		Mac OS X
05 13, 2022 14:35:36 下午 cn.how2j.diytomcat.catalina.Server logJVM
INFO : OS Version:		11.6.1
05 13, 2022 14:35:36 下午 cn.how2j.diytomcat.catalina.Server logJVM
INFO : Architecture:		aarch64
05 13, 2022 14:35:36 下午 cn.how2j.diytomcat.catalina.Server logJVM
INFO : Java Home:		/Library/Java/JavaVirtualMachines/zulu-8.jdk/Contents/Home/jre
05 13, 2022 14:35:36 下午 cn.how2j.diytomcat.catalina.Server logJVM
INFO : JVM Version:		1.8.0_312-b07
05 13, 2022 14:35:36 下午 cn.how2j.diytomcat.catalina.Server logJVM
INFO : JVM Vendor:		Oracle Corporation
05 13, 2022 14:35:36 下午 cn.how2j.diytomcat.catalina.Connector init
INFO : Initializing ProtocolHandler [http-bio-18080]
05 13, 2022 14:35:36 下午 cn.how2j.diytomcat.catalina.Connector init
INFO : Initializing ProtocolHandler [http-bio-18081]
05 13, 2022 14:35:36 下午 cn.how2j.diytomcat.catalina.Connector init
INFO : Initializing ProtocolHandler [http-bio-18082]
05 13, 2022 14:35:36 下午 cn.how2j.diytomcat.catalina.Service init
INFO : Initialization processed in 1 ms
05 13, 2022 14:35:36 下午 cn.how2j.diytomcat.catalina.Connector start
INFO : Starting ProtocolHandler [http-bio-18080]
05 13, 2022 14:35:36 下午 cn.how2j.diytomcat.catalina.Connector start
INFO : Starting ProtocolHandler [http-bio-18081]
05 13, 2022 14:35:36 下午 cn.how2j.diytomcat.catalina.Connector start
INFO : Starting ProtocolHandler [http-bio-18082]
05 13, 2022 14:35:36 下午 cn.how2j.diytomcat.catalina.Server start
INFO : Server startup in 3 ms
05 13, 2022 14:36:36 下午 cn.how2j.diytomcat.catalina.Context <init>
INFO : Deploying web application directory /Users/ruthless/Downloads/大三下/diytomcat/webapps/javaweb1
05 13, 2022 14:36:36 下午 cn.how2j.diytomcat.catalina.Context <init>
INFO : Deployment of web application directory /Users/ruthless/Downloads/大三下/diytomcat/webapps/javaweb1 has finished in 9 ms
05 13, 2022 14:37:06 下午 cn.how2j.diytomcat.catalina.HttpProcessor error
ERROR: this is a deliberately created exception
java.lang.RuntimeException: this is a deliberately created exception
	at cn.how2j.diytomcat.servlets.DefaultServlet.service(DefaultServlet.java:44)
	at javax.servlet.http.HttpServlet.service(HttpServlet.java:731)
	at cn.how2j.diytomcat.catalina.ApplicationFilterChain.doFilter(ApplicationFilterChain.java:33)
	at cn.how2j.diytomcat.catalina.HttpProcessor.execute(HttpProcessor.java:78)
	at cn.how2j.diytomcat.catalina.Connector$1.run(Connector.java:76)
	at java.util.concurrent.ThreadPoolExecutor.runWorker(ThreadPoolExecutor.java:1149)
	at java.util.concurrent.ThreadPoolExecutor$Worker.run(ThreadPoolExecutor.java:624)
	at java.lang.Thread.run(Thread.java:748)
05 13, 2022 15:05:06 下午 cn.how2j.diytomcat.watcher.ContextFileChangeWatcher$1 dealWith
INFO : cn.how2j.diytomcat.watcher.ContextFileChangeWatcher@7acfa6eb 检测到了Web应用下的重要文件变化 web.xml 
05 13, 2022 15:05:06 下午 cn.how2j.diytomcat.catalina.Host reload
INFO : Reloading Context with name [/javaweb] has started
05 13, 2022 15:05:06 下午 cn.how2j.diytomcat.catalina.Context <init>
INFO : Deploying web application directory /Users/ruthless/Downloads/大三下/javaweb/web
05 13, 2022 15:05:06 下午 cn.how2j.diytomcat.catalina.Context <init>
INFO : Deployment of web application directory /Users/ruthless/Downloads/大三下/javaweb/web has finished in 10 ms
05 13, 2022 15:05:06 下午 cn.how2j.diytomcat.catalina.Host reload
INFO : Reloading Context with name [/javaweb] has completed
05 13, 2022 15:10:16 下午 cn.how2j.diytomcat.catalina.Context <init>
INFO : Deploying web application directory /Users/ruthless/Downloads/大三下/diytomcat/webapps/j2ee
05 13, 2022 15:10:16 下午 cn.how2j.diytomcat.catalina.Context <init>
INFO : Deployment of web application directory /Users/ruthless/Downloads/大三下/diytomcat/webapps/j2ee has finished in 87 ms
05 13, 2022 15:10:16 下午 cn.how2j.diytomcat.catalina.Context <init>
INFO : Deploying web application directory /Users/ruthless/Downloads/大三下/diytomcat/webapps/a
05 13, 2022 15:10:16 下午 cn.how2j.diytomcat.catalina.Context <init>
INFO : Deployment of web application directory /Users/ruthless/Downloads/大三下/diytomcat/webapps/a has finished in 1 ms
05 13, 2022 15:10:16 下午 cn.how2j.diytomcat.catalina.Context <init>
INFO : Deploying web application directory /Users/ruthless/Downloads/大三下/diytomcat/webapps/ROOT
05 13, 2022 15:10:16 下午 cn.how2j.diytomcat.catalina.Context <init>
INFO : Deployment of web application directory /Users/ruthless/Downloads/大三下/diytomcat/webapps/ROOT has finished in 0 ms
05 13, 2022 15:10:16 下午 cn.how2j.diytomcat.catalina.Context <init>
INFO : Deploying web application directory /Users/ruthless/Downloads/大三下/diytomcat/webapps/javaweb0
05 13, 2022 15:10:16 下午 cn.how2j.diytomcat.catalina.Context <init>
INFO : Deployment of web application directory /Users/ruthless/Downloads/大三下/diytomcat/webapps/javaweb0 has finished in 15 ms
05 13, 2022 15:10:16 下午 cn.how2j.diytomcat.catalina.Context <init>
INFO : Deploying web application directory /Users/ruthless/Downloads/大三下/diytomcat/webapps/javaweb1
05 13, 2022 15:10:16 下午 cn.how2j.diytomcat.catalina.Context <init>
INFO : Deployment of web application directory /Users/ruthless/Downloads/大三下/diytomcat/webapps/javaweb1 has finished in 7 ms
05 13, 2022 15:10:16 下午 cn.how2j.diytomcat.catalina.Context <init>
INFO : Deploying web application directory /Users/ruthless/Downloads/大三下/diytomcat/b
05 13, 2022 15:10:16 下午 cn.how2j.diytomcat.catalina.Context <init>
INFO : Deployment of web application directory /Users/ruthless/Downloads/大三下/diytomcat/b has finished in 3 ms
05 13, 2022 15:10:16 下午 cn.how2j.diytomcat.catalina.Context <init>
INFO : Deploying web application directory /Users/ruthless/Downloads/大三下/javaweb/web
05 13, 2022 15:11:20 下午 cn.how2j.diytomcat.catalina.Context <init>
INFO : Deploying web application directory /Users/ruthless/Downloads/大三下/diytomcat/webapps/j2ee
05 13, 2022 15:11:20 下午 cn.how2j.diytomcat.catalina.Context <init>
INFO : Deployment of web application directory /Users/ruthless/Downloads/大三下/diytomcat/webapps/j2ee has finished in 73 ms
05 13, 2022 15:11:20 下午 cn.how2j.diytomcat.catalina.Context <init>
INFO : Deploying web application directory /Users/ruthless/Downloads/大三下/diytomcat/webapps/a
05 13, 2022 15:11:20 下午 cn.how2j.diytomcat.catalina.Context <init>
INFO : Deployment of web application directory /Users/ruthless/Downloads/大三下/diytomcat/webapps/a has finished in 1 ms
05 13, 2022 15:11:20 下午 cn.how2j.diytomcat.catalina.Context <init>
INFO : Deploying web application directory /Users/ruthless/Downloads/大三下/diytomcat/webapps/ROOT
05 13, 2022 15:11:20 下午 cn.how2j.diytomcat.catalina.Context <init>
INFO : Deployment of web application directory /Users/ruthless/Downloads/大三下/diytomcat/webapps/ROOT has finished in 1 ms
05 13, 2022 15:11:20 下午 cn.how2j.diytomcat.catalina.Context <init>
INFO : Deploying web application directory /Users/ruthless/Downloads/大三下/diytomcat/webapps/javaweb0
05 13, 2022 15:11:20 下午 cn.how2j.diytomcat.catalina.Context <init>
INFO : Deployment of web application directory /Users/ruthless/Downloads/大三下/diytomcat/webapps/javaweb0 has finished in 14 ms
05 13, 2022 15:11:20 下午 cn.how2j.diytomcat.catalina.Context <init>
INFO : Deploying web application directory /Users/ruthless/Downloads/大三下/diytomcat/webapps/javaweb1
05 13, 2022 15:11:20 下午 cn.how2j.diytomcat.catalina.Context <init>
INFO : Deployment of web application directory /Users/ruthless/Downloads/大三下/diytomcat/webapps/javaweb1 has finished in 10 ms
05 13, 2022 15:11:20 下午 cn.how2j.diytomcat.catalina.Context <init>
INFO : Deploying web application directory /Users/ruthless/Downloads/大三下/diytomcat/b
05 13, 2022 15:11:20 下午 cn.how2j.diytomcat.catalina.Context <init>
INFO : Deployment of web application directory /Users/ruthless/Downloads/大三下/diytomcat/b has finished in 1 ms
05 13, 2022 15:11:20 下午 cn.how2j.diytomcat.catalina.Context <init>
INFO : Deploying web application directory /Users/ruthless/Downloads/大三下/javaweb/web
05 13, 2022 15:11:20 下午 cn.how2j.diytomcat.catalina.Context <init>
INFO : Deployment of web application directory /Users/ruthless/Downloads/大三下/javaweb/web has finished in 78 ms
05 13, 2022 15:11:20 下午 cn.how2j.diytomcat.catalina.Server logJVM
INFO : Server version:		How2J DiyTomcat/1.0.1
05 13, 2022 15:11:20 下午 cn.how2j.diytomcat.catalina.Server logJVM
INFO : Server built:		2020-04-08 10:20:22
05 13, 2022 15:11:20 下午 cn.how2j.diytomcat.catalina.Server logJVM
INFO : Server number:		1.0.1
05 13, 2022 15:11:20 下午 cn.how2j.diytomcat.catalina.Server logJVM
INFO : OS Name	:		Mac OS X
05 13, 2022 15:11:20 下午 cn.how2j.diytomcat.catalina.Server logJVM
INFO : OS Version:		11.6.1
05 13, 2022 15:11:20 下午 cn.how2j.diytomcat.catalina.Server logJVM
INFO : Architecture:		aarch64
05 13, 2022 15:11:20 下午 cn.how2j.diytomcat.catalina.Server logJVM
INFO : Java Home:		/Library/Java/JavaVirtualMachines/zulu-8.jdk/Contents/Home/jre
05 13, 2022 15:11:20 下午 cn.how2j.diytomcat.catalina.Server logJVM
INFO : JVM Version:		1.8.0_312-b07
05 13, 2022 15:11:20 下午 cn.how2j.diytomcat.catalina.Server logJVM
INFO : JVM Vendor:		Oracle Corporation
05 13, 2022 15:11:20 下午 cn.how2j.diytomcat.catalina.Connector init
INFO : Initializing ProtocolHandler [http-bio-18080]
05 13, 2022 15:11:20 下午 cn.how2j.diytomcat.catalina.Connector init
INFO : Initializing ProtocolHandler [http-bio-18081]
05 13, 2022 15:11:20 下午 cn.how2j.diytomcat.catalina.Connector init
INFO : Initializing ProtocolHandler [http-bio-18082]
05 13, 2022 15:11:20 下午 cn.how2j.diytomcat.catalina.Service init
INFO : Initialization processed in 1 ms
05 13, 2022 15:11:20 下午 cn.how2j.diytomcat.catalina.Connector start
INFO : Starting ProtocolHandler [http-bio-18080]
05 13, 2022 15:11:20 下午 cn.how2j.diytomcat.catalina.Connector start
INFO : Starting ProtocolHandler [http-bio-18081]
05 13, 2022 15:11:20 下午 cn.how2j.diytomcat.catalina.Connector start
INFO : Starting ProtocolHandler [http-bio-18082]
05 13, 2022 15:11:20 下午 cn.how2j.diytomcat.catalina.Server start
INFO : Server startup in 4 ms
05 13, 2022 15:12:10 下午 cn.how2j.diytomcat.watcher.ContextFileChangeWatcher$1 dealWith
INFO : cn.how2j.diytomcat.watcher.ContextFileChangeWatcher@572ee796 检测到了Web应用下的重要文件变化 PfmFilter.class 
05 13, 2022 15:12:10 下午 cn.how2j.diytomcat.catalina.Host reload
INFO : Reloading Context with name [/javaweb] has started
05 13, 2022 15:12:10 下午 cn.how2j.diytomcat.catalina.Context <init>
INFO : Deploying web application directory /Users/ruthless/Downloads/大三下/javaweb/web
05 13, 2022 15:12:10 下午 cn.how2j.diytomcat.catalina.Context <init>
INFO : Deployment of web application directory /Users/ruthless/Downloads/大三下/javaweb/web has finished in 16 ms
05 13, 2022 15:12:10 下午 cn.how2j.diytomcat.catalina.Host reload
INFO : Reloading Context with name [/javaweb] has completed
