04 14, 2022 18:16:02 下午 cn.how2j.diytomcat.Bootstrap logJVM
INFO : Server version:		How2J DiyTomcat/1.0.1
04 14, 2022 18:16:02 下午 cn.how2j.diytomcat.Bootstrap logJVM
INFO : Server built:		2020-04-08 10:20:22
04 14, 2022 18:16:02 下午 cn.how2j.diytomcat.Bootstrap logJVM
INFO : Server number:		1.0.1
04 14, 2022 18:16:02 下午 cn.how2j.diytomcat.Bootstrap logJVM
INFO : OS Name	:		Mac OS X
04 14, 2022 18:16:02 下午 cn.how2j.diytomcat.Bootstrap logJVM
INFO : OS Version:		11.6.1
04 14, 2022 18:16:02 下午 cn.how2j.diytomcat.Bootstrap logJVM
INFO : Architecture:		aarch64
04 14, 2022 18:16:02 下午 cn.how2j.diytomcat.Bootstrap logJVM
INFO : Java Home:		/Library/Java/JavaVirtualMachines/zulu-8.jdk/Contents/Home/jre
04 14, 2022 18:16:02 下午 cn.how2j.diytomcat.Bootstrap logJVM
INFO : JVM Version:		1.8.0_312-b07
04 14, 2022 18:16:02 下午 cn.how2j.diytomcat.Bootstrap logJVM
INFO : JVM Vendor:		Oracle Corporation
04 14, 2022 18:16:02 下午 cn.how2j.diytomcat.catalina.Context <init>
INFO : Deploying web application directory /Users/ruthless/Downloads/大三下/diytomcat/webapps/a
04 14, 2022 18:16:02 下午 cn.how2j.diytomcat.catalina.Context <init>
INFO : Deployment of web application directory /Users/ruthless/Downloads/大三下/diytomcat/webapps/a has finished in 1 ms
04 14, 2022 18:16:02 下午 cn.how2j.diytomcat.catalina.Context <init>
INFO : Deploying web application directory /Users/ruthless/Downloads/大三下/diytomcat/webapps/ROOT
04 14, 2022 18:16:02 下午 cn.how2j.diytomcat.catalina.Context <init>
INFO : Deployment of web application directory /Users/ruthless/Downloads/大三下/diytomcat/webapps/ROOT has finished in 0 ms
04 14, 2022 18:16:02 下午 cn.how2j.diytomcat.catalina.Context <init>
INFO : Deploying web application directory d:/project/diytomcat/b
04 14, 2022 18:16:02 下午 cn.how2j.diytomcat.catalina.Context <init>
INFO : Deployment of web application directory d:/project/diytomcat/b has finished in 0 ms
04 14, 2022 18:29:43 下午 cn.how2j.diytomcat.Bootstrap logJVM
INFO : Server version:		How2J DiyTomcat/1.0.1
04 14, 2022 18:29:43 下午 cn.how2j.diytomcat.Bootstrap logJVM
INFO : Server built:		2020-04-08 10:20:22
04 14, 2022 18:29:43 下午 cn.how2j.diytomcat.Bootstrap logJVM
INFO : Server number:		1.0.1
04 14, 2022 18:29:43 下午 cn.how2j.diytomcat.Bootstrap logJVM
INFO : OS Name	:		Mac OS X
04 14, 2022 18:29:43 下午 cn.how2j.diytomcat.Bootstrap logJVM
INFO : OS Version:		11.6.1
04 14, 2022 18:29:43 下午 cn.how2j.diytomcat.Bootstrap logJVM
INFO : Architecture:		aarch64
04 14, 2022 18:29:43 下午 cn.how2j.diytomcat.Bootstrap logJVM
INFO : Java Home:		/Library/Java/JavaVirtualMachines/zulu-8.jdk/Contents/Home/jre
04 14, 2022 18:29:43 下午 cn.how2j.diytomcat.Bootstrap logJVM
INFO : JVM Version:		1.8.0_312-b07
04 14, 2022 18:29:43 下午 cn.how2j.diytomcat.Bootstrap logJVM
INFO : JVM Vendor:		Oracle Corporation
04 14, 2022 18:29:43 下午 cn.how2j.diytomcat.catalina.Context <init>
INFO : Deploying web application directory /Users/ruthless/Downloads/大三下/diytomcat/webapps/a
04 14, 2022 18:29:43 下午 cn.how2j.diytomcat.catalina.Context <init>
INFO : Deployment of web application directory /Users/ruthless/Downloads/大三下/diytomcat/webapps/a has finished in 0 ms
04 14, 2022 18:29:43 下午 cn.how2j.diytomcat.catalina.Context <init>
INFO : Deploying web application directory /Users/ruthless/Downloads/大三下/diytomcat/webapps/ROOT
04 14, 2022 18:29:43 下午 cn.how2j.diytomcat.catalina.Context <init>
INFO : Deployment of web application directory /Users/ruthless/Downloads/大三下/diytomcat/webapps/ROOT has finished in 0 ms
04 14, 2022 18:29:43 下午 cn.how2j.diytomcat.catalina.Context <init>
INFO : Deploying web application directory /Users/ruthless/Downloads/大三下/diytomcat/b
04 14, 2022 18:29:43 下午 cn.how2j.diytomcat.catalina.Context <init>
INFO : Deployment of web application directory /Users/ruthless/Downloads/大三下/diytomcat/b has finished in 0 ms
