05 11, 2022 13:18:15 下午 cn.how2j.diytomcat.catalina.Context <init>
INFO : Deploying web application directory /Users/ruthless/Downloads/大三下/diytomcat/webapps/j2ee
05 11, 2022 13:18:15 下午 cn.how2j.diytomcat.catalina.Context <init>
INFO : Deployment of web application directory /Users/ruthless/Downloads/大三下/diytomcat/webapps/j2ee has finished in 50 ms
05 11, 2022 13:18:15 下午 cn.how2j.diytomcat.catalina.Context <init>
INFO : Deploying web application directory /Users/ruthless/Downloads/大三下/diytomcat/webapps/a
05 11, 2022 13:18:15 下午 cn.how2j.diytomcat.catalina.Context <init>
INFO : Deployment of web application directory /Users/ruthless/Downloads/大三下/diytomcat/webapps/a has finished in 1 ms
05 11, 2022 13:18:15 下午 cn.how2j.diytomcat.catalina.Context <init>
INFO : Deploying web application directory /Users/ruthless/Downloads/大三下/diytomcat/webapps/ROOT
05 11, 2022 13:18:15 下午 cn.how2j.diytomcat.catalina.Context <init>
INFO : Deployment of web application directory /Users/ruthless/Downloads/大三下/diytomcat/webapps/ROOT has finished in 0 ms
05 11, 2022 13:18:15 下午 cn.how2j.diytomcat.catalina.Context <init>
INFO : Deploying web application directory /Users/ruthless/Downloads/大三下/diytomcat/b
05 11, 2022 13:18:15 下午 cn.how2j.diytomcat.catalina.Context <init>
INFO : Deployment of web application directory /Users/ruthless/Downloads/大三下/diytomcat/b has finished in 0 ms
05 11, 2022 13:18:15 下午 cn.how2j.diytomcat.catalina.Context <init>
INFO : Deploying web application directory /Users/ruthless/Downloads/大三下/javaweb/web
05 11, 2022 13:18:15 下午 cn.how2j.diytomcat.catalina.Context <init>
INFO : Deployment of web application directory /Users/ruthless/Downloads/大三下/javaweb/web has finished in 1 ms
05 11, 2022 13:18:15 下午 cn.how2j.diytomcat.catalina.Server logJVM
INFO : Server version:		How2J DiyTomcat/1.0.1
05 11, 2022 13:18:15 下午 cn.how2j.diytomcat.catalina.Server logJVM
INFO : Server built:		2020-04-08 10:20:22
05 11, 2022 13:18:15 下午 cn.how2j.diytomcat.catalina.Server logJVM
INFO : Server number:		1.0.1
05 11, 2022 13:18:15 下午 cn.how2j.diytomcat.catalina.Server logJVM
INFO : OS Name	:		Mac OS X
05 11, 2022 13:18:15 下午 cn.how2j.diytomcat.catalina.Server logJVM
INFO : OS Version:		11.6.1
05 11, 2022 13:18:15 下午 cn.how2j.diytomcat.catalina.Server logJVM
INFO : Architecture:		aarch64
05 11, 2022 13:18:15 下午 cn.how2j.diytomcat.catalina.Server logJVM
INFO : Java Home:		/Library/Java/JavaVirtualMachines/zulu-8.jdk/Contents/Home/jre
05 11, 2022 13:18:15 下午 cn.how2j.diytomcat.catalina.Server logJVM
INFO : JVM Version:		1.8.0_312-b07
05 11, 2022 13:18:15 下午 cn.how2j.diytomcat.catalina.Server logJVM
INFO : JVM Vendor:		Oracle Corporation
05 11, 2022 13:18:15 下午 cn.how2j.diytomcat.catalina.Connector init
INFO : Initializing ProtocolHandler [http-bio-18080]
05 11, 2022 13:18:15 下午 cn.how2j.diytomcat.catalina.Connector init
INFO : Initializing ProtocolHandler [http-bio-18081]
05 11, 2022 13:18:15 下午 cn.how2j.diytomcat.catalina.Connector init
INFO : Initializing ProtocolHandler [http-bio-18082]
05 11, 2022 13:18:15 下午 cn.how2j.diytomcat.catalina.Service init
INFO : Initialization processed in 0 ms
05 11, 2022 13:18:15 下午 cn.how2j.diytomcat.catalina.Connector start
INFO : Starting ProtocolHandler [http-bio-18080]
05 11, 2022 13:18:15 下午 cn.how2j.diytomcat.catalina.Connector start
INFO : Starting ProtocolHandler [http-bio-18081]
05 11, 2022 13:18:15 下午 cn.how2j.diytomcat.catalina.Connector start
INFO : Starting ProtocolHandler [http-bio-18082]
05 11, 2022 13:18:15 下午 cn.how2j.diytomcat.catalina.Server start
INFO : Server startup in 2 ms
05 11, 2022 13:18:19 下午 cn.how2j.diytomcat.catalina.HttpProcessor error
ERROR: this is a deliberately created exception
java.lang.RuntimeException: this is a deliberately created exception
	at cn.how2j.diytomcat.servlets.DefaultServlet.service(DefaultServlet.java:43)
	at cn.how2j.diytomcat.catalina.HttpProcessor.execute(HttpProcessor.java:68)
	at cn.how2j.diytomcat.catalina.Connector$1.run(Connector.java:40)
	at java.util.concurrent.ThreadPoolExecutor.runWorker(ThreadPoolExecutor.java:1149)
	at java.util.concurrent.ThreadPoolExecutor$Worker.run(ThreadPoolExecutor.java:624)
	at java.lang.Thread.run(Thread.java:748)
05 11, 2022 13:18:49 下午 cn.how2j.diytomcat.catalina.HttpProcessor error
ERROR: this is a deliberately created exception
java.lang.RuntimeException: this is a deliberately created exception
	at cn.how2j.diytomcat.servlets.DefaultServlet.service(DefaultServlet.java:43)
	at cn.how2j.diytomcat.catalina.HttpProcessor.execute(HttpProcessor.java:68)
	at cn.how2j.diytomcat.catalina.Connector$1.run(Connector.java:40)
	at java.util.concurrent.ThreadPoolExecutor.runWorker(ThreadPoolExecutor.java:1149)
	at java.util.concurrent.ThreadPoolExecutor$Worker.run(ThreadPoolExecutor.java:624)
	at java.lang.Thread.run(Thread.java:748)
05 11, 2022 13:32:05 下午 cn.how2j.diytomcat.catalina.Context <init>
INFO : Deploying web application directory /Users/ruthless/Downloads/大三下/diytomcat/webapps/j2ee
05 11, 2022 13:32:06 下午 cn.how2j.diytomcat.catalina.Context <init>
INFO : Deployment of web application directory /Users/ruthless/Downloads/大三下/diytomcat/webapps/j2ee has finished in 82 ms
05 11, 2022 13:32:06 下午 cn.how2j.diytomcat.catalina.Context <init>
INFO : Deploying web application directory /Users/ruthless/Downloads/大三下/diytomcat/webapps/a
05 11, 2022 13:32:06 下午 cn.how2j.diytomcat.catalina.Context <init>
INFO : Deployment of web application directory /Users/ruthless/Downloads/大三下/diytomcat/webapps/a has finished in 1 ms
05 11, 2022 13:32:06 下午 cn.how2j.diytomcat.catalina.Context <init>
INFO : Deploying web application directory /Users/ruthless/Downloads/大三下/diytomcat/webapps/ROOT
05 11, 2022 13:32:06 下午 cn.how2j.diytomcat.catalina.Context <init>
INFO : Deployment of web application directory /Users/ruthless/Downloads/大三下/diytomcat/webapps/ROOT has finished in 1 ms
05 11, 2022 13:32:06 下午 cn.how2j.diytomcat.catalina.Context <init>
INFO : Deploying web application directory /Users/ruthless/Downloads/大三下/diytomcat/b
05 11, 2022 13:32:06 下午 cn.how2j.diytomcat.catalina.Context <init>
INFO : Deployment of web application directory /Users/ruthless/Downloads/大三下/diytomcat/b has finished in 0 ms
05 11, 2022 13:32:06 下午 cn.how2j.diytomcat.catalina.Context <init>
INFO : Deploying web application directory /Users/ruthless/Downloads/大三下/javaweb/web
05 11, 2022 13:32:06 下午 cn.how2j.diytomcat.catalina.Context <init>
INFO : Deployment of web application directory /Users/ruthless/Downloads/大三下/javaweb/web has finished in 3 ms
05 11, 2022 13:32:06 下午 cn.how2j.diytomcat.catalina.Server logJVM
INFO : Server version:		How2J DiyTomcat/1.0.1
05 11, 2022 13:32:06 下午 cn.how2j.diytomcat.catalina.Server logJVM
INFO : Server built:		2020-04-08 10:20:22
05 11, 2022 13:32:06 下午 cn.how2j.diytomcat.catalina.Server logJVM
INFO : Server number:		1.0.1
05 11, 2022 13:32:06 下午 cn.how2j.diytomcat.catalina.Server logJVM
INFO : OS Name	:		Mac OS X
05 11, 2022 13:32:06 下午 cn.how2j.diytomcat.catalina.Server logJVM
INFO : OS Version:		11.6.1
05 11, 2022 13:32:06 下午 cn.how2j.diytomcat.catalina.Server logJVM
INFO : Architecture:		aarch64
05 11, 2022 13:32:06 下午 cn.how2j.diytomcat.catalina.Server logJVM
INFO : Java Home:		/Library/Java/JavaVirtualMachines/zulu-8.jdk/Contents/Home/jre
05 11, 2022 13:32:06 下午 cn.how2j.diytomcat.catalina.Server logJVM
INFO : JVM Version:		1.8.0_312-b07
05 11, 2022 13:32:06 下午 cn.how2j.diytomcat.catalina.Server logJVM
INFO : JVM Vendor:		Oracle Corporation
05 11, 2022 13:32:06 下午 cn.how2j.diytomcat.catalina.Connector init
INFO : Initializing ProtocolHandler [http-bio-18080]
05 11, 2022 13:32:06 下午 cn.how2j.diytomcat.catalina.Connector init
INFO : Initializing ProtocolHandler [http-bio-18081]
05 11, 2022 13:32:06 下午 cn.how2j.diytomcat.catalina.Connector init
INFO : Initializing ProtocolHandler [http-bio-18082]
05 11, 2022 13:32:06 下午 cn.how2j.diytomcat.catalina.Service init
INFO : Initialization processed in 1 ms
05 11, 2022 13:32:06 下午 cn.how2j.diytomcat.catalina.Connector start
INFO : Starting ProtocolHandler [http-bio-18080]
05 11, 2022 13:32:06 下午 cn.how2j.diytomcat.catalina.Connector start
INFO : Starting ProtocolHandler [http-bio-18081]
05 11, 2022 13:32:06 下午 cn.how2j.diytomcat.catalina.Connector start
INFO : Starting ProtocolHandler [http-bio-18082]
05 11, 2022 13:32:06 下午 cn.how2j.diytomcat.catalina.Server start
INFO : Server startup in 3 ms
05 11, 2022 13:32:10 下午 cn.how2j.diytomcat.catalina.HttpProcessor error
ERROR: this is a deliberately created exception
java.lang.RuntimeException: this is a deliberately created exception
	at cn.how2j.diytomcat.servlets.DefaultServlet.service(DefaultServlet.java:43)
	at cn.how2j.diytomcat.catalina.HttpProcessor.execute(HttpProcessor.java:68)
	at cn.how2j.diytomcat.catalina.Connector$1.run(Connector.java:40)
	at java.util.concurrent.ThreadPoolExecutor.runWorker(ThreadPoolExecutor.java:1149)
	at java.util.concurrent.ThreadPoolExecutor$Worker.run(ThreadPoolExecutor.java:624)
	at java.lang.Thread.run(Thread.java:748)
05 11, 2022 13:35:53 下午 cn.how2j.diytomcat.catalina.Context <init>
INFO : Deploying web application directory /Users/ruthless/Downloads/大三下/diytomcat/webapps/j2ee
05 11, 2022 13:35:53 下午 cn.how2j.diytomcat.catalina.Context <init>
INFO : Deployment of web application directory /Users/ruthless/Downloads/大三下/diytomcat/webapps/j2ee has finished in 66 ms
05 11, 2022 13:35:53 下午 cn.how2j.diytomcat.catalina.Context <init>
INFO : Deploying web application directory /Users/ruthless/Downloads/大三下/diytomcat/webapps/a
05 11, 2022 13:35:53 下午 cn.how2j.diytomcat.catalina.Context <init>
INFO : Deployment of web application directory /Users/ruthless/Downloads/大三下/diytomcat/webapps/a has finished in 1 ms
05 11, 2022 13:35:53 下午 cn.how2j.diytomcat.catalina.Context <init>
INFO : Deploying web application directory /Users/ruthless/Downloads/大三下/diytomcat/webapps/ROOT
05 11, 2022 13:35:53 下午 cn.how2j.diytomcat.catalina.Context <init>
INFO : Deployment of web application directory /Users/ruthless/Downloads/大三下/diytomcat/webapps/ROOT has finished in 1 ms
05 11, 2022 13:35:53 下午 cn.how2j.diytomcat.catalina.Context <init>
INFO : Deploying web application directory /Users/ruthless/Downloads/大三下/diytomcat/b
05 11, 2022 13:35:53 下午 cn.how2j.diytomcat.catalina.Context <init>
INFO : Deployment of web application directory /Users/ruthless/Downloads/大三下/diytomcat/b has finished in 0 ms
05 11, 2022 13:35:53 下午 cn.how2j.diytomcat.catalina.Context <init>
INFO : Deploying web application directory /Users/ruthless/Downloads/大三下/javaweb/web
05 11, 2022 13:35:53 下午 cn.how2j.diytomcat.catalina.Context <init>
INFO : Deployment of web application directory /Users/ruthless/Downloads/大三下/javaweb/web has finished in 2 ms
05 11, 2022 13:35:53 下午 cn.how2j.diytomcat.catalina.Server logJVM
INFO : Server version:		How2J DiyTomcat/1.0.1
05 11, 2022 13:35:53 下午 cn.how2j.diytomcat.catalina.Server logJVM
INFO : Server built:		2020-04-08 10:20:22
05 11, 2022 13:35:53 下午 cn.how2j.diytomcat.catalina.Server logJVM
INFO : Server number:		1.0.1
05 11, 2022 13:35:53 下午 cn.how2j.diytomcat.catalina.Server logJVM
INFO : OS Name	:		Mac OS X
05 11, 2022 13:35:53 下午 cn.how2j.diytomcat.catalina.Server logJVM
INFO : OS Version:		11.6.1
05 11, 2022 13:35:53 下午 cn.how2j.diytomcat.catalina.Server logJVM
INFO : Architecture:		aarch64
05 11, 2022 13:35:53 下午 cn.how2j.diytomcat.catalina.Server logJVM
INFO : Java Home:		/Library/Java/JavaVirtualMachines/zulu-8.jdk/Contents/Home/jre
05 11, 2022 13:35:53 下午 cn.how2j.diytomcat.catalina.Server logJVM
INFO : JVM Version:		1.8.0_312-b07
05 11, 2022 13:35:53 下午 cn.how2j.diytomcat.catalina.Server logJVM
INFO : JVM Vendor:		Oracle Corporation
05 11, 2022 13:35:53 下午 cn.how2j.diytomcat.catalina.Connector init
INFO : Initializing ProtocolHandler [http-bio-18080]
05 11, 2022 13:35:53 下午 cn.how2j.diytomcat.catalina.Connector init
INFO : Initializing ProtocolHandler [http-bio-18081]
05 11, 2022 13:35:53 下午 cn.how2j.diytomcat.catalina.Connector init
INFO : Initializing ProtocolHandler [http-bio-18082]
05 11, 2022 13:35:53 下午 cn.how2j.diytomcat.catalina.Service init
INFO : Initialization processed in 0 ms
05 11, 2022 13:35:53 下午 cn.how2j.diytomcat.catalina.Connector start
INFO : Starting ProtocolHandler [http-bio-18080]
05 11, 2022 13:35:53 下午 cn.how2j.diytomcat.catalina.Connector start
INFO : Starting ProtocolHandler [http-bio-18081]
05 11, 2022 13:35:53 下午 cn.how2j.diytomcat.catalina.Connector start
INFO : Starting ProtocolHandler [http-bio-18082]
05 11, 2022 13:35:53 下午 cn.how2j.diytomcat.catalina.Server start
INFO : Server startup in 4 ms
05 11, 2022 13:36:33 下午 cn.how2j.diytomcat.watcher.ContextFileChangeWatcher$1 dealWith
INFO : cn.how2j.diytomcat.watcher.ContextFileChangeWatcher@502802a9 检测到了Web应用下的重要文件变化 HelloServlet.class 
05 11, 2022 13:36:33 下午 cn.how2j.diytomcat.catalina.Host reload
INFO : Reloading Context with name [/javaweb] has started
05 11, 2022 13:36:33 下午 cn.how2j.diytomcat.catalina.Context <init>
INFO : Deploying web application directory /Users/ruthless/Downloads/大三下/javaweb/web
05 11, 2022 13:36:33 下午 cn.how2j.diytomcat.catalina.Context <init>
INFO : Deployment of web application directory /Users/ruthless/Downloads/大三下/javaweb/web has finished in 3 ms
05 11, 2022 13:36:33 下午 cn.how2j.diytomcat.catalina.Host reload
INFO : Reloading Context with name [/javaweb] has completed
05 11, 2022 13:45:40 下午 cn.how2j.diytomcat.catalina.Context <init>
INFO : Deploying web application directory /Users/ruthless/Downloads/大三下/diytomcat/webapps/j2ee
05 11, 2022 13:45:40 下午 cn.how2j.diytomcat.catalina.Context <init>
INFO : Deployment of web application directory /Users/ruthless/Downloads/大三下/diytomcat/webapps/j2ee has finished in 61 ms
05 11, 2022 13:45:40 下午 cn.how2j.diytomcat.catalina.Context <init>
INFO : Deploying web application directory /Users/ruthless/Downloads/大三下/diytomcat/webapps/a
05 11, 2022 13:45:40 下午 cn.how2j.diytomcat.catalina.Context <init>
INFO : Deployment of web application directory /Users/ruthless/Downloads/大三下/diytomcat/webapps/a has finished in 1 ms
05 11, 2022 13:45:40 下午 cn.how2j.diytomcat.catalina.Context <init>
INFO : Deploying web application directory /Users/ruthless/Downloads/大三下/diytomcat/webapps/ROOT
05 11, 2022 13:45:40 下午 cn.how2j.diytomcat.catalina.Context <init>
INFO : Deployment of web application directory /Users/ruthless/Downloads/大三下/diytomcat/webapps/ROOT has finished in 0 ms
05 11, 2022 13:45:40 下午 cn.how2j.diytomcat.catalina.Context <init>
INFO : Deploying web application directory /Users/ruthless/Downloads/大三下/diytomcat/b
05 11, 2022 13:45:40 下午 cn.how2j.diytomcat.catalina.Context <init>
INFO : Deployment of web application directory /Users/ruthless/Downloads/大三下/diytomcat/b has finished in 0 ms
05 11, 2022 13:45:40 下午 cn.how2j.diytomcat.catalina.Context <init>
INFO : Deploying web application directory /Users/ruthless/Downloads/大三下/javaweb/web
05 11, 2022 13:45:40 下午 cn.how2j.diytomcat.catalina.Context <init>
INFO : Deployment of web application directory /Users/ruthless/Downloads/大三下/javaweb/web has finished in 1 ms
05 11, 2022 13:45:40 下午 cn.how2j.diytomcat.catalina.Server logJVM
INFO : Server version:		How2J DiyTomcat/1.0.1
05 11, 2022 13:45:40 下午 cn.how2j.diytomcat.catalina.Server logJVM
INFO : Server built:		2020-04-08 10:20:22
05 11, 2022 13:45:40 下午 cn.how2j.diytomcat.catalina.Server logJVM
INFO : Server number:		1.0.1
05 11, 2022 13:45:40 下午 cn.how2j.diytomcat.catalina.Server logJVM
INFO : OS Name	:		Mac OS X
05 11, 2022 13:45:40 下午 cn.how2j.diytomcat.catalina.Server logJVM
INFO : OS Version:		11.6.1
05 11, 2022 13:45:40 下午 cn.how2j.diytomcat.catalina.Server logJVM
INFO : Architecture:		aarch64
05 11, 2022 13:45:40 下午 cn.how2j.diytomcat.catalina.Server logJVM
INFO : Java Home:		/Library/Java/JavaVirtualMachines/zulu-8.jdk/Contents/Home/jre
05 11, 2022 13:45:40 下午 cn.how2j.diytomcat.catalina.Server logJVM
INFO : JVM Version:		1.8.0_312-b07
05 11, 2022 13:45:40 下午 cn.how2j.diytomcat.catalina.Server logJVM
INFO : JVM Vendor:		Oracle Corporation
05 11, 2022 13:45:40 下午 cn.how2j.diytomcat.catalina.Connector init
INFO : Initializing ProtocolHandler [http-bio-18080]
05 11, 2022 13:45:40 下午 cn.how2j.diytomcat.catalina.Connector init
INFO : Initializing ProtocolHandler [http-bio-18081]
05 11, 2022 13:45:40 下午 cn.how2j.diytomcat.catalina.Connector init
INFO : Initializing ProtocolHandler [http-bio-18082]
05 11, 2022 13:45:40 下午 cn.how2j.diytomcat.catalina.Service init
INFO : Initialization processed in 0 ms
05 11, 2022 13:45:40 下午 cn.how2j.diytomcat.catalina.Connector start
INFO : Starting ProtocolHandler [http-bio-18080]
05 11, 2022 13:45:40 下午 cn.how2j.diytomcat.catalina.Connector start
INFO : Starting ProtocolHandler [http-bio-18081]
05 11, 2022 13:45:40 下午 cn.how2j.diytomcat.catalina.Connector start
INFO : Starting ProtocolHandler [http-bio-18082]
05 11, 2022 13:45:40 下午 cn.how2j.diytomcat.catalina.Server start
INFO : Server startup in 3 ms
05 11, 2022 13:45:46 下午 cn.how2j.diytomcat.catalina.HttpProcessor error
ERROR: this is a deliberately created exception
java.lang.RuntimeException: this is a deliberately created exception
	at cn.how2j.diytomcat.servlets.DefaultServlet.service(DefaultServlet.java:43)
	at cn.how2j.diytomcat.catalina.HttpProcessor.execute(HttpProcessor.java:68)
	at cn.how2j.diytomcat.catalina.Connector$1.run(Connector.java:40)
	at java.util.concurrent.ThreadPoolExecutor.runWorker(ThreadPoolExecutor.java:1149)
	at java.util.concurrent.ThreadPoolExecutor$Worker.run(ThreadPoolExecutor.java:624)
	at java.lang.Thread.run(Thread.java:748)
05 11, 2022 14:00:00 下午 cn.how2j.diytomcat.watcher.ContextFileChangeWatcher$1 dealWith
INFO : cn.how2j.diytomcat.watcher.ContextFileChangeWatcher@3bf7b85b 检测到了Web应用下的重要文件变化 web.xml 
05 11, 2022 14:00:00 下午 cn.how2j.diytomcat.catalina.Host reload
INFO : Reloading Context with name [/javaweb] has started
05 11, 2022 14:00:00 下午 cn.how2j.diytomcat.catalina.Context <init>
INFO : Deploying web application directory /Users/ruthless/Downloads/大三下/javaweb/web
05 11, 2022 14:00:00 下午 cn.how2j.diytomcat.catalina.Context <init>
INFO : Deployment of web application directory /Users/ruthless/Downloads/大三下/javaweb/web has finished in 12 ms
05 11, 2022 14:00:00 下午 cn.how2j.diytomcat.catalina.Host reload
INFO : Reloading Context with name [/javaweb] has completed
05 11, 2022 15:50:56 下午 cn.how2j.diytomcat.catalina.Context <init>
INFO : Deploying web application directory /Users/ruthless/Downloads/大三下/diytomcat/webapps/j2ee
05 11, 2022 15:50:56 下午 cn.how2j.diytomcat.catalina.Context <init>
INFO : Deployment of web application directory /Users/ruthless/Downloads/大三下/diytomcat/webapps/j2ee has finished in 89 ms
05 11, 2022 15:50:56 下午 cn.how2j.diytomcat.catalina.Context <init>
INFO : Deploying web application directory /Users/ruthless/Downloads/大三下/diytomcat/webapps/a
05 11, 2022 15:50:56 下午 cn.how2j.diytomcat.catalina.Context <init>
INFO : Deployment of web application directory /Users/ruthless/Downloads/大三下/diytomcat/webapps/a has finished in 2 ms
05 11, 2022 15:50:56 下午 cn.how2j.diytomcat.catalina.Context <init>
INFO : Deploying web application directory /Users/ruthless/Downloads/大三下/diytomcat/webapps/ROOT
05 11, 2022 15:50:56 下午 cn.how2j.diytomcat.catalina.Context <init>
INFO : Deployment of web application directory /Users/ruthless/Downloads/大三下/diytomcat/webapps/ROOT has finished in 2 ms
05 11, 2022 15:50:56 下午 cn.how2j.diytomcat.catalina.Context <init>
INFO : Deploying web application directory /Users/ruthless/Downloads/大三下/diytomcat/b
05 11, 2022 15:50:56 下午 cn.how2j.diytomcat.catalina.Context <init>
INFO : Deployment of web application directory /Users/ruthless/Downloads/大三下/diytomcat/b has finished in 1 ms
05 11, 2022 15:50:56 下午 cn.how2j.diytomcat.catalina.Context <init>
INFO : Deploying web application directory /Users/ruthless/Downloads/大三下/javaweb/web
05 11, 2022 15:50:56 下午 cn.how2j.diytomcat.catalina.Context <init>
INFO : Deployment of web application directory /Users/ruthless/Downloads/大三下/javaweb/web has finished in 2 ms
05 11, 2022 15:50:56 下午 cn.how2j.diytomcat.catalina.Server logJVM
INFO : Server version:		How2J DiyTomcat/1.0.1
05 11, 2022 15:50:56 下午 cn.how2j.diytomcat.catalina.Server logJVM
INFO : Server built:		2020-04-08 10:20:22
05 11, 2022 15:50:56 下午 cn.how2j.diytomcat.catalina.Server logJVM
INFO : Server number:		1.0.1
05 11, 2022 15:50:56 下午 cn.how2j.diytomcat.catalina.Server logJVM
INFO : OS Name	:		Mac OS X
05 11, 2022 15:50:56 下午 cn.how2j.diytomcat.catalina.Server logJVM
INFO : OS Version:		11.6.1
05 11, 2022 15:50:56 下午 cn.how2j.diytomcat.catalina.Server logJVM
INFO : Architecture:		aarch64
05 11, 2022 15:50:56 下午 cn.how2j.diytomcat.catalina.Server logJVM
INFO : Java Home:		/Library/Java/JavaVirtualMachines/zulu-8.jdk/Contents/Home/jre
05 11, 2022 15:50:56 下午 cn.how2j.diytomcat.catalina.Server logJVM
INFO : JVM Version:		1.8.0_312-b07
05 11, 2022 15:50:56 下午 cn.how2j.diytomcat.catalina.Server logJVM
INFO : JVM Vendor:		Oracle Corporation
05 11, 2022 15:50:56 下午 cn.how2j.diytomcat.catalina.Connector init
INFO : Initializing ProtocolHandler [http-bio-18080]
05 11, 2022 15:50:56 下午 cn.how2j.diytomcat.catalina.Connector init
INFO : Initializing ProtocolHandler [http-bio-18081]
05 11, 2022 15:50:56 下午 cn.how2j.diytomcat.catalina.Connector init
INFO : Initializing ProtocolHandler [http-bio-18082]
05 11, 2022 15:50:56 下午 cn.how2j.diytomcat.catalina.Service init
INFO : Initialization processed in 0 ms
05 11, 2022 15:50:56 下午 cn.how2j.diytomcat.catalina.Connector start
INFO : Starting ProtocolHandler [http-bio-18080]
05 11, 2022 15:50:56 下午 cn.how2j.diytomcat.catalina.Connector start
INFO : Starting ProtocolHandler [http-bio-18081]
05 11, 2022 15:50:56 下午 cn.how2j.diytomcat.catalina.Connector start
INFO : Starting ProtocolHandler [http-bio-18082]
05 11, 2022 15:50:56 下午 cn.how2j.diytomcat.catalina.Server start
INFO : Server startup in 5 ms
05 11, 2022 15:51:36 下午 cn.how2j.diytomcat.watcher.ContextFileChangeWatcher$1 dealWith
INFO : cn.how2j.diytomcat.watcher.ContextFileChangeWatcher@4e09e1a4 检测到了Web应用下的重要文件变化 HelloServlet.class 
05 11, 2022 15:51:36 下午 cn.how2j.diytomcat.catalina.Host reload
INFO : Reloading Context with name [/javaweb] has started
05 11, 2022 15:51:36 下午 cn.how2j.diytomcat.catalina.Context <init>
INFO : Deploying web application directory /Users/ruthless/Downloads/大三下/javaweb/web
05 11, 2022 15:51:36 下午 cn.how2j.diytomcat.catalina.Context <init>
INFO : Deployment of web application directory /Users/ruthless/Downloads/大三下/javaweb/web has finished in 4 ms
05 11, 2022 15:51:36 下午 cn.how2j.diytomcat.catalina.Host reload
INFO : Reloading Context with name [/javaweb] has completed
05 11, 2022 15:52:36 下午 cn.how2j.diytomcat.watcher.ContextFileChangeWatcher$1 dealWith
INFO : cn.how2j.diytomcat.watcher.ContextFileChangeWatcher@3a3d0169 检测到了Web应用下的重要文件变化 HelloServlet.class 
05 11, 2022 15:52:36 下午 cn.how2j.diytomcat.catalina.Host reload
INFO : Reloading Context with name [/javaweb] has started
05 11, 2022 15:52:36 下午 cn.how2j.diytomcat.catalina.Context <init>
INFO : Deploying web application directory /Users/ruthless/Downloads/大三下/javaweb/web
05 11, 2022 15:52:36 下午 cn.how2j.diytomcat.catalina.Context <init>
INFO : Deployment of web application directory /Users/ruthless/Downloads/大三下/javaweb/web has finished in 13 ms
05 11, 2022 15:52:36 下午 cn.how2j.diytomcat.catalina.Host reload
INFO : Reloading Context with name [/javaweb] has completed
05 11, 2022 15:57:02 下午 cn.how2j.diytomcat.catalina.HttpProcessor error
ERROR: this is a deliberately created exception
java.lang.RuntimeException: this is a deliberately created exception
	at cn.how2j.diytomcat.servlets.DefaultServlet.service(DefaultServlet.java:43)
	at cn.how2j.diytomcat.catalina.HttpProcessor.execute(HttpProcessor.java:68)
	at cn.how2j.diytomcat.catalina.Connector$1.run(Connector.java:40)
	at java.util.concurrent.ThreadPoolExecutor.runWorker(ThreadPoolExecutor.java:1149)
	at java.util.concurrent.ThreadPoolExecutor$Worker.run(ThreadPoolExecutor.java:624)
	at java.lang.Thread.run(Thread.java:748)
05 11, 2022 16:02:06 下午 cn.how2j.diytomcat.watcher.ContextFileChangeWatcher$1 dealWith
INFO : cn.how2j.diytomcat.watcher.ContextFileChangeWatcher@51a649ad 检测到了Web应用下的重要文件变化 web.xml 
05 11, 2022 16:02:06 下午 cn.how2j.diytomcat.catalina.Host reload
INFO : Reloading Context with name [/javaweb] has started
05 11, 2022 16:02:06 下午 cn.how2j.diytomcat.catalina.Context <init>
INFO : Deploying web application directory /Users/ruthless/Downloads/大三下/javaweb/web
05 11, 2022 16:02:06 下午 cn.how2j.diytomcat.catalina.Context <init>
INFO : Deployment of web application directory /Users/ruthless/Downloads/大三下/javaweb/web has finished in 2 ms
05 11, 2022 16:02:06 下午 cn.how2j.diytomcat.catalina.Host reload
INFO : Reloading Context with name [/javaweb] has completed
05 11, 2022 16:15:36 下午 cn.how2j.diytomcat.catalina.Context <init>
INFO : Deploying web application directory /Users/ruthless/Downloads/大三下/diytomcat/webapps/j2ee
05 11, 2022 16:15:36 下午 cn.how2j.diytomcat.catalina.Context <init>
INFO : Deployment of web application directory /Users/ruthless/Downloads/大三下/diytomcat/webapps/j2ee has finished in 55 ms
05 11, 2022 16:15:36 下午 cn.how2j.diytomcat.catalina.Context <init>
INFO : Deploying web application directory /Users/ruthless/Downloads/大三下/diytomcat/webapps/a
05 11, 2022 16:15:36 下午 cn.how2j.diytomcat.catalina.Context <init>
INFO : Deployment of web application directory /Users/ruthless/Downloads/大三下/diytomcat/webapps/a has finished in 1 ms
05 11, 2022 16:15:36 下午 cn.how2j.diytomcat.catalina.Context <init>
INFO : Deploying web application directory /Users/ruthless/Downloads/大三下/diytomcat/webapps/ROOT
05 11, 2022 16:15:36 下午 cn.how2j.diytomcat.catalina.Context <init>
INFO : Deployment of web application directory /Users/ruthless/Downloads/大三下/diytomcat/webapps/ROOT has finished in 0 ms
05 11, 2022 16:15:36 下午 cn.how2j.diytomcat.catalina.Context <init>
INFO : Deploying web application directory /Users/ruthless/Downloads/大三下/diytomcat/b
05 11, 2022 16:15:36 下午 cn.how2j.diytomcat.catalina.Context <init>
INFO : Deployment of web application directory /Users/ruthless/Downloads/大三下/diytomcat/b has finished in 0 ms
05 11, 2022 16:15:36 下午 cn.how2j.diytomcat.catalina.Context <init>
INFO : Deploying web application directory /Users/ruthless/Downloads/大三下/javaweb/web
05 11, 2022 16:15:36 下午 cn.how2j.diytomcat.catalina.Context <init>
INFO : Deployment of web application directory /Users/ruthless/Downloads/大三下/javaweb/web has finished in 4 ms
05 11, 2022 16:15:36 下午 cn.how2j.diytomcat.catalina.Server logJVM
INFO : Server version:		How2J DiyTomcat/1.0.1
05 11, 2022 16:15:36 下午 cn.how2j.diytomcat.catalina.Server logJVM
INFO : Server built:		2020-04-08 10:20:22
05 11, 2022 16:15:36 下午 cn.how2j.diytomcat.catalina.Server logJVM
INFO : Server number:		1.0.1
05 11, 2022 16:15:36 下午 cn.how2j.diytomcat.catalina.Server logJVM
INFO : OS Name	:		Mac OS X
05 11, 2022 16:15:36 下午 cn.how2j.diytomcat.catalina.Server logJVM
INFO : OS Version:		11.6.1
05 11, 2022 16:15:36 下午 cn.how2j.diytomcat.catalina.Server logJVM
INFO : Architecture:		aarch64
05 11, 2022 16:15:36 下午 cn.how2j.diytomcat.catalina.Server logJVM
INFO : Java Home:		/Library/Java/JavaVirtualMachines/zulu-8.jdk/Contents/Home/jre
05 11, 2022 16:15:36 下午 cn.how2j.diytomcat.catalina.Server logJVM
INFO : JVM Version:		1.8.0_312-b07
05 11, 2022 16:15:36 下午 cn.how2j.diytomcat.catalina.Server logJVM
INFO : JVM Vendor:		Oracle Corporation
05 11, 2022 16:15:36 下午 cn.how2j.diytomcat.catalina.Connector init
INFO : Initializing ProtocolHandler [http-bio-18080]
05 11, 2022 16:15:36 下午 cn.how2j.diytomcat.catalina.Connector init
INFO : Initializing ProtocolHandler [http-bio-18081]
05 11, 2022 16:15:36 下午 cn.how2j.diytomcat.catalina.Connector init
INFO : Initializing ProtocolHandler [http-bio-18082]
05 11, 2022 16:15:36 下午 cn.how2j.diytomcat.catalina.Service init
INFO : Initialization processed in 0 ms
05 11, 2022 16:15:36 下午 cn.how2j.diytomcat.catalina.Connector start
INFO : Starting ProtocolHandler [http-bio-18080]
05 11, 2022 16:15:36 下午 cn.how2j.diytomcat.catalina.Connector start
INFO : Starting ProtocolHandler [http-bio-18081]
05 11, 2022 16:15:36 下午 cn.how2j.diytomcat.catalina.Connector start
INFO : Starting ProtocolHandler [http-bio-18082]
05 11, 2022 16:15:36 下午 cn.how2j.diytomcat.catalina.Server start
INFO : Server startup in 2 ms
05 11, 2022 16:15:39 下午 cn.how2j.diytomcat.catalina.HttpProcessor error
ERROR: this is a deliberately created exception
java.lang.RuntimeException: this is a deliberately created exception
	at cn.how2j.diytomcat.servlets.DefaultServlet.service(DefaultServlet.java:43)
	at cn.how2j.diytomcat.catalina.HttpProcessor.execute(HttpProcessor.java:68)
	at cn.how2j.diytomcat.catalina.Connector$1.run(Connector.java:40)
	at java.util.concurrent.ThreadPoolExecutor.runWorker(ThreadPoolExecutor.java:1149)
	at java.util.concurrent.ThreadPoolExecutor$Worker.run(ThreadPoolExecutor.java:624)
	at java.lang.Thread.run(Thread.java:748)
05 11, 2022 16:18:15 下午 cn.how2j.diytomcat.catalina.HttpProcessor error
ERROR: this is a deliberately created exception
java.lang.RuntimeException: this is a deliberately created exception
	at cn.how2j.diytomcat.servlets.DefaultServlet.service(DefaultServlet.java:43)
	at cn.how2j.diytomcat.catalina.HttpProcessor.execute(HttpProcessor.java:68)
	at cn.how2j.diytomcat.catalina.Connector$1.run(Connector.java:40)
	at java.util.concurrent.ThreadPoolExecutor.runWorker(ThreadPoolExecutor.java:1149)
	at java.util.concurrent.ThreadPoolExecutor$Worker.run(ThreadPoolExecutor.java:624)
	at java.lang.Thread.run(Thread.java:748)
05 11, 2022 16:18:25 下午 cn.how2j.diytomcat.catalina.Context <init>
INFO : Deploying web application directory /Users/ruthless/Downloads/大三下/diytomcat/webapps/j2ee
05 11, 2022 16:18:25 下午 cn.how2j.diytomcat.catalina.Context <init>
INFO : Deployment of web application directory /Users/ruthless/Downloads/大三下/diytomcat/webapps/j2ee has finished in 69 ms
05 11, 2022 16:18:25 下午 cn.how2j.diytomcat.catalina.Context <init>
INFO : Deploying web application directory /Users/ruthless/Downloads/大三下/diytomcat/webapps/a
05 11, 2022 16:18:25 下午 cn.how2j.diytomcat.catalina.Context <init>
INFO : Deployment of web application directory /Users/ruthless/Downloads/大三下/diytomcat/webapps/a has finished in 1 ms
05 11, 2022 16:18:25 下午 cn.how2j.diytomcat.catalina.Context <init>
INFO : Deploying web application directory /Users/ruthless/Downloads/大三下/diytomcat/webapps/ROOT
05 11, 2022 16:18:25 下午 cn.how2j.diytomcat.catalina.Context <init>
INFO : Deployment of web application directory /Users/ruthless/Downloads/大三下/diytomcat/webapps/ROOT has finished in 1 ms
05 11, 2022 16:18:25 下午 cn.how2j.diytomcat.catalina.Context <init>
INFO : Deploying web application directory /Users/ruthless/Downloads/大三下/diytomcat/b
05 11, 2022 16:18:25 下午 cn.how2j.diytomcat.catalina.Context <init>
INFO : Deployment of web application directory /Users/ruthless/Downloads/大三下/diytomcat/b has finished in 0 ms
05 11, 2022 16:18:25 下午 cn.how2j.diytomcat.catalina.Context <init>
INFO : Deploying web application directory /Users/ruthless/Downloads/大三下/javaweb/web
05 11, 2022 16:18:25 下午 cn.how2j.diytomcat.catalina.Context <init>
INFO : Deployment of web application directory /Users/ruthless/Downloads/大三下/javaweb/web has finished in 9 ms
05 11, 2022 16:18:25 下午 cn.how2j.diytomcat.catalina.Server logJVM
INFO : Server version:		How2J DiyTomcat/1.0.1
05 11, 2022 16:18:25 下午 cn.how2j.diytomcat.catalina.Server logJVM
INFO : Server built:		2020-04-08 10:20:22
05 11, 2022 16:18:25 下午 cn.how2j.diytomcat.catalina.Server logJVM
INFO : Server number:		1.0.1
05 11, 2022 16:18:25 下午 cn.how2j.diytomcat.catalina.Server logJVM
INFO : OS Name	:		Mac OS X
05 11, 2022 16:18:25 下午 cn.how2j.diytomcat.catalina.Server logJVM
INFO : OS Version:		11.6.1
05 11, 2022 16:18:25 下午 cn.how2j.diytomcat.catalina.Server logJVM
INFO : Architecture:		aarch64
05 11, 2022 16:18:25 下午 cn.how2j.diytomcat.catalina.Server logJVM
INFO : Java Home:		/Library/Java/JavaVirtualMachines/zulu-8.jdk/Contents/Home/jre
05 11, 2022 16:18:25 下午 cn.how2j.diytomcat.catalina.Server logJVM
INFO : JVM Version:		1.8.0_312-b07
05 11, 2022 16:18:25 下午 cn.how2j.diytomcat.catalina.Server logJVM
INFO : JVM Vendor:		Oracle Corporation
05 11, 2022 16:18:25 下午 cn.how2j.diytomcat.catalina.Connector init
INFO : Initializing ProtocolHandler [http-bio-18080]
05 11, 2022 16:18:25 下午 cn.how2j.diytomcat.catalina.Connector init
INFO : Initializing ProtocolHandler [http-bio-18081]
05 11, 2022 16:18:25 下午 cn.how2j.diytomcat.catalina.Connector init
INFO : Initializing ProtocolHandler [http-bio-18082]
05 11, 2022 16:18:25 下午 cn.how2j.diytomcat.catalina.Service init
INFO : Initialization processed in 0 ms
05 11, 2022 16:18:25 下午 cn.how2j.diytomcat.catalina.Connector start
INFO : Starting ProtocolHandler [http-bio-18080]
05 11, 2022 16:18:25 下午 cn.how2j.diytomcat.catalina.Connector start
INFO : Starting ProtocolHandler [http-bio-18081]
05 11, 2022 16:18:25 下午 cn.how2j.diytomcat.catalina.Connector start
INFO : Starting ProtocolHandler [http-bio-18082]
05 11, 2022 16:18:25 下午 cn.how2j.diytomcat.catalina.Server start
INFO : Server startup in 3 ms
05 11, 2022 16:22:25 下午 cn.how2j.diytomcat.watcher.ContextFileChangeWatcher$1 dealWith
INFO : cn.how2j.diytomcat.watcher.ContextFileChangeWatcher@65f25ef7 检测到了Web应用下的重要文件变化 web.xml 
05 11, 2022 16:22:25 下午 cn.how2j.diytomcat.catalina.Host reload
INFO : Reloading Context with name [/javaweb] has started
05 11, 2022 16:22:25 下午 cn.how2j.diytomcat.catalina.Context <init>
INFO : Deploying web application directory /Users/ruthless/Downloads/大三下/javaweb/web
05 11, 2022 16:22:25 下午 cn.how2j.diytomcat.catalina.Context <init>
INFO : Deployment of web application directory /Users/ruthless/Downloads/大三下/javaweb/web has finished in 12 ms
05 11, 2022 16:22:25 下午 cn.how2j.diytomcat.catalina.Host reload
INFO : Reloading Context with name [/javaweb] has completed
05 11, 2022 16:35:05 下午 cn.how2j.diytomcat.catalina.Context <init>
INFO : Deploying web application directory /Users/ruthless/Downloads/大三下/diytomcat/webapps/j2ee
05 11, 2022 16:35:05 下午 cn.how2j.diytomcat.catalina.Context <init>
INFO : Deployment of web application directory /Users/ruthless/Downloads/大三下/diytomcat/webapps/j2ee has finished in 60 ms
05 11, 2022 16:35:05 下午 cn.how2j.diytomcat.catalina.Context <init>
INFO : Deploying web application directory /Users/ruthless/Downloads/大三下/diytomcat/webapps/a
05 11, 2022 16:35:05 下午 cn.how2j.diytomcat.catalina.Context <init>
INFO : Deployment of web application directory /Users/ruthless/Downloads/大三下/diytomcat/webapps/a has finished in 1 ms
05 11, 2022 16:35:05 下午 cn.how2j.diytomcat.catalina.Context <init>
INFO : Deploying web application directory /Users/ruthless/Downloads/大三下/diytomcat/webapps/ROOT
05 11, 2022 16:35:05 下午 cn.how2j.diytomcat.catalina.Context <init>
INFO : Deployment of web application directory /Users/ruthless/Downloads/大三下/diytomcat/webapps/ROOT has finished in 1 ms
05 11, 2022 16:35:05 下午 cn.how2j.diytomcat.catalina.Context <init>
INFO : Deploying web application directory /Users/ruthless/Downloads/大三下/diytomcat/b
05 11, 2022 16:35:05 下午 cn.how2j.diytomcat.catalina.Context <init>
INFO : Deployment of web application directory /Users/ruthless/Downloads/大三下/diytomcat/b has finished in 1 ms
05 11, 2022 16:35:05 下午 cn.how2j.diytomcat.catalina.Context <init>
INFO : Deploying web application directory /Users/ruthless/Downloads/大三下/javaweb/web
05 11, 2022 16:35:05 下午 cn.how2j.diytomcat.catalina.Context <init>
INFO : Deployment of web application directory /Users/ruthless/Downloads/大三下/javaweb/web has finished in 6 ms
05 11, 2022 16:35:05 下午 cn.how2j.diytomcat.catalina.Server logJVM
INFO : Server version:		How2J DiyTomcat/1.0.1
05 11, 2022 16:35:05 下午 cn.how2j.diytomcat.catalina.Server logJVM
INFO : Server built:		2020-04-08 10:20:22
05 11, 2022 16:35:05 下午 cn.how2j.diytomcat.catalina.Server logJVM
INFO : Server number:		1.0.1
05 11, 2022 16:35:05 下午 cn.how2j.diytomcat.catalina.Server logJVM
INFO : OS Name	:		Mac OS X
05 11, 2022 16:35:05 下午 cn.how2j.diytomcat.catalina.Server logJVM
INFO : OS Version:		11.6.1
05 11, 2022 16:35:05 下午 cn.how2j.diytomcat.catalina.Server logJVM
INFO : Architecture:		aarch64
05 11, 2022 16:35:05 下午 cn.how2j.diytomcat.catalina.Server logJVM
INFO : Java Home:		/Library/Java/JavaVirtualMachines/zulu-8.jdk/Contents/Home/jre
05 11, 2022 16:35:05 下午 cn.how2j.diytomcat.catalina.Server logJVM
INFO : JVM Version:		1.8.0_312-b07
05 11, 2022 16:35:05 下午 cn.how2j.diytomcat.catalina.Server logJVM
INFO : JVM Vendor:		Oracle Corporation
05 11, 2022 16:35:05 下午 cn.how2j.diytomcat.catalina.Connector init
INFO : Initializing ProtocolHandler [http-bio-18080]
05 11, 2022 16:35:05 下午 cn.how2j.diytomcat.catalina.Connector init
INFO : Initializing ProtocolHandler [http-bio-18081]
05 11, 2022 16:35:05 下午 cn.how2j.diytomcat.catalina.Connector init
INFO : Initializing ProtocolHandler [http-bio-18082]
05 11, 2022 16:35:05 下午 cn.how2j.diytomcat.catalina.Service init
INFO : Initialization processed in 0 ms
05 11, 2022 16:35:05 下午 cn.how2j.diytomcat.catalina.Connector start
INFO : Starting ProtocolHandler [http-bio-18080]
05 11, 2022 16:35:05 下午 cn.how2j.diytomcat.catalina.Connector start
INFO : Starting ProtocolHandler [http-bio-18081]
05 11, 2022 16:35:05 下午 cn.how2j.diytomcat.catalina.Connector start
INFO : Starting ProtocolHandler [http-bio-18082]
05 11, 2022 16:35:05 下午 cn.how2j.diytomcat.catalina.Server start
INFO : Server startup in 3 ms
05 11, 2022 16:35:10 下午 cn.how2j.diytomcat.catalina.HttpProcessor error
ERROR: this is a deliberately created exception
java.lang.RuntimeException: this is a deliberately created exception
	at cn.how2j.diytomcat.servlets.DefaultServlet.service(DefaultServlet.java:43)
	at cn.how2j.diytomcat.catalina.HttpProcessor.execute(HttpProcessor.java:68)
	at cn.how2j.diytomcat.catalina.Connector$1.run(Connector.java:40)
	at java.util.concurrent.ThreadPoolExecutor.runWorker(ThreadPoolExecutor.java:1149)
	at java.util.concurrent.ThreadPoolExecutor$Worker.run(ThreadPoolExecutor.java:624)
	at java.lang.Thread.run(Thread.java:748)
05 11, 2022 16:35:10 下午 cn.how2j.diytomcat.catalina.HttpProcessor error
ERROR: java.lang.ClassNotFoundException: cn.how2j.javaweb.ParamServlet
java.lang.RuntimeException: java.lang.ClassNotFoundException: cn.how2j.javaweb.ParamServlet
	at cn.how2j.diytomcat.servlets.InvokerServlet.service(InvokerServlet.java:53)
	at cn.how2j.diytomcat.catalina.HttpProcessor.execute(HttpProcessor.java:66)
	at cn.how2j.diytomcat.catalina.Connector$1.run(Connector.java:40)
	at java.util.concurrent.ThreadPoolExecutor.runWorker(ThreadPoolExecutor.java:1149)
	at java.util.concurrent.ThreadPoolExecutor$Worker.run(ThreadPoolExecutor.java:624)
	at java.lang.Thread.run(Thread.java:748)
Caused by: java.lang.ClassNotFoundException: cn.how2j.javaweb.ParamServlet
	at java.net.URLClassLoader.findClass(URLClassLoader.java:387)
	at java.lang.ClassLoader.loadClass(ClassLoader.java:419)
	at java.lang.ClassLoader.loadClass(ClassLoader.java:352)
	at cn.how2j.diytomcat.servlets.InvokerServlet.service(InvokerServlet.java:47)
	... 5 more
05 11, 2022 16:35:10 下午 cn.how2j.diytomcat.catalina.HttpProcessor error
ERROR: java.lang.ClassNotFoundException: cn.how2j.javaweb.ParamServlet
java.lang.RuntimeException: java.lang.ClassNotFoundException: cn.how2j.javaweb.ParamServlet
	at cn.how2j.diytomcat.servlets.InvokerServlet.service(InvokerServlet.java:53)
	at cn.how2j.diytomcat.catalina.HttpProcessor.execute(HttpProcessor.java:66)
	at cn.how2j.diytomcat.catalina.Connector$1.run(Connector.java:40)
	at java.util.concurrent.ThreadPoolExecutor.runWorker(ThreadPoolExecutor.java:1149)
	at java.util.concurrent.ThreadPoolExecutor$Worker.run(ThreadPoolExecutor.java:624)
	at java.lang.Thread.run(Thread.java:748)
Caused by: java.lang.ClassNotFoundException: cn.how2j.javaweb.ParamServlet
	at java.net.URLClassLoader.findClass(URLClassLoader.java:387)
	at java.lang.ClassLoader.loadClass(ClassLoader.java:419)
	at java.lang.ClassLoader.loadClass(ClassLoader.java:352)
	at cn.how2j.diytomcat.servlets.InvokerServlet.service(InvokerServlet.java:47)
	... 5 more
05 11, 2022 16:35:24 下午 cn.how2j.diytomcat.catalina.HttpProcessor error
ERROR: this is a deliberately created exception
java.lang.RuntimeException: this is a deliberately created exception
	at cn.how2j.diytomcat.servlets.DefaultServlet.service(DefaultServlet.java:43)
	at cn.how2j.diytomcat.catalina.HttpProcessor.execute(HttpProcessor.java:68)
	at cn.how2j.diytomcat.catalina.Connector$1.run(Connector.java:40)
	at java.util.concurrent.ThreadPoolExecutor.runWorker(ThreadPoolExecutor.java:1149)
	at java.util.concurrent.ThreadPoolExecutor$Worker.run(ThreadPoolExecutor.java:624)
	at java.lang.Thread.run(Thread.java:748)
05 11, 2022 16:35:25 下午 cn.how2j.diytomcat.watcher.ContextFileChangeWatcher$1 dealWith
INFO : cn.how2j.diytomcat.watcher.ContextFileChangeWatcher@2af4c22e 检测到了Web应用下的重要文件变化 HelloServlet.class 
05 11, 2022 16:35:25 下午 cn.how2j.diytomcat.catalina.Host reload
INFO : Reloading Context with name [/javaweb] has started
05 11, 2022 16:35:25 下午 cn.how2j.diytomcat.catalina.Context <init>
INFO : Deploying web application directory /Users/ruthless/Downloads/大三下/javaweb/web
05 11, 2022 16:35:25 下午 cn.how2j.diytomcat.catalina.Context <init>
INFO : Deployment of web application directory /Users/ruthless/Downloads/大三下/javaweb/web has finished in 3 ms
05 11, 2022 16:35:25 下午 cn.how2j.diytomcat.catalina.Host reload
INFO : Reloading Context with name [/javaweb] has completed
05 11, 2022 16:43:55 下午 cn.how2j.diytomcat.watcher.ContextFileChangeWatcher$1 dealWith
INFO : cn.how2j.diytomcat.watcher.ContextFileChangeWatcher@36e1859a 检测到了Web应用下的重要文件变化 web.xml 
05 11, 2022 16:43:55 下午 cn.how2j.diytomcat.catalina.Host reload
INFO : Reloading Context with name [/javaweb] has started
05 11, 2022 16:43:55 下午 cn.how2j.diytomcat.catalina.Context <init>
INFO : Deploying web application directory /Users/ruthless/Downloads/大三下/javaweb/web
05 11, 2022 16:43:55 下午 cn.how2j.diytomcat.catalina.Context <init>
INFO : Deployment of web application directory /Users/ruthless/Downloads/大三下/javaweb/web has finished in 7 ms
05 11, 2022 16:43:55 下午 cn.how2j.diytomcat.catalina.Host reload
INFO : Reloading Context with name [/javaweb] has completed
05 11, 2022 16:44:12 下午 cn.how2j.diytomcat.catalina.Context <init>
INFO : Deploying web application directory /Users/ruthless/Downloads/大三下/diytomcat/webapps/j2ee
05 11, 2022 16:44:12 下午 cn.how2j.diytomcat.catalina.Context <init>
INFO : Deployment of web application directory /Users/ruthless/Downloads/大三下/diytomcat/webapps/j2ee has finished in 56 ms
05 11, 2022 16:44:12 下午 cn.how2j.diytomcat.catalina.Context <init>
INFO : Deploying web application directory /Users/ruthless/Downloads/大三下/diytomcat/webapps/a
05 11, 2022 16:44:12 下午 cn.how2j.diytomcat.catalina.Context <init>
INFO : Deployment of web application directory /Users/ruthless/Downloads/大三下/diytomcat/webapps/a has finished in 1 ms
05 11, 2022 16:44:12 下午 cn.how2j.diytomcat.catalina.Context <init>
INFO : Deploying web application directory /Users/ruthless/Downloads/大三下/diytomcat/webapps/ROOT
05 11, 2022 16:44:12 下午 cn.how2j.diytomcat.catalina.Context <init>
INFO : Deployment of web application directory /Users/ruthless/Downloads/大三下/diytomcat/webapps/ROOT has finished in 0 ms
05 11, 2022 16:44:12 下午 cn.how2j.diytomcat.catalina.Context <init>
INFO : Deploying web application directory /Users/ruthless/Downloads/大三下/diytomcat/b
05 11, 2022 16:44:12 下午 cn.how2j.diytomcat.catalina.Context <init>
INFO : Deployment of web application directory /Users/ruthless/Downloads/大三下/diytomcat/b has finished in 0 ms
05 11, 2022 16:44:12 下午 cn.how2j.diytomcat.catalina.Context <init>
INFO : Deploying web application directory /Users/ruthless/Downloads/大三下/javaweb/web
05 11, 2022 16:44:12 下午 cn.how2j.diytomcat.catalina.Context <init>
INFO : Deployment of web application directory /Users/ruthless/Downloads/大三下/javaweb/web has finished in 5 ms
05 11, 2022 16:44:12 下午 cn.how2j.diytomcat.catalina.Server logJVM
INFO : Server version:		How2J DiyTomcat/1.0.1
05 11, 2022 16:44:12 下午 cn.how2j.diytomcat.catalina.Server logJVM
INFO : Server built:		2020-04-08 10:20:22
05 11, 2022 16:44:12 下午 cn.how2j.diytomcat.catalina.Server logJVM
INFO : Server number:		1.0.1
05 11, 2022 16:44:12 下午 cn.how2j.diytomcat.catalina.Server logJVM
INFO : OS Name	:		Mac OS X
05 11, 2022 16:44:12 下午 cn.how2j.diytomcat.catalina.Server logJVM
INFO : OS Version:		11.6.1
05 11, 2022 16:44:12 下午 cn.how2j.diytomcat.catalina.Server logJVM
INFO : Architecture:		aarch64
05 11, 2022 16:44:12 下午 cn.how2j.diytomcat.catalina.Server logJVM
INFO : Java Home:		/Library/Java/JavaVirtualMachines/zulu-8.jdk/Contents/Home/jre
05 11, 2022 16:44:12 下午 cn.how2j.diytomcat.catalina.Server logJVM
INFO : JVM Version:		1.8.0_312-b07
05 11, 2022 16:44:12 下午 cn.how2j.diytomcat.catalina.Server logJVM
INFO : JVM Vendor:		Oracle Corporation
05 11, 2022 16:44:12 下午 cn.how2j.diytomcat.catalina.Connector init
INFO : Initializing ProtocolHandler [http-bio-18080]
05 11, 2022 16:44:12 下午 cn.how2j.diytomcat.catalina.Connector init
INFO : Initializing ProtocolHandler [http-bio-18081]
05 11, 2022 16:44:12 下午 cn.how2j.diytomcat.catalina.Connector init
INFO : Initializing ProtocolHandler [http-bio-18082]
05 11, 2022 16:44:12 下午 cn.how2j.diytomcat.catalina.Service init
INFO : Initialization processed in 0 ms
05 11, 2022 16:44:12 下午 cn.how2j.diytomcat.catalina.Connector start
INFO : Starting ProtocolHandler [http-bio-18080]
05 11, 2022 16:44:12 下午 cn.how2j.diytomcat.catalina.Connector start
INFO : Starting ProtocolHandler [http-bio-18081]
05 11, 2022 16:44:12 下午 cn.how2j.diytomcat.catalina.Connector start
INFO : Starting ProtocolHandler [http-bio-18082]
05 11, 2022 16:44:12 下午 cn.how2j.diytomcat.catalina.Server start
INFO : Server startup in 3 ms
05 11, 2022 16:44:16 下午 cn.how2j.diytomcat.catalina.HttpProcessor error
ERROR: this is a deliberately created exception
java.lang.RuntimeException: this is a deliberately created exception
	at cn.how2j.diytomcat.servlets.DefaultServlet.service(DefaultServlet.java:43)
	at cn.how2j.diytomcat.catalina.HttpProcessor.execute(HttpProcessor.java:68)
	at cn.how2j.diytomcat.catalina.Connector$1.run(Connector.java:40)
	at java.util.concurrent.ThreadPoolExecutor.runWorker(ThreadPoolExecutor.java:1149)
	at java.util.concurrent.ThreadPoolExecutor$Worker.run(ThreadPoolExecutor.java:624)
	at java.lang.Thread.run(Thread.java:748)
05 11, 2022 16:54:27 下午 cn.how2j.diytomcat.catalina.Context <init>
INFO : Deploying web application directory /Users/ruthless/Downloads/大三下/diytomcat/webapps/j2ee
05 11, 2022 16:54:27 下午 cn.how2j.diytomcat.catalina.Context <init>
INFO : Deployment of web application directory /Users/ruthless/Downloads/大三下/diytomcat/webapps/j2ee has finished in 56 ms
05 11, 2022 16:54:27 下午 cn.how2j.diytomcat.catalina.Context <init>
INFO : Deploying web application directory /Users/ruthless/Downloads/大三下/diytomcat/webapps/a
05 11, 2022 16:54:27 下午 cn.how2j.diytomcat.catalina.Context <init>
INFO : Deployment of web application directory /Users/ruthless/Downloads/大三下/diytomcat/webapps/a has finished in 1 ms
05 11, 2022 16:54:27 下午 cn.how2j.diytomcat.catalina.Context <init>
INFO : Deploying web application directory /Users/ruthless/Downloads/大三下/diytomcat/webapps/ROOT
05 11, 2022 16:54:27 下午 cn.how2j.diytomcat.catalina.Context <init>
INFO : Deployment of web application directory /Users/ruthless/Downloads/大三下/diytomcat/webapps/ROOT has finished in 1 ms
05 11, 2022 16:54:27 下午 cn.how2j.diytomcat.catalina.Context <init>
INFO : Deploying web application directory /Users/ruthless/Downloads/大三下/diytomcat/b
05 11, 2022 16:54:27 下午 cn.how2j.diytomcat.catalina.Context <init>
INFO : Deployment of web application directory /Users/ruthless/Downloads/大三下/diytomcat/b has finished in 0 ms
05 11, 2022 16:54:27 下午 cn.how2j.diytomcat.catalina.Context <init>
INFO : Deploying web application directory /Users/ruthless/Downloads/大三下/javaweb/web
05 11, 2022 16:54:27 下午 cn.how2j.diytomcat.catalina.Context <init>
INFO : Deployment of web application directory /Users/ruthless/Downloads/大三下/javaweb/web has finished in 6 ms
05 11, 2022 16:54:27 下午 cn.how2j.diytomcat.catalina.Server logJVM
INFO : Server version:		How2J DiyTomcat/1.0.1
05 11, 2022 16:54:27 下午 cn.how2j.diytomcat.catalina.Server logJVM
INFO : Server built:		2020-04-08 10:20:22
05 11, 2022 16:54:27 下午 cn.how2j.diytomcat.catalina.Server logJVM
INFO : Server number:		1.0.1
05 11, 2022 16:54:27 下午 cn.how2j.diytomcat.catalina.Server logJVM
INFO : OS Name	:		Mac OS X
05 11, 2022 16:54:27 下午 cn.how2j.diytomcat.catalina.Server logJVM
INFO : OS Version:		11.6.1
05 11, 2022 16:54:27 下午 cn.how2j.diytomcat.catalina.Server logJVM
INFO : Architecture:		aarch64
05 11, 2022 16:54:27 下午 cn.how2j.diytomcat.catalina.Server logJVM
INFO : Java Home:		/Library/Java/JavaVirtualMachines/zulu-8.jdk/Contents/Home/jre
05 11, 2022 16:54:27 下午 cn.how2j.diytomcat.catalina.Server logJVM
INFO : JVM Version:		1.8.0_312-b07
05 11, 2022 16:54:27 下午 cn.how2j.diytomcat.catalina.Server logJVM
INFO : JVM Vendor:		Oracle Corporation
05 11, 2022 16:54:27 下午 cn.how2j.diytomcat.catalina.Connector init
INFO : Initializing ProtocolHandler [http-bio-18080]
05 11, 2022 16:54:27 下午 cn.how2j.diytomcat.catalina.Connector init
INFO : Initializing ProtocolHandler [http-bio-18081]
05 11, 2022 16:54:27 下午 cn.how2j.diytomcat.catalina.Connector init
INFO : Initializing ProtocolHandler [http-bio-18082]
05 11, 2022 16:54:27 下午 cn.how2j.diytomcat.catalina.Service init
INFO : Initialization processed in 0 ms
05 11, 2022 16:54:27 下午 cn.how2j.diytomcat.catalina.Connector start
INFO : Starting ProtocolHandler [http-bio-18080]
05 11, 2022 16:54:27 下午 cn.how2j.diytomcat.catalina.Connector start
INFO : Starting ProtocolHandler [http-bio-18081]
05 11, 2022 16:54:27 下午 cn.how2j.diytomcat.catalina.Connector start
INFO : Starting ProtocolHandler [http-bio-18082]
05 11, 2022 16:54:27 下午 cn.how2j.diytomcat.catalina.Server start
INFO : Server startup in 3 ms
05 11, 2022 16:54:31 下午 cn.how2j.diytomcat.catalina.HttpProcessor error
ERROR: this is a deliberately created exception
java.lang.RuntimeException: this is a deliberately created exception
	at cn.how2j.diytomcat.servlets.DefaultServlet.service(DefaultServlet.java:43)
	at cn.how2j.diytomcat.catalina.HttpProcessor.execute(HttpProcessor.java:68)
	at cn.how2j.diytomcat.catalina.Connector$1.run(Connector.java:40)
	at java.util.concurrent.ThreadPoolExecutor.runWorker(ThreadPoolExecutor.java:1149)
	at java.util.concurrent.ThreadPoolExecutor$Worker.run(ThreadPoolExecutor.java:624)
	at java.lang.Thread.run(Thread.java:748)
05 11, 2022 17:09:27 下午 cn.how2j.diytomcat.watcher.ContextFileChangeWatcher$1 dealWith
INFO : cn.how2j.diytomcat.watcher.ContextFileChangeWatcher@539d31dc 检测到了Web应用下的重要文件变化 web.xml 
05 11, 2022 17:09:27 下午 cn.how2j.diytomcat.catalina.Host reload
INFO : Reloading Context with name [/javaweb] has started
05 11, 2022 17:09:27 下午 cn.how2j.diytomcat.catalina.Context <init>
INFO : Deploying web application directory /Users/ruthless/Downloads/大三下/javaweb/web
05 11, 2022 17:09:27 下午 cn.how2j.diytomcat.catalina.Context <init>
INFO : Deployment of web application directory /Users/ruthless/Downloads/大三下/javaweb/web has finished in 11 ms
05 11, 2022 17:09:27 下午 cn.how2j.diytomcat.catalina.Host reload
INFO : Reloading Context with name [/javaweb] has completed
05 11, 2022 18:56:33 下午 cn.how2j.diytomcat.catalina.Context <init>
INFO : Deploying web application directory /Users/ruthless/Downloads/大三下/diytomcat/webapps/j2ee
05 11, 2022 18:56:33 下午 cn.how2j.diytomcat.catalina.Context <init>
INFO : Deployment of web application directory /Users/ruthless/Downloads/大三下/diytomcat/webapps/j2ee has finished in 63 ms
05 11, 2022 18:56:33 下午 cn.how2j.diytomcat.catalina.Context <init>
INFO : Deploying web application directory /Users/ruthless/Downloads/大三下/diytomcat/webapps/a
05 11, 2022 18:56:33 下午 cn.how2j.diytomcat.catalina.Context <init>
INFO : Deployment of web application directory /Users/ruthless/Downloads/大三下/diytomcat/webapps/a has finished in 1 ms
05 11, 2022 18:56:33 下午 cn.how2j.diytomcat.catalina.Context <init>
INFO : Deploying web application directory /Users/ruthless/Downloads/大三下/diytomcat/webapps/ROOT
05 11, 2022 18:56:33 下午 cn.how2j.diytomcat.catalina.Context <init>
INFO : Deployment of web application directory /Users/ruthless/Downloads/大三下/diytomcat/webapps/ROOT has finished in 1 ms
05 11, 2022 18:56:33 下午 cn.how2j.diytomcat.catalina.Context <init>
INFO : Deploying web application directory /Users/ruthless/Downloads/大三下/diytomcat/b
05 11, 2022 18:56:33 下午 cn.how2j.diytomcat.catalina.Context <init>
INFO : Deployment of web application directory /Users/ruthless/Downloads/大三下/diytomcat/b has finished in 0 ms
05 11, 2022 18:56:33 下午 cn.how2j.diytomcat.catalina.Context <init>
INFO : Deploying web application directory /Users/ruthless/Downloads/大三下/javaweb/web
05 11, 2022 18:56:33 下午 cn.how2j.diytomcat.catalina.Context <init>
INFO : Deployment of web application directory /Users/ruthless/Downloads/大三下/javaweb/web has finished in 7 ms
05 11, 2022 18:56:33 下午 cn.how2j.diytomcat.catalina.Server logJVM
INFO : Server version:		How2J DiyTomcat/1.0.1
05 11, 2022 18:56:33 下午 cn.how2j.diytomcat.catalina.Server logJVM
INFO : Server built:		2020-04-08 10:20:22
05 11, 2022 18:56:33 下午 cn.how2j.diytomcat.catalina.Server logJVM
INFO : Server number:		1.0.1
05 11, 2022 18:56:33 下午 cn.how2j.diytomcat.catalina.Server logJVM
INFO : OS Name	:		Mac OS X
05 11, 2022 18:56:33 下午 cn.how2j.diytomcat.catalina.Server logJVM
INFO : OS Version:		11.6.1
05 11, 2022 18:56:33 下午 cn.how2j.diytomcat.catalina.Server logJVM
INFO : Architecture:		aarch64
05 11, 2022 18:56:33 下午 cn.how2j.diytomcat.catalina.Server logJVM
INFO : Java Home:		/Library/Java/JavaVirtualMachines/zulu-8.jdk/Contents/Home/jre
05 11, 2022 18:56:33 下午 cn.how2j.diytomcat.catalina.Server logJVM
INFO : JVM Version:		1.8.0_312-b07
05 11, 2022 18:56:33 下午 cn.how2j.diytomcat.catalina.Server logJVM
INFO : JVM Vendor:		Oracle Corporation
05 11, 2022 18:56:33 下午 cn.how2j.diytomcat.catalina.Connector init
INFO : Initializing ProtocolHandler [http-bio-18080]
05 11, 2022 18:56:33 下午 cn.how2j.diytomcat.catalina.Connector init
INFO : Initializing ProtocolHandler [http-bio-18081]
05 11, 2022 18:56:33 下午 cn.how2j.diytomcat.catalina.Connector init
INFO : Initializing ProtocolHandler [http-bio-18082]
05 11, 2022 18:56:33 下午 cn.how2j.diytomcat.catalina.Service init
INFO : Initialization processed in 0 ms
05 11, 2022 18:56:33 下午 cn.how2j.diytomcat.catalina.Connector start
INFO : Starting ProtocolHandler [http-bio-18080]
05 11, 2022 18:56:33 下午 cn.how2j.diytomcat.catalina.Connector start
INFO : Starting ProtocolHandler [http-bio-18081]
05 11, 2022 18:56:33 下午 cn.how2j.diytomcat.catalina.Connector start
INFO : Starting ProtocolHandler [http-bio-18082]
05 11, 2022 18:56:33 下午 cn.how2j.diytomcat.catalina.Server start
INFO : Server startup in 4 ms
05 11, 2022 19:00:52 下午 cn.how2j.diytomcat.catalina.HttpProcessor error
ERROR: java.lang.ClassNotFoundException: cn.how2j.javaweb.SetCookieServlet
java.lang.RuntimeException: java.lang.ClassNotFoundException: cn.how2j.javaweb.SetCookieServlet
	at cn.how2j.diytomcat.servlets.InvokerServlet.service(InvokerServlet.java:53)
	at cn.how2j.diytomcat.catalina.HttpProcessor.execute(HttpProcessor.java:67)
	at cn.how2j.diytomcat.catalina.Connector$1.run(Connector.java:40)
	at java.util.concurrent.ThreadPoolExecutor.runWorker(ThreadPoolExecutor.java:1149)
	at java.util.concurrent.ThreadPoolExecutor$Worker.run(ThreadPoolExecutor.java:624)
	at java.lang.Thread.run(Thread.java:748)
Caused by: java.lang.ClassNotFoundException: cn.how2j.javaweb.SetCookieServlet
	at java.net.URLClassLoader.findClass(URLClassLoader.java:387)
	at java.lang.ClassLoader.loadClass(ClassLoader.java:419)
	at java.lang.ClassLoader.loadClass(ClassLoader.java:352)
	at cn.how2j.diytomcat.servlets.InvokerServlet.service(InvokerServlet.java:47)
	... 5 more
05 11, 2022 19:00:53 下午 cn.how2j.diytomcat.catalina.HttpProcessor error
ERROR: this is a deliberately created exception
java.lang.RuntimeException: this is a deliberately created exception
	at cn.how2j.diytomcat.servlets.DefaultServlet.service(DefaultServlet.java:43)
	at cn.how2j.diytomcat.catalina.HttpProcessor.execute(HttpProcessor.java:69)
	at cn.how2j.diytomcat.catalina.Connector$1.run(Connector.java:40)
	at java.util.concurrent.ThreadPoolExecutor.runWorker(ThreadPoolExecutor.java:1149)
	at java.util.concurrent.ThreadPoolExecutor$Worker.run(ThreadPoolExecutor.java:624)
	at java.lang.Thread.run(Thread.java:748)
05 11, 2022 19:02:38 下午 cn.how2j.diytomcat.catalina.Context <init>
INFO : Deploying web application directory /Users/ruthless/Downloads/大三下/diytomcat/webapps/j2ee
05 11, 2022 19:02:38 下午 cn.how2j.diytomcat.catalina.Context <init>
INFO : Deployment of web application directory /Users/ruthless/Downloads/大三下/diytomcat/webapps/j2ee has finished in 56 ms
05 11, 2022 19:02:38 下午 cn.how2j.diytomcat.catalina.Context <init>
INFO : Deploying web application directory /Users/ruthless/Downloads/大三下/diytomcat/webapps/a
05 11, 2022 19:02:38 下午 cn.how2j.diytomcat.catalina.Context <init>
INFO : Deployment of web application directory /Users/ruthless/Downloads/大三下/diytomcat/webapps/a has finished in 1 ms
05 11, 2022 19:02:38 下午 cn.how2j.diytomcat.catalina.Context <init>
INFO : Deploying web application directory /Users/ruthless/Downloads/大三下/diytomcat/webapps/ROOT
05 11, 2022 19:02:38 下午 cn.how2j.diytomcat.catalina.Context <init>
INFO : Deployment of web application directory /Users/ruthless/Downloads/大三下/diytomcat/webapps/ROOT has finished in 1 ms
05 11, 2022 19:02:38 下午 cn.how2j.diytomcat.catalina.Context <init>
INFO : Deploying web application directory /Users/ruthless/Downloads/大三下/diytomcat/b
05 11, 2022 19:02:38 下午 cn.how2j.diytomcat.catalina.Context <init>
INFO : Deployment of web application directory /Users/ruthless/Downloads/大三下/diytomcat/b has finished in 1 ms
05 11, 2022 19:02:38 下午 cn.how2j.diytomcat.catalina.Context <init>
INFO : Deploying web application directory /Users/ruthless/Downloads/大三下/javaweb/web
05 11, 2022 19:02:38 下午 cn.how2j.diytomcat.catalina.Context <init>
INFO : Deployment of web application directory /Users/ruthless/Downloads/大三下/javaweb/web has finished in 6 ms
05 11, 2022 19:02:38 下午 cn.how2j.diytomcat.catalina.Server logJVM
INFO : Server version:		How2J DiyTomcat/1.0.1
05 11, 2022 19:02:38 下午 cn.how2j.diytomcat.catalina.Server logJVM
INFO : Server built:		2020-04-08 10:20:22
05 11, 2022 19:02:38 下午 cn.how2j.diytomcat.catalina.Server logJVM
INFO : Server number:		1.0.1
05 11, 2022 19:02:38 下午 cn.how2j.diytomcat.catalina.Server logJVM
INFO : OS Name	:		Mac OS X
05 11, 2022 19:02:38 下午 cn.how2j.diytomcat.catalina.Server logJVM
INFO : OS Version:		11.6.1
05 11, 2022 19:02:38 下午 cn.how2j.diytomcat.catalina.Server logJVM
INFO : Architecture:		aarch64
05 11, 2022 19:02:38 下午 cn.how2j.diytomcat.catalina.Server logJVM
INFO : Java Home:		/Library/Java/JavaVirtualMachines/zulu-8.jdk/Contents/Home/jre
05 11, 2022 19:02:38 下午 cn.how2j.diytomcat.catalina.Server logJVM
INFO : JVM Version:		1.8.0_312-b07
05 11, 2022 19:02:38 下午 cn.how2j.diytomcat.catalina.Server logJVM
INFO : JVM Vendor:		Oracle Corporation
05 11, 2022 19:02:38 下午 cn.how2j.diytomcat.catalina.Connector init
INFO : Initializing ProtocolHandler [http-bio-18080]
05 11, 2022 19:02:38 下午 cn.how2j.diytomcat.catalina.Connector init
INFO : Initializing ProtocolHandler [http-bio-18081]
05 11, 2022 19:02:38 下午 cn.how2j.diytomcat.catalina.Connector init
INFO : Initializing ProtocolHandler [http-bio-18082]
05 11, 2022 19:02:38 下午 cn.how2j.diytomcat.catalina.Service init
INFO : Initialization processed in 0 ms
05 11, 2022 19:02:38 下午 cn.how2j.diytomcat.catalina.Connector start
INFO : Starting ProtocolHandler [http-bio-18080]
05 11, 2022 19:02:38 下午 cn.how2j.diytomcat.catalina.Connector start
INFO : Starting ProtocolHandler [http-bio-18081]
05 11, 2022 19:02:38 下午 cn.how2j.diytomcat.catalina.Connector start
INFO : Starting ProtocolHandler [http-bio-18082]
05 11, 2022 19:02:38 下午 cn.how2j.diytomcat.catalina.Server start
INFO : Server startup in 3 ms
05 11, 2022 19:02:42 下午 cn.how2j.diytomcat.catalina.HttpProcessor error
ERROR: this is a deliberately created exception
java.lang.RuntimeException: this is a deliberately created exception
	at cn.how2j.diytomcat.servlets.DefaultServlet.service(DefaultServlet.java:43)
	at cn.how2j.diytomcat.catalina.HttpProcessor.execute(HttpProcessor.java:69)
	at cn.how2j.diytomcat.catalina.Connector$1.run(Connector.java:40)
	at java.util.concurrent.ThreadPoolExecutor.runWorker(ThreadPoolExecutor.java:1149)
	at java.util.concurrent.ThreadPoolExecutor$Worker.run(ThreadPoolExecutor.java:624)
	at java.lang.Thread.run(Thread.java:748)
05 11, 2022 19:02:42 下午 cn.how2j.diytomcat.catalina.HttpProcessor error
ERROR: java.lang.ClassNotFoundException: cn.how2j.javaweb.SetCookieServlet
java.lang.RuntimeException: java.lang.ClassNotFoundException: cn.how2j.javaweb.SetCookieServlet
	at cn.how2j.diytomcat.servlets.InvokerServlet.service(InvokerServlet.java:53)
	at cn.how2j.diytomcat.catalina.HttpProcessor.execute(HttpProcessor.java:67)
	at cn.how2j.diytomcat.catalina.Connector$1.run(Connector.java:40)
	at java.util.concurrent.ThreadPoolExecutor.runWorker(ThreadPoolExecutor.java:1149)
	at java.util.concurrent.ThreadPoolExecutor$Worker.run(ThreadPoolExecutor.java:624)
	at java.lang.Thread.run(Thread.java:748)
Caused by: java.lang.ClassNotFoundException: cn.how2j.javaweb.SetCookieServlet
	at java.net.URLClassLoader.findClass(URLClassLoader.java:387)
	at java.lang.ClassLoader.loadClass(ClassLoader.java:419)
	at java.lang.ClassLoader.loadClass(ClassLoader.java:352)
	at cn.how2j.diytomcat.servlets.InvokerServlet.service(InvokerServlet.java:47)
	... 5 more
05 11, 2022 19:03:49 下午 cn.how2j.diytomcat.catalina.HttpProcessor error
ERROR: java.lang.ClassNotFoundException: cn.how2j.javaweb.SetCookieServlet
java.lang.RuntimeException: java.lang.ClassNotFoundException: cn.how2j.javaweb.SetCookieServlet
	at cn.how2j.diytomcat.servlets.InvokerServlet.service(InvokerServlet.java:53)
	at cn.how2j.diytomcat.catalina.HttpProcessor.execute(HttpProcessor.java:67)
	at cn.how2j.diytomcat.catalina.Connector$1.run(Connector.java:40)
	at java.util.concurrent.ThreadPoolExecutor.runWorker(ThreadPoolExecutor.java:1149)
	at java.util.concurrent.ThreadPoolExecutor$Worker.run(ThreadPoolExecutor.java:624)
	at java.lang.Thread.run(Thread.java:748)
Caused by: java.lang.ClassNotFoundException: cn.how2j.javaweb.SetCookieServlet
	at java.net.URLClassLoader.findClass(URLClassLoader.java:387)
	at java.lang.ClassLoader.loadClass(ClassLoader.java:419)
	at java.lang.ClassLoader.loadClass(ClassLoader.java:352)
	at cn.how2j.diytomcat.servlets.InvokerServlet.service(InvokerServlet.java:47)
	... 5 more
05 11, 2022 19:03:58 下午 cn.how2j.diytomcat.watcher.ContextFileChangeWatcher$1 dealWith
INFO : cn.how2j.diytomcat.watcher.ContextFileChangeWatcher@5aba9d6d 检测到了Web应用下的重要文件变化 SetCookieServlet.class 
05 11, 2022 19:03:58 下午 cn.how2j.diytomcat.catalina.Host reload
INFO : Reloading Context with name [/javaweb] has started
05 11, 2022 19:03:58 下午 cn.how2j.diytomcat.catalina.Context <init>
INFO : Deploying web application directory /Users/ruthless/Downloads/大三下/javaweb/web
05 11, 2022 19:03:58 下午 cn.how2j.diytomcat.catalina.Context <init>
INFO : Deployment of web application directory /Users/ruthless/Downloads/大三下/javaweb/web has finished in 7 ms
05 11, 2022 19:03:58 下午 cn.how2j.diytomcat.catalina.Host reload
INFO : Reloading Context with name [/javaweb] has completed
05 11, 2022 19:04:37 下午 cn.how2j.diytomcat.catalina.HttpProcessor error
ERROR: this is a deliberately created exception
java.lang.RuntimeException: this is a deliberately created exception
	at cn.how2j.diytomcat.servlets.DefaultServlet.service(DefaultServlet.java:43)
	at cn.how2j.diytomcat.catalina.HttpProcessor.execute(HttpProcessor.java:69)
	at cn.how2j.diytomcat.catalina.Connector$1.run(Connector.java:40)
	at java.util.concurrent.ThreadPoolExecutor.runWorker(ThreadPoolExecutor.java:1149)
	at java.util.concurrent.ThreadPoolExecutor$Worker.run(ThreadPoolExecutor.java:624)
	at java.lang.Thread.run(Thread.java:748)
05 11, 2022 19:07:48 下午 cn.how2j.diytomcat.watcher.ContextFileChangeWatcher$1 dealWith
INFO : cn.how2j.diytomcat.watcher.ContextFileChangeWatcher@770ef85f 检测到了Web应用下的重要文件变化 web.xml 
05 11, 2022 19:07:48 下午 cn.how2j.diytomcat.catalina.Host reload
INFO : Reloading Context with name [/javaweb] has started
05 11, 2022 19:07:48 下午 cn.how2j.diytomcat.catalina.Context <init>
INFO : Deploying web application directory /Users/ruthless/Downloads/大三下/javaweb/web
05 11, 2022 19:07:48 下午 cn.how2j.diytomcat.catalina.Context <init>
INFO : Deployment of web application directory /Users/ruthless/Downloads/大三下/javaweb/web has finished in 8 ms
05 11, 2022 19:07:48 下午 cn.how2j.diytomcat.catalina.Host reload
INFO : Reloading Context with name [/javaweb] has completed
05 11, 2022 19:10:38 下午 cn.how2j.diytomcat.watcher.ContextFileChangeWatcher$1 dealWith
INFO : cn.how2j.diytomcat.watcher.ContextFileChangeWatcher@7db51959 检测到了Web应用下的重要文件变化 GetCookieServlet.class 
05 11, 2022 19:10:38 下午 cn.how2j.diytomcat.catalina.Host reload
INFO : Reloading Context with name [/javaweb] has started
05 11, 2022 19:10:38 下午 cn.how2j.diytomcat.catalina.Context <init>
INFO : Deploying web application directory /Users/ruthless/Downloads/大三下/javaweb/web
05 11, 2022 19:10:38 下午 cn.how2j.diytomcat.catalina.Context <init>
INFO : Deployment of web application directory /Users/ruthless/Downloads/大三下/javaweb/web has finished in 6 ms
05 11, 2022 19:10:38 下午 cn.how2j.diytomcat.catalina.Host reload
INFO : Reloading Context with name [/javaweb] has completed
05 11, 2022 19:14:00 下午 cn.how2j.diytomcat.catalina.Context <init>
INFO : Deploying web application directory /Users/ruthless/Downloads/大三下/diytomcat/webapps/j2ee
05 11, 2022 19:14:00 下午 cn.how2j.diytomcat.catalina.Context <init>
INFO : Deployment of web application directory /Users/ruthless/Downloads/大三下/diytomcat/webapps/j2ee has finished in 60 ms
05 11, 2022 19:14:00 下午 cn.how2j.diytomcat.catalina.Context <init>
INFO : Deploying web application directory /Users/ruthless/Downloads/大三下/diytomcat/webapps/a
05 11, 2022 19:14:00 下午 cn.how2j.diytomcat.catalina.Context <init>
INFO : Deployment of web application directory /Users/ruthless/Downloads/大三下/diytomcat/webapps/a has finished in 1 ms
05 11, 2022 19:14:00 下午 cn.how2j.diytomcat.catalina.Context <init>
INFO : Deploying web application directory /Users/ruthless/Downloads/大三下/diytomcat/webapps/ROOT
05 11, 2022 19:14:00 下午 cn.how2j.diytomcat.catalina.Context <init>
INFO : Deployment of web application directory /Users/ruthless/Downloads/大三下/diytomcat/webapps/ROOT has finished in 1 ms
05 11, 2022 19:14:00 下午 cn.how2j.diytomcat.catalina.Context <init>
INFO : Deploying web application directory /Users/ruthless/Downloads/大三下/diytomcat/b
05 11, 2022 19:14:00 下午 cn.how2j.diytomcat.catalina.Context <init>
INFO : Deployment of web application directory /Users/ruthless/Downloads/大三下/diytomcat/b has finished in 0 ms
05 11, 2022 19:14:00 下午 cn.how2j.diytomcat.catalina.Context <init>
INFO : Deploying web application directory /Users/ruthless/Downloads/大三下/javaweb/web
05 11, 2022 19:14:00 下午 cn.how2j.diytomcat.catalina.Context <init>
INFO : Deployment of web application directory /Users/ruthless/Downloads/大三下/javaweb/web has finished in 9 ms
05 11, 2022 19:14:00 下午 cn.how2j.diytomcat.catalina.Server logJVM
INFO : Server version:		How2J DiyTomcat/1.0.1
05 11, 2022 19:14:00 下午 cn.how2j.diytomcat.catalina.Server logJVM
INFO : Server built:		2020-04-08 10:20:22
05 11, 2022 19:14:00 下午 cn.how2j.diytomcat.catalina.Server logJVM
INFO : Server number:		1.0.1
05 11, 2022 19:14:00 下午 cn.how2j.diytomcat.catalina.Server logJVM
INFO : OS Name	:		Mac OS X
05 11, 2022 19:14:00 下午 cn.how2j.diytomcat.catalina.Server logJVM
INFO : OS Version:		11.6.1
05 11, 2022 19:14:00 下午 cn.how2j.diytomcat.catalina.Server logJVM
INFO : Architecture:		aarch64
05 11, 2022 19:14:00 下午 cn.how2j.diytomcat.catalina.Server logJVM
INFO : Java Home:		/Library/Java/JavaVirtualMachines/zulu-8.jdk/Contents/Home/jre
05 11, 2022 19:14:00 下午 cn.how2j.diytomcat.catalina.Server logJVM
INFO : JVM Version:		1.8.0_312-b07
05 11, 2022 19:14:00 下午 cn.how2j.diytomcat.catalina.Server logJVM
INFO : JVM Vendor:		Oracle Corporation
05 11, 2022 19:14:00 下午 cn.how2j.diytomcat.catalina.Connector init
INFO : Initializing ProtocolHandler [http-bio-18080]
05 11, 2022 19:14:00 下午 cn.how2j.diytomcat.catalina.Connector init
INFO : Initializing ProtocolHandler [http-bio-18081]
05 11, 2022 19:14:00 下午 cn.how2j.diytomcat.catalina.Connector init
INFO : Initializing ProtocolHandler [http-bio-18082]
05 11, 2022 19:14:00 下午 cn.how2j.diytomcat.catalina.Service init
INFO : Initialization processed in 0 ms
05 11, 2022 19:14:00 下午 cn.how2j.diytomcat.catalina.Connector start
INFO : Starting ProtocolHandler [http-bio-18080]
05 11, 2022 19:14:00 下午 cn.how2j.diytomcat.catalina.Connector start
INFO : Starting ProtocolHandler [http-bio-18081]
05 11, 2022 19:14:00 下午 cn.how2j.diytomcat.catalina.Connector start
INFO : Starting ProtocolHandler [http-bio-18082]
05 11, 2022 19:14:00 下午 cn.how2j.diytomcat.catalina.Server start
INFO : Server startup in 3 ms
05 11, 2022 19:14:05 下午 cn.how2j.diytomcat.catalina.HttpProcessor error
ERROR: this is a deliberately created exception
java.lang.RuntimeException: this is a deliberately created exception
	at cn.how2j.diytomcat.servlets.DefaultServlet.service(DefaultServlet.java:43)
	at cn.how2j.diytomcat.catalina.HttpProcessor.execute(HttpProcessor.java:69)
	at cn.how2j.diytomcat.catalina.Connector$1.run(Connector.java:40)
	at java.util.concurrent.ThreadPoolExecutor.runWorker(ThreadPoolExecutor.java:1149)
	at java.util.concurrent.ThreadPoolExecutor$Worker.run(ThreadPoolExecutor.java:624)
	at java.lang.Thread.run(Thread.java:748)
05 11, 2022 21:13:14 下午 cn.how2j.diytomcat.watcher.ContextFileChangeWatcher$1 dealWith
INFO : cn.how2j.diytomcat.watcher.ContextFileChangeWatcher@65f25ef7 检测到了Web应用下的重要文件变化 web.xml 
05 11, 2022 21:13:14 下午 cn.how2j.diytomcat.catalina.Host reload
INFO : Reloading Context with name [/javaweb] has started
05 11, 2022 21:13:14 下午 cn.how2j.diytomcat.catalina.Context <init>
INFO : Deploying web application directory /Users/ruthless/Downloads/大三下/javaweb/web
05 11, 2022 21:13:14 下午 cn.how2j.diytomcat.catalina.Context <init>
INFO : Deployment of web application directory /Users/ruthless/Downloads/大三下/javaweb/web has finished in 9 ms
05 11, 2022 21:13:14 下午 cn.how2j.diytomcat.catalina.Host reload
INFO : Reloading Context with name [/javaweb] has completed
05 11, 2022 21:13:35 下午 cn.how2j.diytomcat.catalina.Context <init>
INFO : Deploying web application directory /Users/ruthless/Downloads/大三下/diytomcat/webapps/j2ee
05 11, 2022 21:13:35 下午 cn.how2j.diytomcat.catalina.Context <init>
INFO : Deployment of web application directory /Users/ruthless/Downloads/大三下/diytomcat/webapps/j2ee has finished in 58 ms
05 11, 2022 21:13:35 下午 cn.how2j.diytomcat.catalina.Context <init>
INFO : Deploying web application directory /Users/ruthless/Downloads/大三下/diytomcat/webapps/a
05 11, 2022 21:13:35 下午 cn.how2j.diytomcat.catalina.Context <init>
INFO : Deployment of web application directory /Users/ruthless/Downloads/大三下/diytomcat/webapps/a has finished in 1 ms
05 11, 2022 21:13:35 下午 cn.how2j.diytomcat.catalina.Context <init>
INFO : Deploying web application directory /Users/ruthless/Downloads/大三下/diytomcat/webapps/ROOT
05 11, 2022 21:13:35 下午 cn.how2j.diytomcat.catalina.Context <init>
INFO : Deployment of web application directory /Users/ruthless/Downloads/大三下/diytomcat/webapps/ROOT has finished in 0 ms
05 11, 2022 21:13:35 下午 cn.how2j.diytomcat.catalina.Context <init>
INFO : Deploying web application directory /Users/ruthless/Downloads/大三下/diytomcat/b
05 11, 2022 21:13:35 下午 cn.how2j.diytomcat.catalina.Context <init>
INFO : Deployment of web application directory /Users/ruthless/Downloads/大三下/diytomcat/b has finished in 1 ms
05 11, 2022 21:13:35 下午 cn.how2j.diytomcat.catalina.Context <init>
INFO : Deploying web application directory /Users/ruthless/Downloads/大三下/javaweb/web
05 11, 2022 21:13:35 下午 cn.how2j.diytomcat.catalina.Context <init>
INFO : Deployment of web application directory /Users/ruthless/Downloads/大三下/javaweb/web has finished in 7 ms
05 11, 2022 21:13:35 下午 cn.how2j.diytomcat.catalina.Server logJVM
INFO : Server version:		How2J DiyTomcat/1.0.1
05 11, 2022 21:13:35 下午 cn.how2j.diytomcat.catalina.Server logJVM
INFO : Server built:		2020-04-08 10:20:22
05 11, 2022 21:13:35 下午 cn.how2j.diytomcat.catalina.Server logJVM
INFO : Server number:		1.0.1
05 11, 2022 21:13:35 下午 cn.how2j.diytomcat.catalina.Server logJVM
INFO : OS Name	:		Mac OS X
05 11, 2022 21:13:35 下午 cn.how2j.diytomcat.catalina.Server logJVM
INFO : OS Version:		11.6.1
05 11, 2022 21:13:35 下午 cn.how2j.diytomcat.catalina.Server logJVM
INFO : Architecture:		aarch64
05 11, 2022 21:13:35 下午 cn.how2j.diytomcat.catalina.Server logJVM
INFO : Java Home:		/Library/Java/JavaVirtualMachines/zulu-8.jdk/Contents/Home/jre
05 11, 2022 21:13:35 下午 cn.how2j.diytomcat.catalina.Server logJVM
INFO : JVM Version:		1.8.0_312-b07
05 11, 2022 21:13:35 下午 cn.how2j.diytomcat.catalina.Server logJVM
INFO : JVM Vendor:		Oracle Corporation
05 11, 2022 21:13:35 下午 cn.how2j.diytomcat.catalina.Connector init
INFO : Initializing ProtocolHandler [http-bio-18080]
05 11, 2022 21:13:35 下午 cn.how2j.diytomcat.catalina.Connector init
INFO : Initializing ProtocolHandler [http-bio-18081]
05 11, 2022 21:13:35 下午 cn.how2j.diytomcat.catalina.Connector init
INFO : Initializing ProtocolHandler [http-bio-18082]
05 11, 2022 21:13:35 下午 cn.how2j.diytomcat.catalina.Service init
INFO : Initialization processed in 1 ms
05 11, 2022 21:13:35 下午 cn.how2j.diytomcat.catalina.Connector start
INFO : Starting ProtocolHandler [http-bio-18080]
05 11, 2022 21:13:35 下午 cn.how2j.diytomcat.catalina.Connector start
INFO : Starting ProtocolHandler [http-bio-18081]
05 11, 2022 21:13:35 下午 cn.how2j.diytomcat.catalina.Connector start
INFO : Starting ProtocolHandler [http-bio-18082]
05 11, 2022 21:13:35 下午 cn.how2j.diytomcat.catalina.Server start
INFO : Server startup in 2 ms
05 11, 2022 21:13:40 下午 cn.how2j.diytomcat.catalina.HttpProcessor error
ERROR: this is a deliberately created exception
java.lang.RuntimeException: this is a deliberately created exception
	at cn.how2j.diytomcat.servlets.DefaultServlet.service(DefaultServlet.java:43)
	at cn.how2j.diytomcat.catalina.HttpProcessor.execute(HttpProcessor.java:78)
	at cn.how2j.diytomcat.catalina.Connector$1.run(Connector.java:40)
	at java.util.concurrent.ThreadPoolExecutor.runWorker(ThreadPoolExecutor.java:1149)
	at java.util.concurrent.ThreadPoolExecutor$Worker.run(ThreadPoolExecutor.java:624)
	at java.lang.Thread.run(Thread.java:748)
