05 12, 2022 10:31:01 上午 cn.how2j.diytomcat.catalina.Context <init>
INFO : Deploying web application directory /Users/ruthless/Downloads/大三下/diytomcat/webapps/j2ee
05 12, 2022 10:31:01 上午 cn.how2j.diytomcat.catalina.Context <init>
INFO : Deployment of web application directory /Users/ruthless/Downloads/大三下/diytomcat/webapps/j2ee has finished in 64 ms
05 12, 2022 10:31:01 上午 cn.how2j.diytomcat.catalina.Context <init>
INFO : Deploying web application directory /Users/ruthless/Downloads/大三下/diytomcat/webapps/a
05 12, 2022 10:31:01 上午 cn.how2j.diytomcat.catalina.Context <init>
INFO : Deployment of web application directory /Users/ruthless/Downloads/大三下/diytomcat/webapps/a has finished in 2 ms
05 12, 2022 10:31:01 上午 cn.how2j.diytomcat.catalina.Context <init>
INFO : Deploying web application directory /Users/ruthless/Downloads/大三下/diytomcat/webapps/ROOT
05 12, 2022 10:31:01 上午 cn.how2j.diytomcat.catalina.Context <init>
INFO : Deployment of web application directory /Users/ruthless/Downloads/大三下/diytomcat/webapps/ROOT has finished in 0 ms
05 12, 2022 10:31:01 上午 cn.how2j.diytomcat.catalina.Context <init>
INFO : Deploying web application directory /Users/ruthless/Downloads/大三下/diytomcat/b
05 12, 2022 10:31:01 上午 cn.how2j.diytomcat.catalina.Context <init>
INFO : Deployment of web application directory /Users/ruthless/Downloads/大三下/diytomcat/b has finished in 0 ms
05 12, 2022 10:31:01 上午 cn.how2j.diytomcat.catalina.Context <init>
INFO : Deploying web application directory /Users/ruthless/Downloads/大三下/javaweb/web
05 12, 2022 10:31:01 上午 cn.how2j.diytomcat.catalina.Context <init>
INFO : Deployment of web application directory /Users/ruthless/Downloads/大三下/javaweb/web has finished in 8 ms
05 12, 2022 10:31:01 上午 cn.how2j.diytomcat.catalina.Server logJVM
INFO : Server version:		How2J DiyTomcat/1.0.1
05 12, 2022 10:31:01 上午 cn.how2j.diytomcat.catalina.Server logJVM
INFO : Server built:		2020-04-08 10:20:22
05 12, 2022 10:31:01 上午 cn.how2j.diytomcat.catalina.Server logJVM
INFO : Server number:		1.0.1
05 12, 2022 10:31:01 上午 cn.how2j.diytomcat.catalina.Server logJVM
INFO : OS Name	:		Mac OS X
05 12, 2022 10:31:01 上午 cn.how2j.diytomcat.catalina.Server logJVM
INFO : OS Version:		11.6.1
05 12, 2022 10:31:01 上午 cn.how2j.diytomcat.catalina.Server logJVM
INFO : Architecture:		aarch64
05 12, 2022 10:31:01 上午 cn.how2j.diytomcat.catalina.Server logJVM
INFO : Java Home:		/Library/Java/JavaVirtualMachines/zulu-8.jdk/Contents/Home/jre
05 12, 2022 10:31:01 上午 cn.how2j.diytomcat.catalina.Server logJVM
INFO : JVM Version:		1.8.0_312-b07
05 12, 2022 10:31:01 上午 cn.how2j.diytomcat.catalina.Server logJVM
INFO : JVM Vendor:		Oracle Corporation
05 12, 2022 10:31:01 上午 cn.how2j.diytomcat.catalina.Connector init
INFO : Initializing ProtocolHandler [http-bio-18080]
05 12, 2022 10:31:01 上午 cn.how2j.diytomcat.catalina.Connector init
INFO : Initializing ProtocolHandler [http-bio-18081]
05 12, 2022 10:31:01 上午 cn.how2j.diytomcat.catalina.Connector init
INFO : Initializing ProtocolHandler [http-bio-18082]
05 12, 2022 10:31:01 上午 cn.how2j.diytomcat.catalina.Service init
INFO : Initialization processed in 0 ms
05 12, 2022 10:31:01 上午 cn.how2j.diytomcat.catalina.Connector start
INFO : Starting ProtocolHandler [http-bio-18080]
05 12, 2022 10:31:01 上午 cn.how2j.diytomcat.catalina.Connector start
INFO : Starting ProtocolHandler [http-bio-18081]
05 12, 2022 10:31:01 上午 cn.how2j.diytomcat.catalina.Connector start
INFO : Starting ProtocolHandler [http-bio-18082]
05 12, 2022 10:31:01 上午 cn.how2j.diytomcat.catalina.Server start
INFO : Server startup in 3 ms
05 12, 2022 10:31:04 上午 cn.how2j.diytomcat.catalina.HttpProcessor error
ERROR: this is a deliberately created exception
java.lang.RuntimeException: this is a deliberately created exception
	at cn.how2j.diytomcat.servlets.DefaultServlet.service(DefaultServlet.java:43)
	at cn.how2j.diytomcat.catalina.HttpProcessor.execute(HttpProcessor.java:66)
	at cn.how2j.diytomcat.catalina.Connector$1.run(Connector.java:76)
	at java.util.concurrent.ThreadPoolExecutor.runWorker(ThreadPoolExecutor.java:1149)
	at java.util.concurrent.ThreadPoolExecutor$Worker.run(ThreadPoolExecutor.java:624)
	at java.lang.Thread.run(Thread.java:748)
05 12, 2022 11:03:43 上午 cn.how2j.diytomcat.catalina.Context <init>
INFO : Deploying web application directory /Users/ruthless/Downloads/大三下/diytomcat/webapps/j2ee
05 12, 2022 11:03:43 上午 cn.how2j.diytomcat.catalina.Context <init>
INFO : Deployment of web application directory /Users/ruthless/Downloads/大三下/diytomcat/webapps/j2ee has finished in 65 ms
05 12, 2022 11:03:43 上午 cn.how2j.diytomcat.catalina.Context <init>
INFO : Deploying web application directory /Users/ruthless/Downloads/大三下/diytomcat/webapps/a
05 12, 2022 11:03:43 上午 cn.how2j.diytomcat.catalina.Context <init>
INFO : Deployment of web application directory /Users/ruthless/Downloads/大三下/diytomcat/webapps/a has finished in 1 ms
05 12, 2022 11:03:43 上午 cn.how2j.diytomcat.catalina.Context <init>
INFO : Deploying web application directory /Users/ruthless/Downloads/大三下/diytomcat/webapps/ROOT
05 12, 2022 11:03:43 上午 cn.how2j.diytomcat.catalina.Context <init>
INFO : Deployment of web application directory /Users/ruthless/Downloads/大三下/diytomcat/webapps/ROOT has finished in 0 ms
05 12, 2022 11:03:43 上午 cn.how2j.diytomcat.catalina.Context <init>
INFO : Deploying web application directory /Users/ruthless/Downloads/大三下/diytomcat/b
05 12, 2022 11:03:43 上午 cn.how2j.diytomcat.catalina.Context <init>
INFO : Deployment of web application directory /Users/ruthless/Downloads/大三下/diytomcat/b has finished in 1 ms
05 12, 2022 11:03:43 上午 cn.how2j.diytomcat.catalina.Context <init>
INFO : Deploying web application directory /Users/ruthless/Downloads/大三下/javaweb/web
05 12, 2022 11:03:43 上午 cn.how2j.diytomcat.catalina.Context <init>
INFO : Deployment of web application directory /Users/ruthless/Downloads/大三下/javaweb/web has finished in 6 ms
05 12, 2022 11:03:43 上午 cn.how2j.diytomcat.catalina.Server logJVM
INFO : Server version:		How2J DiyTomcat/1.0.1
05 12, 2022 11:03:43 上午 cn.how2j.diytomcat.catalina.Server logJVM
INFO : Server built:		2020-04-08 10:20:22
05 12, 2022 11:03:43 上午 cn.how2j.diytomcat.catalina.Server logJVM
INFO : Server number:		1.0.1
05 12, 2022 11:03:43 上午 cn.how2j.diytomcat.catalina.Server logJVM
INFO : OS Name	:		Mac OS X
05 12, 2022 11:03:43 上午 cn.how2j.diytomcat.catalina.Server logJVM
INFO : OS Version:		11.6.1
05 12, 2022 11:03:43 上午 cn.how2j.diytomcat.catalina.Server logJVM
INFO : Architecture:		aarch64
05 12, 2022 11:03:43 上午 cn.how2j.diytomcat.catalina.Server logJVM
INFO : Java Home:		/Library/Java/JavaVirtualMachines/zulu-8.jdk/Contents/Home/jre
05 12, 2022 11:03:43 上午 cn.how2j.diytomcat.catalina.Server logJVM
INFO : JVM Version:		1.8.0_312-b07
05 12, 2022 11:03:43 上午 cn.how2j.diytomcat.catalina.Server logJVM
INFO : JVM Vendor:		Oracle Corporation
05 12, 2022 11:03:43 上午 cn.how2j.diytomcat.catalina.Connector init
INFO : Initializing ProtocolHandler [http-bio-18080]
05 12, 2022 11:03:43 上午 cn.how2j.diytomcat.catalina.Connector init
INFO : Initializing ProtocolHandler [http-bio-18081]
05 12, 2022 11:03:43 上午 cn.how2j.diytomcat.catalina.Connector init
INFO : Initializing ProtocolHandler [http-bio-18082]
05 12, 2022 11:03:43 上午 cn.how2j.diytomcat.catalina.Service init
INFO : Initialization processed in 0 ms
05 12, 2022 11:03:43 上午 cn.how2j.diytomcat.catalina.Connector start
INFO : Starting ProtocolHandler [http-bio-18080]
05 12, 2022 11:03:43 上午 cn.how2j.diytomcat.catalina.Connector start
INFO : Starting ProtocolHandler [http-bio-18081]
05 12, 2022 11:03:43 上午 cn.how2j.diytomcat.catalina.Connector start
INFO : Starting ProtocolHandler [http-bio-18082]
05 12, 2022 11:03:43 上午 cn.how2j.diytomcat.catalina.Server start
INFO : Server startup in 2 ms
05 12, 2022 11:03:49 上午 cn.how2j.diytomcat.catalina.HttpProcessor error
ERROR: this is a deliberately created exception
java.lang.RuntimeException: this is a deliberately created exception
	at cn.how2j.diytomcat.servlets.DefaultServlet.service(DefaultServlet.java:44)
	at cn.how2j.diytomcat.catalina.HttpProcessor.execute(HttpProcessor.java:72)
	at cn.how2j.diytomcat.catalina.Connector$1.run(Connector.java:76)
	at java.util.concurrent.ThreadPoolExecutor.runWorker(ThreadPoolExecutor.java:1149)
	at java.util.concurrent.ThreadPoolExecutor$Worker.run(ThreadPoolExecutor.java:624)
	at java.lang.Thread.run(Thread.java:748)
05 12, 2022 12:29:27 下午 cn.how2j.diytomcat.catalina.Context <init>
INFO : Deploying web application directory /Users/ruthless/Downloads/大三下/diytomcat/webapps/j2ee
05 12, 2022 12:29:27 下午 cn.how2j.diytomcat.catalina.Context <init>
INFO : Deployment of web application directory /Users/ruthless/Downloads/大三下/diytomcat/webapps/j2ee has finished in 96 ms
05 12, 2022 12:29:27 下午 cn.how2j.diytomcat.catalina.Context <init>
INFO : Deploying web application directory /Users/ruthless/Downloads/大三下/diytomcat/webapps/a
05 12, 2022 12:29:27 下午 cn.how2j.diytomcat.catalina.Context <init>
INFO : Deployment of web application directory /Users/ruthless/Downloads/大三下/diytomcat/webapps/a has finished in 1 ms
05 12, 2022 12:29:27 下午 cn.how2j.diytomcat.catalina.Context <init>
INFO : Deploying web application directory /Users/ruthless/Downloads/大三下/diytomcat/webapps/ROOT
05 12, 2022 12:29:27 下午 cn.how2j.diytomcat.catalina.Context <init>
INFO : Deployment of web application directory /Users/ruthless/Downloads/大三下/diytomcat/webapps/ROOT has finished in 0 ms
05 12, 2022 12:29:27 下午 cn.how2j.diytomcat.catalina.Context <init>
INFO : Deploying web application directory /Users/ruthless/Downloads/大三下/diytomcat/b
05 12, 2022 12:29:27 下午 cn.how2j.diytomcat.catalina.Context <init>
INFO : Deployment of web application directory /Users/ruthless/Downloads/大三下/diytomcat/b has finished in 1 ms
05 12, 2022 12:29:27 下午 cn.how2j.diytomcat.catalina.Context <init>
INFO : Deploying web application directory /Users/ruthless/Downloads/大三下/javaweb/web
05 12, 2022 12:29:27 下午 cn.how2j.diytomcat.catalina.Context <init>
INFO : Deployment of web application directory /Users/ruthless/Downloads/大三下/javaweb/web has finished in 16 ms
05 12, 2022 12:29:27 下午 cn.how2j.diytomcat.catalina.Server logJVM
INFO : Server version:		How2J DiyTomcat/1.0.1
05 12, 2022 12:29:27 下午 cn.how2j.diytomcat.catalina.Server logJVM
INFO : Server built:		2020-04-08 10:20:22
05 12, 2022 12:29:27 下午 cn.how2j.diytomcat.catalina.Server logJVM
INFO : Server number:		1.0.1
05 12, 2022 12:29:27 下午 cn.how2j.diytomcat.catalina.Server logJVM
INFO : OS Name	:		Mac OS X
05 12, 2022 12:29:27 下午 cn.how2j.diytomcat.catalina.Server logJVM
INFO : OS Version:		11.6.1
05 12, 2022 12:29:27 下午 cn.how2j.diytomcat.catalina.Server logJVM
INFO : Architecture:		aarch64
05 12, 2022 12:29:27 下午 cn.how2j.diytomcat.catalina.Server logJVM
INFO : Java Home:		/Library/Java/JavaVirtualMachines/zulu-8.jdk/Contents/Home/jre
05 12, 2022 12:29:27 下午 cn.how2j.diytomcat.catalina.Server logJVM
INFO : JVM Version:		1.8.0_312-b07
05 12, 2022 12:29:27 下午 cn.how2j.diytomcat.catalina.Server logJVM
INFO : JVM Vendor:		Oracle Corporation
05 12, 2022 12:29:27 下午 cn.how2j.diytomcat.catalina.Connector init
INFO : Initializing ProtocolHandler [http-bio-18080]
05 12, 2022 12:29:27 下午 cn.how2j.diytomcat.catalina.Connector init
INFO : Initializing ProtocolHandler [http-bio-18081]
05 12, 2022 12:29:27 下午 cn.how2j.diytomcat.catalina.Connector init
INFO : Initializing ProtocolHandler [http-bio-18082]
05 12, 2022 12:29:27 下午 cn.how2j.diytomcat.catalina.Service init
INFO : Initialization processed in 1 ms
05 12, 2022 12:29:27 下午 cn.how2j.diytomcat.catalina.Connector start
INFO : Starting ProtocolHandler [http-bio-18080]
05 12, 2022 12:29:27 下午 cn.how2j.diytomcat.catalina.Connector start
INFO : Starting ProtocolHandler [http-bio-18081]
05 12, 2022 12:29:27 下午 cn.how2j.diytomcat.catalina.Connector start
INFO : Starting ProtocolHandler [http-bio-18082]
05 12, 2022 12:29:27 下午 cn.how2j.diytomcat.catalina.Server start
INFO : Server startup in 6 ms
05 12, 2022 12:30:29 下午 cn.how2j.diytomcat.catalina.Context <init>
INFO : Deploying web application directory /Users/ruthless/Downloads/大三下/javaweb/web
05 12, 2022 12:30:29 下午 cn.how2j.diytomcat.catalina.Context <init>
INFO : Deployment of web application directory /Users/ruthless/Downloads/大三下/javaweb/web has finished in 122 ms
05 12, 2022 12:31:42 下午 cn.how2j.diytomcat.catalina.Context <init>
INFO : Deploying web application directory /Users/ruthless/Downloads/大三下/javaweb/web
05 12, 2022 12:31:42 下午 cn.how2j.diytomcat.catalina.Context <init>
INFO : Deployment of web application directory /Users/ruthless/Downloads/大三下/javaweb/web has finished in 126 ms
05 12, 2022 13:13:12 下午 cn.how2j.diytomcat.catalina.Context <init>
INFO : Deploying web application directory /Users/ruthless/Downloads/大三下/diytomcat/webapps/j2ee
05 12, 2022 13:13:12 下午 cn.how2j.diytomcat.catalina.Context <init>
INFO : Deployment of web application directory /Users/ruthless/Downloads/大三下/diytomcat/webapps/j2ee has finished in 49 ms
05 12, 2022 13:13:12 下午 cn.how2j.diytomcat.catalina.Context <init>
INFO : Deploying web application directory /Users/ruthless/Downloads/大三下/diytomcat/webapps/a
05 12, 2022 13:13:12 下午 cn.how2j.diytomcat.catalina.Context <init>
INFO : Deployment of web application directory /Users/ruthless/Downloads/大三下/diytomcat/webapps/a has finished in 0 ms
05 12, 2022 13:13:12 下午 cn.how2j.diytomcat.catalina.Context <init>
INFO : Deploying web application directory /Users/ruthless/Downloads/大三下/diytomcat/webapps/ROOT
05 12, 2022 13:13:12 下午 cn.how2j.diytomcat.catalina.Context <init>
INFO : Deployment of web application directory /Users/ruthless/Downloads/大三下/diytomcat/webapps/ROOT has finished in 0 ms
05 12, 2022 13:13:12 下午 cn.how2j.diytomcat.catalina.Context <init>
INFO : Deploying web application directory /Users/ruthless/Downloads/大三下/diytomcat/b
05 12, 2022 13:13:12 下午 cn.how2j.diytomcat.catalina.Context <init>
INFO : Deployment of web application directory /Users/ruthless/Downloads/大三下/diytomcat/b has finished in 0 ms
05 12, 2022 13:13:12 下午 cn.how2j.diytomcat.catalina.Context <init>
INFO : Deploying web application directory /Users/ruthless/Downloads/大三下/javaweb/web
05 12, 2022 13:13:12 下午 cn.how2j.diytomcat.catalina.Context <init>
INFO : Deployment of web application directory /Users/ruthless/Downloads/大三下/javaweb/web has finished in 6 ms
05 12, 2022 13:13:12 下午 cn.how2j.diytomcat.catalina.Server logJVM
INFO : Server version:		How2J DiyTomcat/1.0.1
05 12, 2022 13:13:12 下午 cn.how2j.diytomcat.catalina.Server logJVM
INFO : Server built:		2020-04-08 10:20:22
05 12, 2022 13:13:12 下午 cn.how2j.diytomcat.catalina.Server logJVM
INFO : Server number:		1.0.1
05 12, 2022 13:13:12 下午 cn.how2j.diytomcat.catalina.Server logJVM
INFO : OS Name	:		Mac OS X
05 12, 2022 13:13:12 下午 cn.how2j.diytomcat.catalina.Server logJVM
INFO : OS Version:		11.6.1
05 12, 2022 13:13:12 下午 cn.how2j.diytomcat.catalina.Server logJVM
INFO : Architecture:		aarch64
05 12, 2022 13:13:12 下午 cn.how2j.diytomcat.catalina.Server logJVM
INFO : Java Home:		/Library/Java/JavaVirtualMachines/zulu-8.jdk/Contents/Home/jre
05 12, 2022 13:13:12 下午 cn.how2j.diytomcat.catalina.Server logJVM
INFO : JVM Version:		1.8.0_312-b07
05 12, 2022 13:13:12 下午 cn.how2j.diytomcat.catalina.Server logJVM
INFO : JVM Vendor:		Oracle Corporation
05 12, 2022 13:13:12 下午 cn.how2j.diytomcat.catalina.Connector init
INFO : Initializing ProtocolHandler [http-bio-18080]
05 12, 2022 13:13:12 下午 cn.how2j.diytomcat.catalina.Connector init
INFO : Initializing ProtocolHandler [http-bio-18081]
05 12, 2022 13:13:12 下午 cn.how2j.diytomcat.catalina.Connector init
INFO : Initializing ProtocolHandler [http-bio-18082]
05 12, 2022 13:13:12 下午 cn.how2j.diytomcat.catalina.Service init
INFO : Initialization processed in 0 ms
05 12, 2022 13:13:12 下午 cn.how2j.diytomcat.catalina.Connector start
INFO : Starting ProtocolHandler [http-bio-18080]
05 12, 2022 13:13:12 下午 cn.how2j.diytomcat.catalina.Connector start
INFO : Starting ProtocolHandler [http-bio-18081]
05 12, 2022 13:13:12 下午 cn.how2j.diytomcat.catalina.Connector start
INFO : Starting ProtocolHandler [http-bio-18082]
05 12, 2022 13:13:12 下午 cn.how2j.diytomcat.catalina.Server start
INFO : Server startup in 2 ms
05 12, 2022 13:13:20 下午 cn.how2j.diytomcat.catalina.Context <init>
INFO : Deploying web application directory /Users/ruthless/Downloads/大三下/javaweb/web
05 12, 2022 13:13:20 下午 cn.how2j.diytomcat.catalina.Context <init>
INFO : Deployment of web application directory /Users/ruthless/Downloads/大三下/javaweb/web has finished in 131 ms
05 12, 2022 13:13:31 下午 cn.how2j.diytomcat.catalina.HttpProcessor error
ERROR: this is a deliberately created exception
java.lang.RuntimeException: this is a deliberately created exception
	at cn.how2j.diytomcat.servlets.DefaultServlet.service(DefaultServlet.java:44)
	at cn.how2j.diytomcat.catalina.HttpProcessor.execute(HttpProcessor.java:72)
	at cn.how2j.diytomcat.catalina.Connector$1.run(Connector.java:76)
	at java.util.concurrent.ThreadPoolExecutor.runWorker(ThreadPoolExecutor.java:1149)
	at java.util.concurrent.ThreadPoolExecutor$Worker.run(ThreadPoolExecutor.java:624)
	at java.lang.Thread.run(Thread.java:748)
05 12, 2022 14:24:36 下午 cn.how2j.diytomcat.catalina.Context <init>
INFO : Deploying web application directory /Users/ruthless/Downloads/大三下/diytomcat/webapps/j2ee
05 12, 2022 14:24:36 下午 cn.how2j.diytomcat.catalina.Context <init>
INFO : Deployment of web application directory /Users/ruthless/Downloads/大三下/diytomcat/webapps/j2ee has finished in 83 ms
05 12, 2022 14:24:36 下午 cn.how2j.diytomcat.catalina.Context <init>
INFO : Deploying web application directory /Users/ruthless/Downloads/大三下/diytomcat/webapps/a
05 12, 2022 14:24:36 下午 cn.how2j.diytomcat.catalina.Context <init>
INFO : Deployment of web application directory /Users/ruthless/Downloads/大三下/diytomcat/webapps/a has finished in 0 ms
05 12, 2022 14:24:36 下午 cn.how2j.diytomcat.catalina.Context <init>
INFO : Deploying web application directory /Users/ruthless/Downloads/大三下/diytomcat/webapps/ROOT
05 12, 2022 14:24:36 下午 cn.how2j.diytomcat.catalina.Context <init>
INFO : Deployment of web application directory /Users/ruthless/Downloads/大三下/diytomcat/webapps/ROOT has finished in 0 ms
05 12, 2022 14:24:36 下午 cn.how2j.diytomcat.catalina.Context <init>
INFO : Deploying web application directory /Users/ruthless/Downloads/大三下/diytomcat/b
05 12, 2022 14:24:36 下午 cn.how2j.diytomcat.catalina.Context <init>
INFO : Deployment of web application directory /Users/ruthless/Downloads/大三下/diytomcat/b has finished in 0 ms
05 12, 2022 14:24:36 下午 cn.how2j.diytomcat.catalina.Context <init>
INFO : Deploying web application directory /Users/ruthless/Downloads/大三下/javaweb/web
05 12, 2022 14:24:36 下午 cn.how2j.diytomcat.catalina.Context <init>
INFO : Deployment of web application directory /Users/ruthless/Downloads/大三下/javaweb/web has finished in 11 ms
05 12, 2022 14:24:36 下午 cn.how2j.diytomcat.catalina.Server logJVM
INFO : Server version:		How2J DiyTomcat/1.0.1
05 12, 2022 14:24:36 下午 cn.how2j.diytomcat.catalina.Server logJVM
INFO : Server built:		2020-04-08 10:20:22
05 12, 2022 14:24:36 下午 cn.how2j.diytomcat.catalina.Server logJVM
INFO : Server number:		1.0.1
05 12, 2022 14:24:36 下午 cn.how2j.diytomcat.catalina.Server logJVM
INFO : OS Name	:		Mac OS X
05 12, 2022 14:24:36 下午 cn.how2j.diytomcat.catalina.Server logJVM
INFO : OS Version:		11.6.1
05 12, 2022 14:24:36 下午 cn.how2j.diytomcat.catalina.Server logJVM
INFO : Architecture:		aarch64
05 12, 2022 14:24:36 下午 cn.how2j.diytomcat.catalina.Server logJVM
INFO : Java Home:		/Library/Java/JavaVirtualMachines/zulu-8.jdk/Contents/Home/jre
05 12, 2022 14:24:36 下午 cn.how2j.diytomcat.catalina.Server logJVM
INFO : JVM Version:		1.8.0_312-b07
05 12, 2022 14:24:36 下午 cn.how2j.diytomcat.catalina.Server logJVM
INFO : JVM Vendor:		Oracle Corporation
05 12, 2022 14:24:36 下午 cn.how2j.diytomcat.catalina.Connector init
INFO : Initializing ProtocolHandler [http-bio-18080]
05 12, 2022 14:24:36 下午 cn.how2j.diytomcat.catalina.Connector init
INFO : Initializing ProtocolHandler [http-bio-18081]
05 12, 2022 14:24:36 下午 cn.how2j.diytomcat.catalina.Connector init
INFO : Initializing ProtocolHandler [http-bio-18082]
05 12, 2022 14:24:36 下午 cn.how2j.diytomcat.catalina.Service init
INFO : Initialization processed in 0 ms
05 12, 2022 14:24:36 下午 cn.how2j.diytomcat.catalina.Connector start
INFO : Starting ProtocolHandler [http-bio-18080]
05 12, 2022 14:24:36 下午 cn.how2j.diytomcat.catalina.Connector start
INFO : Starting ProtocolHandler [http-bio-18081]
05 12, 2022 14:24:36 下午 cn.how2j.diytomcat.catalina.Connector start
INFO : Starting ProtocolHandler [http-bio-18082]
05 12, 2022 14:24:36 下午 cn.how2j.diytomcat.catalina.Server start
INFO : Server startup in 2 ms
05 12, 2022 14:24:42 下午 cn.how2j.diytomcat.catalina.HttpProcessor error
ERROR: this is a deliberately created exception
java.lang.RuntimeException: this is a deliberately created exception
	at cn.how2j.diytomcat.servlets.DefaultServlet.service(DefaultServlet.java:44)
	at cn.how2j.diytomcat.catalina.HttpProcessor.execute(HttpProcessor.java:72)
	at cn.how2j.diytomcat.catalina.Connector$1.run(Connector.java:76)
	at java.util.concurrent.ThreadPoolExecutor.runWorker(ThreadPoolExecutor.java:1149)
	at java.util.concurrent.ThreadPoolExecutor$Worker.run(ThreadPoolExecutor.java:624)
	at java.lang.Thread.run(Thread.java:748)
05 12, 2022 14:36:26 下午 cn.how2j.diytomcat.watcher.ContextFileChangeWatcher$1 dealWith
INFO : cn.how2j.diytomcat.watcher.ContextFileChangeWatcher@4eca3664 检测到了Web应用下的重要文件变化 web.xml 
05 12, 2022 14:36:26 下午 cn.how2j.diytomcat.catalina.Host reload
INFO : Reloading Context with name [/javaweb] has started
05 12, 2022 14:36:26 下午 cn.how2j.diytomcat.catalina.Context <init>
INFO : Deploying web application directory /Users/ruthless/Downloads/大三下/javaweb/web
05 12, 2022 14:36:26 下午 cn.how2j.diytomcat.catalina.Context <init>
INFO : Deployment of web application directory /Users/ruthless/Downloads/大三下/javaweb/web has finished in 41 ms
05 12, 2022 14:36:26 下午 cn.how2j.diytomcat.catalina.Host reload
INFO : Reloading Context with name [/javaweb] has completed
05 12, 2022 14:45:08 下午 cn.how2j.diytomcat.catalina.Context <init>
INFO : Deploying web application directory /Users/ruthless/Downloads/大三下/diytomcat/webapps/j2ee
05 12, 2022 14:45:08 下午 cn.how2j.diytomcat.catalina.Context <init>
INFO : Deployment of web application directory /Users/ruthless/Downloads/大三下/diytomcat/webapps/j2ee has finished in 79 ms
05 12, 2022 14:45:08 下午 cn.how2j.diytomcat.catalina.Context <init>
INFO : Deploying web application directory /Users/ruthless/Downloads/大三下/diytomcat/webapps/a
05 12, 2022 14:45:08 下午 cn.how2j.diytomcat.catalina.Context <init>
INFO : Deployment of web application directory /Users/ruthless/Downloads/大三下/diytomcat/webapps/a has finished in 1 ms
05 12, 2022 14:45:08 下午 cn.how2j.diytomcat.catalina.Context <init>
INFO : Deploying web application directory /Users/ruthless/Downloads/大三下/diytomcat/webapps/ROOT
05 12, 2022 14:45:08 下午 cn.how2j.diytomcat.catalina.Context <init>
INFO : Deployment of web application directory /Users/ruthless/Downloads/大三下/diytomcat/webapps/ROOT has finished in 0 ms
05 12, 2022 14:45:08 下午 cn.how2j.diytomcat.catalina.Context <init>
INFO : Deploying web application directory /Users/ruthless/Downloads/大三下/diytomcat/b
05 12, 2022 14:45:08 下午 cn.how2j.diytomcat.catalina.Context <init>
INFO : Deployment of web application directory /Users/ruthless/Downloads/大三下/diytomcat/b has finished in 0 ms
05 12, 2022 14:45:08 下午 cn.how2j.diytomcat.catalina.Context <init>
INFO : Deploying web application directory /Users/ruthless/Downloads/大三下/javaweb/web
05 12, 2022 14:45:08 下午 cn.how2j.diytomcat.catalina.Context <init>
INFO : Deployment of web application directory /Users/ruthless/Downloads/大三下/javaweb/web has finished in 10 ms
05 12, 2022 14:45:08 下午 cn.how2j.diytomcat.catalina.Server logJVM
INFO : Server version:		How2J DiyTomcat/1.0.1
05 12, 2022 14:45:08 下午 cn.how2j.diytomcat.catalina.Server logJVM
INFO : Server built:		2020-04-08 10:20:22
05 12, 2022 14:45:08 下午 cn.how2j.diytomcat.catalina.Server logJVM
INFO : Server number:		1.0.1
05 12, 2022 14:45:08 下午 cn.how2j.diytomcat.catalina.Server logJVM
INFO : OS Name	:		Mac OS X
05 12, 2022 14:45:08 下午 cn.how2j.diytomcat.catalina.Server logJVM
INFO : OS Version:		11.6.1
05 12, 2022 14:45:08 下午 cn.how2j.diytomcat.catalina.Server logJVM
INFO : Architecture:		aarch64
05 12, 2022 14:45:08 下午 cn.how2j.diytomcat.catalina.Server logJVM
INFO : Java Home:		/Library/Java/JavaVirtualMachines/zulu-8.jdk/Contents/Home/jre
05 12, 2022 14:45:08 下午 cn.how2j.diytomcat.catalina.Server logJVM
INFO : JVM Version:		1.8.0_312-b07
05 12, 2022 14:45:08 下午 cn.how2j.diytomcat.catalina.Server logJVM
INFO : JVM Vendor:		Oracle Corporation
05 12, 2022 14:45:08 下午 cn.how2j.diytomcat.catalina.Connector init
INFO : Initializing ProtocolHandler [http-bio-18080]
05 12, 2022 14:45:08 下午 cn.how2j.diytomcat.catalina.Connector init
INFO : Initializing ProtocolHandler [http-bio-18081]
05 12, 2022 14:45:08 下午 cn.how2j.diytomcat.catalina.Connector init
INFO : Initializing ProtocolHandler [http-bio-18082]
05 12, 2022 14:45:08 下午 cn.how2j.diytomcat.catalina.Service init
INFO : Initialization processed in 0 ms
05 12, 2022 14:45:08 下午 cn.how2j.diytomcat.catalina.Connector start
INFO : Starting ProtocolHandler [http-bio-18080]
05 12, 2022 14:45:08 下午 cn.how2j.diytomcat.catalina.Connector start
INFO : Starting ProtocolHandler [http-bio-18081]
05 12, 2022 14:45:08 下午 cn.how2j.diytomcat.catalina.Connector start
INFO : Starting ProtocolHandler [http-bio-18082]
05 12, 2022 14:45:08 下午 cn.how2j.diytomcat.catalina.Server start
INFO : Server startup in 3 ms
05 12, 2022 14:45:12 下午 cn.how2j.diytomcat.catalina.HttpProcessor error
ERROR: this is a deliberately created exception
java.lang.RuntimeException: this is a deliberately created exception
	at cn.how2j.diytomcat.servlets.DefaultServlet.service(DefaultServlet.java:44)
	at cn.how2j.diytomcat.catalina.HttpProcessor.execute(HttpProcessor.java:70)
	at cn.how2j.diytomcat.catalina.Connector$1.run(Connector.java:76)
	at java.util.concurrent.ThreadPoolExecutor.runWorker(ThreadPoolExecutor.java:1149)
	at java.util.concurrent.ThreadPoolExecutor$Worker.run(ThreadPoolExecutor.java:624)
	at java.lang.Thread.run(Thread.java:748)
05 12, 2022 14:45:33 下午 cn.how2j.diytomcat.catalina.HttpProcessor error
ERROR: this is a deliberately created exception
java.lang.RuntimeException: this is a deliberately created exception
	at cn.how2j.diytomcat.servlets.DefaultServlet.service(DefaultServlet.java:44)
	at cn.how2j.diytomcat.catalina.HttpProcessor.execute(HttpProcessor.java:70)
	at cn.how2j.diytomcat.catalina.Connector$1.run(Connector.java:76)
	at java.util.concurrent.ThreadPoolExecutor.runWorker(ThreadPoolExecutor.java:1149)
	at java.util.concurrent.ThreadPoolExecutor$Worker.run(ThreadPoolExecutor.java:624)
	at java.lang.Thread.run(Thread.java:748)
05 12, 2022 15:59:06 下午 cn.how2j.diytomcat.watcher.ContextFileChangeWatcher$1 dealWith
INFO : cn.how2j.diytomcat.watcher.ContextFileChangeWatcher@1b635a3d 检测到了Web应用下的重要文件变化 web.xml 
05 12, 2022 15:59:06 下午 cn.how2j.diytomcat.catalina.Host reload
INFO : Reloading Context with name [/javaweb] has started
05 12, 2022 15:59:06 下午 cn.how2j.diytomcat.catalina.Context <init>
INFO : Deploying web application directory /Users/ruthless/Downloads/大三下/javaweb/web
05 12, 2022 15:59:06 下午 cn.how2j.diytomcat.catalina.Context <init>
INFO : Deployment of web application directory /Users/ruthless/Downloads/大三下/javaweb/web has finished in 9 ms
05 12, 2022 15:59:06 下午 cn.how2j.diytomcat.catalina.Host reload
INFO : Reloading Context with name [/javaweb] has completed
05 12, 2022 16:18:36 下午 cn.how2j.diytomcat.catalina.Context <init>
INFO : Deploying web application directory /Users/ruthless/Downloads/大三下/diytomcat/webapps/j2ee
05 12, 2022 16:18:36 下午 cn.how2j.diytomcat.catalina.Context <init>
INFO : Deployment of web application directory /Users/ruthless/Downloads/大三下/diytomcat/webapps/j2ee has finished in 67 ms
05 12, 2022 16:18:36 下午 cn.how2j.diytomcat.catalina.Context <init>
INFO : Deploying web application directory /Users/ruthless/Downloads/大三下/diytomcat/webapps/a
05 12, 2022 16:18:36 下午 cn.how2j.diytomcat.catalina.Context <init>
INFO : Deployment of web application directory /Users/ruthless/Downloads/大三下/diytomcat/webapps/a has finished in 1 ms
05 12, 2022 16:18:36 下午 cn.how2j.diytomcat.catalina.Context <init>
INFO : Deploying web application directory /Users/ruthless/Downloads/大三下/diytomcat/webapps/ROOT
05 12, 2022 16:18:36 下午 cn.how2j.diytomcat.catalina.Context <init>
INFO : Deployment of web application directory /Users/ruthless/Downloads/大三下/diytomcat/webapps/ROOT has finished in 0 ms
05 12, 2022 16:18:36 下午 cn.how2j.diytomcat.catalina.Context <init>
INFO : Deploying web application directory /Users/ruthless/Downloads/大三下/diytomcat/b
05 12, 2022 16:18:36 下午 cn.how2j.diytomcat.catalina.Context <init>
INFO : Deployment of web application directory /Users/ruthless/Downloads/大三下/diytomcat/b has finished in 0 ms
05 12, 2022 16:18:36 下午 cn.how2j.diytomcat.catalina.Context <init>
INFO : Deploying web application directory /Users/ruthless/Downloads/大三下/javaweb/web
05 12, 2022 16:18:36 下午 cn.how2j.diytomcat.catalina.Context <init>
INFO : Deployment of web application directory /Users/ruthless/Downloads/大三下/javaweb/web has finished in 10 ms
05 12, 2022 16:18:36 下午 cn.how2j.diytomcat.catalina.Server logJVM
INFO : Server version:		How2J DiyTomcat/1.0.1
05 12, 2022 16:18:36 下午 cn.how2j.diytomcat.catalina.Server logJVM
INFO : Server built:		2020-04-08 10:20:22
05 12, 2022 16:18:36 下午 cn.how2j.diytomcat.catalina.Server logJVM
INFO : Server number:		1.0.1
05 12, 2022 16:18:36 下午 cn.how2j.diytomcat.catalina.Server logJVM
INFO : OS Name	:		Mac OS X
05 12, 2022 16:18:36 下午 cn.how2j.diytomcat.catalina.Server logJVM
INFO : OS Version:		11.6.1
05 12, 2022 16:18:36 下午 cn.how2j.diytomcat.catalina.Server logJVM
INFO : Architecture:		aarch64
05 12, 2022 16:18:36 下午 cn.how2j.diytomcat.catalina.Server logJVM
INFO : Java Home:		/Library/Java/JavaVirtualMachines/zulu-8.jdk/Contents/Home/jre
05 12, 2022 16:18:36 下午 cn.how2j.diytomcat.catalina.Server logJVM
INFO : JVM Version:		1.8.0_312-b07
05 12, 2022 16:18:36 下午 cn.how2j.diytomcat.catalina.Server logJVM
INFO : JVM Vendor:		Oracle Corporation
05 12, 2022 16:18:36 下午 cn.how2j.diytomcat.catalina.Connector init
INFO : Initializing ProtocolHandler [http-bio-18080]
05 12, 2022 16:18:36 下午 cn.how2j.diytomcat.catalina.Connector init
INFO : Initializing ProtocolHandler [http-bio-18081]
05 12, 2022 16:18:36 下午 cn.how2j.diytomcat.catalina.Connector init
INFO : Initializing ProtocolHandler [http-bio-18082]
05 12, 2022 16:18:36 下午 cn.how2j.diytomcat.catalina.Service init
INFO : Initialization processed in 1 ms
05 12, 2022 16:18:36 下午 cn.how2j.diytomcat.catalina.Connector start
INFO : Starting ProtocolHandler [http-bio-18080]
05 12, 2022 16:18:36 下午 cn.how2j.diytomcat.catalina.Connector start
INFO : Starting ProtocolHandler [http-bio-18081]
05 12, 2022 16:18:36 下午 cn.how2j.diytomcat.catalina.Connector start
INFO : Starting ProtocolHandler [http-bio-18082]
05 12, 2022 16:18:36 下午 cn.how2j.diytomcat.catalina.Server start
INFO : Server startup in 4 ms
05 12, 2022 16:18:41 下午 cn.how2j.diytomcat.catalina.HttpProcessor error
ERROR: this is a deliberately created exception
java.lang.RuntimeException: this is a deliberately created exception
	at cn.how2j.diytomcat.servlets.DefaultServlet.service(DefaultServlet.java:44)
	at cn.how2j.diytomcat.catalina.HttpProcessor.execute(HttpProcessor.java:70)
	at cn.how2j.diytomcat.catalina.Connector$1.run(Connector.java:76)
	at java.util.concurrent.ThreadPoolExecutor.runWorker(ThreadPoolExecutor.java:1149)
	at java.util.concurrent.ThreadPoolExecutor$Worker.run(ThreadPoolExecutor.java:624)
	at java.lang.Thread.run(Thread.java:748)
05 12, 2022 16:18:46 下午 cn.how2j.diytomcat.watcher.ContextFileChangeWatcher$1 dealWith
INFO : cn.how2j.diytomcat.watcher.ContextFileChangeWatcher@1b635a3d 检测到了Web应用下的重要文件变化 ServerJumpServlet.class 
05 12, 2022 16:18:46 下午 cn.how2j.diytomcat.catalina.Host reload
INFO : Reloading Context with name [/javaweb] has started
05 12, 2022 16:18:46 下午 cn.how2j.diytomcat.catalina.Context <init>
INFO : Deploying web application directory /Users/ruthless/Downloads/大三下/javaweb/web
05 12, 2022 16:18:46 下午 cn.how2j.diytomcat.catalina.Context <init>
INFO : Deployment of web application directory /Users/ruthless/Downloads/大三下/javaweb/web has finished in 4 ms
05 12, 2022 16:18:46 下午 cn.how2j.diytomcat.catalina.Host reload
INFO : Reloading Context with name [/javaweb] has completed
05 12, 2022 16:26:14 下午 cn.how2j.diytomcat.catalina.Context <init>
INFO : Deploying web application directory /Users/ruthless/Downloads/大三下/diytomcat/webapps/j2ee
05 12, 2022 16:26:14 下午 cn.how2j.diytomcat.catalina.Context <init>
INFO : Deployment of web application directory /Users/ruthless/Downloads/大三下/diytomcat/webapps/j2ee has finished in 99 ms
05 12, 2022 16:26:14 下午 cn.how2j.diytomcat.catalina.Context <init>
INFO : Deploying web application directory /Users/ruthless/Downloads/大三下/diytomcat/webapps/a
05 12, 2022 16:26:14 下午 cn.how2j.diytomcat.catalina.Context <init>
INFO : Deployment of web application directory /Users/ruthless/Downloads/大三下/diytomcat/webapps/a has finished in 1 ms
05 12, 2022 16:26:14 下午 cn.how2j.diytomcat.catalina.Context <init>
INFO : Deploying web application directory /Users/ruthless/Downloads/大三下/diytomcat/webapps/ROOT
05 12, 2022 16:26:14 下午 cn.how2j.diytomcat.catalina.Context <init>
INFO : Deployment of web application directory /Users/ruthless/Downloads/大三下/diytomcat/webapps/ROOT has finished in 1 ms
05 12, 2022 16:26:14 下午 cn.how2j.diytomcat.catalina.Context <init>
INFO : Deploying web application directory /Users/ruthless/Downloads/大三下/diytomcat/b
05 12, 2022 16:26:14 下午 cn.how2j.diytomcat.catalina.Context <init>
INFO : Deployment of web application directory /Users/ruthless/Downloads/大三下/diytomcat/b has finished in 0 ms
05 12, 2022 16:26:14 下午 cn.how2j.diytomcat.catalina.Context <init>
INFO : Deploying web application directory /Users/ruthless/Downloads/大三下/javaweb/web
05 12, 2022 16:26:14 下午 cn.how2j.diytomcat.catalina.Context <init>
INFO : Deployment of web application directory /Users/ruthless/Downloads/大三下/javaweb/web has finished in 17 ms
05 12, 2022 16:26:14 下午 cn.how2j.diytomcat.catalina.Server logJVM
INFO : Server version:		How2J DiyTomcat/1.0.1
05 12, 2022 16:26:14 下午 cn.how2j.diytomcat.catalina.Server logJVM
INFO : Server built:		2020-04-08 10:20:22
05 12, 2022 16:26:14 下午 cn.how2j.diytomcat.catalina.Server logJVM
INFO : Server number:		1.0.1
05 12, 2022 16:26:14 下午 cn.how2j.diytomcat.catalina.Server logJVM
INFO : OS Name	:		Mac OS X
05 12, 2022 16:26:14 下午 cn.how2j.diytomcat.catalina.Server logJVM
INFO : OS Version:		11.6.1
05 12, 2022 16:26:14 下午 cn.how2j.diytomcat.catalina.Server logJVM
INFO : Architecture:		aarch64
05 12, 2022 16:26:14 下午 cn.how2j.diytomcat.catalina.Server logJVM
INFO : Java Home:		/Library/Java/JavaVirtualMachines/zulu-8.jdk/Contents/Home/jre
05 12, 2022 16:26:14 下午 cn.how2j.diytomcat.catalina.Server logJVM
INFO : JVM Version:		1.8.0_312-b07
05 12, 2022 16:26:14 下午 cn.how2j.diytomcat.catalina.Server logJVM
INFO : JVM Vendor:		Oracle Corporation
05 12, 2022 16:26:14 下午 cn.how2j.diytomcat.catalina.Connector init
INFO : Initializing ProtocolHandler [http-bio-18080]
05 12, 2022 16:26:14 下午 cn.how2j.diytomcat.catalina.Connector init
INFO : Initializing ProtocolHandler [http-bio-18081]
05 12, 2022 16:26:14 下午 cn.how2j.diytomcat.catalina.Connector init
INFO : Initializing ProtocolHandler [http-bio-18082]
05 12, 2022 16:26:14 下午 cn.how2j.diytomcat.catalina.Service init
INFO : Initialization processed in 0 ms
05 12, 2022 16:26:14 下午 cn.how2j.diytomcat.catalina.Connector start
INFO : Starting ProtocolHandler [http-bio-18080]
05 12, 2022 16:26:14 下午 cn.how2j.diytomcat.catalina.Connector start
INFO : Starting ProtocolHandler [http-bio-18081]
05 12, 2022 16:26:14 下午 cn.how2j.diytomcat.catalina.Connector start
INFO : Starting ProtocolHandler [http-bio-18082]
05 12, 2022 16:26:14 下午 cn.how2j.diytomcat.catalina.Server start
INFO : Server startup in 7 ms
05 12, 2022 16:26:18 下午 cn.how2j.diytomcat.catalina.HttpProcessor error
ERROR: this is a deliberately created exception
java.lang.RuntimeException: this is a deliberately created exception
	at cn.how2j.diytomcat.servlets.DefaultServlet.service(DefaultServlet.java:44)
	at cn.how2j.diytomcat.catalina.HttpProcessor.execute(HttpProcessor.java:70)
	at cn.how2j.diytomcat.catalina.Connector$1.run(Connector.java:76)
	at java.util.concurrent.ThreadPoolExecutor.runWorker(ThreadPoolExecutor.java:1149)
	at java.util.concurrent.ThreadPoolExecutor$Worker.run(ThreadPoolExecutor.java:624)
	at java.lang.Thread.run(Thread.java:748)
05 12, 2022 16:26:24 下午 cn.how2j.diytomcat.watcher.ContextFileChangeWatcher$1 dealWith
INFO : cn.how2j.diytomcat.watcher.ContextFileChangeWatcher@19053439 检测到了Web应用下的重要文件变化 ServerJumpServlet.class 
05 12, 2022 16:26:24 下午 cn.how2j.diytomcat.catalina.Host reload
INFO : Reloading Context with name [/javaweb] has started
05 12, 2022 16:26:24 下午 cn.how2j.diytomcat.catalina.Context <init>
INFO : Deploying web application directory /Users/ruthless/Downloads/大三下/javaweb/web
05 12, 2022 16:26:24 下午 cn.how2j.diytomcat.catalina.Context <init>
INFO : Deployment of web application directory /Users/ruthless/Downloads/大三下/javaweb/web has finished in 8 ms
05 12, 2022 16:26:24 下午 cn.how2j.diytomcat.catalina.Host reload
INFO : Reloading Context with name [/javaweb] has completed
